
Starting simulation with random seed = 1432542643688

STEP RESUME
----------------------------
Step: 501
fnorm_average = 21.08
fNonorm_average = 8.76
fitness normalized for norm 1 = 21.08
fitness normalized for norm 2 = 8.76
Previous proportion norm 1 = 50.0
Previous proportion norm 2 = 50.0
New proportion fnorm 1 70.64343
New proportion fnorm 2 29.35657
Real Proportions... norm (N1) = 72 norm (No norm) = 28
equilibrium = 0

STEP RESUME
----------------------------
Step: 1001
fnorm_average = 16.77381
fNonorm_average = 6.928571
fitness normalized for norm 1 = 16.77381
fitness normalized for norm 2 = 6.928571
Previous proportion norm 1 = 72.0
Previous proportion norm 2 = 28.0
New proportion fnorm 1 86.159805
New proportion fnorm 2 13.840196
Real Proportions... norm (N1) = 89 norm (No norm) = 11
equilibrium = 0

STEP RESUME
----------------------------
Step: 1501
fnorm_average = 7.2461696
fNonorm_average = 1.4545455
fitness normalized for norm 1 = 7.2461696
fitness normalized for norm 2 = 1.4545455
Previous proportion norm 1 = 89.0
Previous proportion norm 2 = 11.0
New proportion fnorm 1 97.579094
New proportion fnorm 2 2.4209077
Real Proportions... norm (N1) = 99 norm (No norm) = 1
equilibrium = 0

STEP RESUME
----------------------------
Step: 2001
fnorm_average = 16.868687
fNonorm_average = 6.0
fitness normalized for norm 1 = 16.868687
fitness normalized for norm 2 = 6.0
Previous proportion norm 1 = 99.0
Previous proportion norm 2 = 1.0
New proportion fnorm 1 99.642006
New proportion fnorm 2 0.35799524
Real Proportions... norm (N1) = 100 norm () = 0
equilibrium = 0
End of simulation
