
Starting simulation with random seed = 1432542653693

STEP RESUME
----------------------------
Step: 501
fnorm_average = 17.119999
fNonorm_average = 6.5
fitness normalized for norm 1 = 17.119999
fitness normalized for norm 2 = 6.5
Previous proportion norm 1 = 50.0
Previous proportion norm 2 = 50.0
New proportion fnorm 1 72.48094
New proportion fnorm 2 27.51905
Real Proportions... norm (N1) = 70 norm (No norm) = 30
equilibrium = 0

STEP RESUME
----------------------------
Step: 1001
fnorm_average = 10.476191
fNonorm_average = 3.3666666
fitness normalized for norm 1 = 10.476191
fitness normalized for norm 2 = 3.3666666
Previous proportion norm 1 = 70.0
Previous proportion norm 2 = 30.0
New proportion fnorm 1 87.89453
New proportion fnorm 2 12.1054735
Real Proportions... norm (N1) = 88 norm (No norm) = 12
equilibrium = 0

STEP RESUME
----------------------------
Step: 1501
fnorm_average = 9.825757
fNonorm_average = 2.8333333
fitness normalized for norm 1 = 9.825757
fitness normalized for norm 2 = 2.8333333
Previous proportion norm 1 = 88.0
Previous proportion norm 2 = 12.0
New proportion fnorm 1 96.21662
New proportion fnorm 2 3.783383
Real Proportions... norm (N1) = 98 norm (No norm) = 2
equilibrium = 0

STEP RESUME
----------------------------
Step: 2001
fnorm_average = 6.887755
fNonorm_average = 1.0
fitness normalized for norm 1 = 6.887755
fitness normalized for norm 2 = 1.0
Previous proportion norm 1 = 98.0
Previous proportion norm 2 = 2.0
New proportion fnorm 1 99.70458
New proportion fnorm 2 0.29542097
Real Proportions... norm (N1) = 95 norm (No norm) = 5
equilibrium = 0

STEP RESUME
----------------------------
Step: 2501
fnorm_average = 8.589474
fNonorm_average = 2.0
fitness normalized for norm 1 = 8.589474
fitness normalized for norm 2 = 2.0
Previous proportion norm 1 = 95.0
Previous proportion norm 2 = 5.0
New proportion fnorm 1 98.789345
New proportion fnorm 2 1.2106538
Real Proportions... norm (N1) = 99 norm (No norm) = 1
equilibrium = 0

STEP RESUME
----------------------------
Step: 3001
fnorm_average = 5.010101
fNonorm_average = 5.0
fitness normalized for norm 1 = 5.010101
fitness normalized for norm 2 = 5.0
Previous proportion norm 1 = 99.0
Previous proportion norm 2 = 1.0
New proportion fnorm 1 99.002
New proportion fnorm 2 0.9980041
Real Proportions... norm (N1) = 97 norm (No norm) = 3
equilibrium = 0

STEP RESUME
----------------------------
Step: 3501
fnorm_average = 14.013744
fNonorm_average = 4.6666665
fitness normalized for norm 1 = 14.013744
fitness normalized for norm 2 = 4.6666665
Previous proportion norm 1 = 97.0
Previous proportion norm 2 = 3.0
New proportion fnorm 1 98.98058
New proportion fnorm 2 1.0194175
Real Proportions... norm (N1) = 98 norm (No norm) = 2
equilibrium = 0

STEP RESUME
----------------------------
Step: 4001
fnorm_average = 4.9489794
fNonorm_average = 2.0
fitness normalized for norm 1 = 4.9489794
fitness normalized for norm 2 = 2.0
Previous proportion norm 1 = 98.0
Previous proportion norm 2 = 2.0
New proportion fnorm 1 99.18201
New proportion fnorm 2 0.81799597
Real Proportions... norm (N1) = 100 norm () = 0
equilibrium = 0
End of simulation
