
Starting simulation with random seed = 1432542566875

STEP RESUME
----------------------------
Step: 501
fnorm_average = 15.64
fNonorm_average = 5.92
fitness normalized for norm 1 = 15.64
fitness normalized for norm 2 = 5.92
Previous proportion norm 1 = 50.0
Previous proportion norm 2 = 50.0
New proportion fnorm 1 72.54174
New proportion fnorm 2 27.458256
Real Proportions... norm (N1) = 71 norm (No norm) = 29
equilibrium = 0

STEP RESUME
----------------------------
Step: 1001
fnorm_average = 7.9742594
fNonorm_average = 2.275862
fitness normalized for norm 1 = 7.9742594
fitness normalized for norm 2 = 2.275862
Previous proportion norm 1 = 71.0
Previous proportion norm 2 = 29.0
New proportion fnorm 1 89.559814
New proportion fnorm 2 10.440189
Real Proportions... norm (N1) = 91 norm (No norm) = 9
equilibrium = 0

STEP RESUME
----------------------------
Step: 1501
fnorm_average = 5.1062274
fNonorm_average = 0.33333334
fitness normalized for norm 1 = 5.1062274
fitness normalized for norm 2 = 0.33333334
Previous proportion norm 1 = 91.0
Previous proportion norm 2 = 9.0
New proportion fnorm 1 99.35852
New proportion fnorm 2 0.64148253
Real Proportions... norm (N1) = 99 norm (No norm) = 1
equilibrium = 0

STEP RESUME
----------------------------
Step: 2001
fnorm_average = 6.949495
fNonorm_average = 1.0
fitness normalized for norm 1 = 6.949495
fitness normalized for norm 2 = 1.0
Previous proportion norm 1 = 99.0
Previous proportion norm 2 = 1.0
New proportion fnorm 1 99.854866
New proportion fnorm 2 0.14513788
Real Proportions... norm (N1) = 99 norm (No norm) = 1
equilibrium = 1

STEP RESUME
----------------------------
Step: 2501
fnorm_average = 6.929293
fNonorm_average = 1.0
fitness normalized for norm 1 = 6.929293
fitness normalized for norm 2 = 1.0
Previous proportion norm 1 = 99.0
Previous proportion norm 2 = 1.0
New proportion fnorm 1 99.85444
New proportion fnorm 2 0.14556041
Real Proportions... norm (N1) = 99 norm (No norm) = 1
equilibrium = 2

STEP RESUME
----------------------------
Step: 3001
fnorm_average = 18.878788
fNonorm_average = 7.0
fitness normalized for norm 1 = 18.878788
fitness normalized for norm 2 = 7.0
Previous proportion norm 1 = 99.0
Previous proportion norm 2 = 1.0
New proportion fnorm 1 99.62686
New proportion fnorm 2 0.37313432
Real Proportions... norm (N1) = 100 norm () = 0
equilibrium = 0
End of simulation
