
Starting simulation with random seed = 1432542555296

STEP RESUME
----------------------------
Step: 501
fnorm_average = 16.92
fNonorm_average = 6.68
fitness normalized for norm 1 = 16.92
fitness normalized for norm 2 = 6.68
Previous proportion norm 1 = 50.0
Previous proportion norm 2 = 50.0
New proportion fnorm 1 71.694916
New proportion fnorm 2 28.305084
Real Proportions... norm (N1) = 74 norm (No norm) = 26
equilibrium = 0

STEP RESUME
----------------------------
Step: 1001
fnorm_average = 3.9844077
fNonorm_average = 0.26923078
fitness normalized for norm 1 = 3.9844077
fitness normalized for norm 2 = 0.26923078
Previous proportion norm 1 = 74.0
Previous proportion norm 2 = 26.0
New proportion fnorm 1 97.68094
New proportion fnorm 2 2.3190622
Real Proportions... norm (N1) = 98 norm (No norm) = 2
equilibrium = 0

STEP RESUME
----------------------------
Step: 1501
fnorm_average = 18.877552
fNonorm_average = 7.0
fitness normalized for norm 1 = 18.877552
fitness normalized for norm 2 = 7.0
Previous proportion norm 1 = 98.0
Previous proportion norm 2 = 2.0
New proportion fnorm 1 99.248924
New proportion fnorm 2 0.7510729
Real Proportions... norm (N1) = 99 norm (No norm) = 1
equilibrium = 0

STEP RESUME
----------------------------
Step: 2001
fnorm_average = 6.939394
fNonorm_average = 1.0
fitness normalized for norm 1 = 6.939394
fitness normalized for norm 2 = 1.0
Previous proportion norm 1 = 99.0
Previous proportion norm 2 = 1.0
New proportion fnorm 1 99.85465
New proportion fnorm 2 0.14534883
Real Proportions... norm (N1) = 99 norm (No norm) = 1
equilibrium = 1

STEP RESUME
----------------------------
Step: 2501
fnorm_average = 5.0
fNonorm_average = 5.0
fitness normalized for norm 1 = 5.0
fitness normalized for norm 2 = 5.0
Previous proportion norm 1 = 99.0
Previous proportion norm 2 = 1.0
New proportion fnorm 1 99.0
New proportion fnorm 2 1.0
Real Proportions... norm (N1) = 99 norm (No norm) = 1
equilibrium = 2

STEP RESUME
----------------------------
Step: 3001
fnorm_average = 6.939394
fNonorm_average = 1.0
fitness normalized for norm 1 = 6.939394
fitness normalized for norm 2 = 1.0
Previous proportion norm 1 = 99.0
Previous proportion norm 2 = 1.0
New proportion fnorm 1 99.85465
New proportion fnorm 2 0.14534883
Real Proportions... norm (N1) = 99 norm (No norm) = 1
equilibrium = 3
End of simulation
