
Starting simulation with random seed = 1432555558096

STEP RESUME
----------------------------
Step: 501
fnorm_average = 3.7333333
fNonorm_average = 2.290909
fitness normalized for norm 1 = 3.7333333
fitness normalized for norm 2 = 2.290909
Previous proportion norm 1 = 45.0
Previous proportion norm 2 = 55.0
New proportion fnorm 1 57.14286
New proportion fnorm 2 42.857143
Real Proportions... norm (N1) = 60 norm (N2) = 40
equilibrium = 0

STEP RESUME
----------------------------
Step: 1001
fnorm_average = 3.4333334
fNonorm_average = 1.475
fitness normalized for norm 1 = 3.4333334
fitness normalized for norm 2 = 1.475
Previous proportion norm 1 = 60.0
Previous proportion norm 2 = 40.0
New proportion fnorm 1 77.73585
New proportion fnorm 2 22.26415
Real Proportions... norm (N1) = 77 norm (N2) = 23
equilibrium = 0

STEP RESUME
----------------------------
Step: 1501
fnorm_average = 8.910785
fNonorm_average = 3.6956522
fitness normalized for norm 1 = 8.910785
fitness normalized for norm 2 = 3.6956522
Previous proportion norm 1 = 77.0
Previous proportion norm 2 = 23.0
New proportion fnorm 1 88.97723
New proportion fnorm 2 11.0227785
Real Proportions... norm (N1) = 85 norm (N2) = 15
equilibrium = 0

STEP RESUME
----------------------------
Step: 2001
fnorm_average = 4.980392
fNonorm_average = 0.6666667
fitness normalized for norm 1 = 4.980392
fitness normalized for norm 2 = 0.6666667
Previous proportion norm 1 = 85.0
Previous proportion norm 2 = 15.0
New proportion fnorm 1 97.69231
New proportion fnorm 2 2.3076923
Real Proportions... norm (N1) = 95 norm (N2) = 5
equilibrium = 0

STEP RESUME
----------------------------
Step: 2501
fnorm_average = 9.136842
fNonorm_average = 2.8
fitness normalized for norm 1 = 9.136842
fitness normalized for norm 2 = 2.8
Previous proportion norm 1 = 95.0
Previous proportion norm 2 = 5.0
New proportion fnorm 1 98.4127
New proportion fnorm 2 1.5873017
Real Proportions... norm (N1) = 96 norm (N2) = 4
equilibrium = 0

STEP RESUME
----------------------------
Step: 3001
fnorm_average = 4.7916665
fNonorm_average = 0.75
fitness normalized for norm 1 = 4.7916665
fitness normalized for norm 2 = 0.75
Previous proportion norm 1 = 96.0
Previous proportion norm 2 = 4.0
New proportion fnorm 1 99.35205
New proportion fnorm 2 0.64794815
Real Proportions... norm (N1) = 98 norm (N2) = 2
equilibrium = 0

STEP RESUME
----------------------------
Step: 3501
fnorm_average = 15.642857
fNonorm_average = 5.5
fitness normalized for norm 1 = 15.642857
fitness normalized for norm 2 = 5.5
Previous proportion norm 1 = 98.0
Previous proportion norm 2 = 2.0
New proportion fnorm 1 99.28757
New proportion fnorm 2 0.71243525
Real Proportions... norm (N1) = 100 norm () = 0
equilibrium = 0
End of simulation
