
Starting simulation with random seed = 1432555610717

STEP RESUME
----------------------------
Step: 501
fnorm_average = 3.1777778
fNonorm_average = 1.5818182
fitness normalized for norm 1 = 3.1777778
fitness normalized for norm 2 = 1.5818182
Previous proportion norm 1 = 45.0
Previous proportion norm 2 = 55.0
New proportion fnorm 1 62.173916
New proportion fnorm 2 37.826088
Real Proportions... norm (N1) = 61 norm (N2) = 39
equilibrium = 0

STEP RESUME
----------------------------
Step: 1001
fnorm_average = 1.1147541
fNonorm_average = 0.20512821
fitness normalized for norm 1 = 1.1147541
fitness normalized for norm 2 = 0.20512821
Previous proportion norm 1 = 61.0
Previous proportion norm 2 = 39.0
New proportion fnorm 1 89.47369
New proportion fnorm 2 10.526316
Real Proportions... norm (N1) = 83 norm (N2) = 17
equilibrium = 0

STEP RESUME
----------------------------
Step: 1501
fnorm_average = 11.956768
fNonorm_average = 4.647059
fitness normalized for norm 1 = 11.956768
fitness normalized for norm 2 = 4.647059
Previous proportion norm 1 = 83.0
Previous proportion norm 2 = 17.0
New proportion fnorm 1 92.62656
New proportion fnorm 2 7.3734493
Real Proportions... norm (N1) = 91 norm (N2) = 9
equilibrium = 0

STEP RESUME
----------------------------
Step: 2001
fnorm_average = 9.445665
fNonorm_average = 2.7777777
fitness normalized for norm 1 = 9.445665
fitness normalized for norm 2 = 2.7777777
Previous proportion norm 1 = 91.0
Previous proportion norm 2 = 9.0
New proportion fnorm 1 97.17372
New proportion fnorm 2 2.8262782
Real Proportions... norm (N1) = 99 norm (N2) = 1
equilibrium = 0

STEP RESUME
----------------------------
Step: 2501
fnorm_average = 4.949495
fNonorm_average = 5.0
fitness normalized for norm 1 = 4.949495
fitness normalized for norm 2 = 5.0
Previous proportion norm 1 = 99.0
Previous proportion norm 2 = 1.0
New proportion fnorm 1 98.9899
New proportion fnorm 2 1.010101
Real Proportions... norm (N1) = 97 norm (N2) = 3
equilibrium = 0

STEP RESUME
----------------------------
Step: 3001
fnorm_average = 22.536083
fNonorm_average = 9.0
fitness normalized for norm 1 = 22.536083
fitness normalized for norm 2 = 9.0
Previous proportion norm 1 = 97.0
Previous proportion norm 2 = 3.0
New proportion fnorm 1 98.77994
New proportion fnorm 2 1.2200633
Real Proportions... norm (N1) = 99 norm (N2) = 1
equilibrium = 0

STEP RESUME
----------------------------
Step: 3501
fnorm_average = 14.808081
fNonorm_average = 5.0
fitness normalized for norm 1 = 14.808081
fitness normalized for norm 2 = 5.0
Previous proportion norm 1 = 99.0
Previous proportion norm 2 = 1.0
New proportion fnorm 1 99.660095
New proportion fnorm 2 0.33990481
Real Proportions... norm (N1) = 99 norm (N2) = 1
equilibrium = 1

STEP RESUME
----------------------------
Step: 4001
fnorm_average = 4.8686867
fNonorm_average = 3.0
fitness normalized for norm 1 = 4.8686867
fitness normalized for norm 2 = 3.0
Previous proportion norm 1 = 99.0
Previous proportion norm 2 = 1.0
New proportion fnorm 1 99.38144
New proportion fnorm 2 0.61855674
Real Proportions... norm (N1) = 99 norm (N2) = 1
equilibrium = 2

STEP RESUME
----------------------------
Step: 4501
fnorm_average = 20.848484
fNonorm_average = 8.0
fitness normalized for norm 1 = 20.848484
fitness normalized for norm 2 = 8.0
Previous proportion norm 1 = 99.0
Previous proportion norm 2 = 1.0
New proportion fnorm 1 99.6139
New proportion fnorm 2 0.38610038
Real Proportions... norm (N1) = 99 norm (N2) = 1
equilibrium = 3
End of simulation
