
Starting simulation with random seed = 1432555625284

STEP RESUME
----------------------------
Step: 501
fnorm_average = 2.5777779
fNonorm_average = 1.9818182
fitness normalized for norm 1 = 2.5777779
fitness normalized for norm 2 = 1.9818182
Previous proportion norm 1 = 45.0
Previous proportion norm 2 = 55.0
New proportion fnorm 1 51.555557
New proportion fnorm 2 48.444443
Real Proportions... norm (N1) = 55 norm (N2) = 45
equilibrium = 0

STEP RESUME
----------------------------
Step: 1001
fnorm_average = 2.3252528
fNonorm_average = 2.0444446
fitness normalized for norm 1 = 2.3252528
fitness normalized for norm 2 = 2.0444446
Previous proportion norm 1 = 55.0
Previous proportion norm 2 = 45.0
New proportion fnorm 1 58.160686
New proportion fnorm 2 41.83931
Real Proportions... norm (N1) = 62 norm (N2) = 38
equilibrium = 0

STEP RESUME
----------------------------
Step: 1501
fnorm_average = 1.803905
fNonorm_average = 0.68421054
fitness normalized for norm 1 = 1.803905
fitness normalized for norm 2 = 0.68421054
Previous proportion norm 1 = 62.0
Previous proportion norm 2 = 38.0
New proportion fnorm 1 81.13784
New proportion fnorm 2 18.862162
Real Proportions... norm (N1) = 77 norm (N2) = 23
equilibrium = 0

STEP RESUME
----------------------------
Step: 2001
fnorm_average = 3.3032184
fNonorm_average = 0.5217391
fitness normalized for norm 1 = 3.3032184
fitness normalized for norm 2 = 0.5217391
Previous proportion norm 1 = 77.0
Previous proportion norm 2 = 23.0
New proportion fnorm 1 95.49461
New proportion fnorm 2 4.5053873
Real Proportions... norm (N1) = 94 norm (N2) = 6
equilibrium = 0

STEP RESUME
----------------------------
Step: 2501
fnorm_average = 4.3297873
fNonorm_average = 0.6666667
fitness normalized for norm 1 = 4.3297873
fitness normalized for norm 2 = 0.6666667
Previous proportion norm 1 = 94.0
Previous proportion norm 2 = 6.0
New proportion fnorm 1 99.026764
New proportion fnorm 2 0.973236
Real Proportions... norm (N1) = 98 norm (N2) = 2
equilibrium = 0

STEP RESUME
----------------------------
Step: 3001
fnorm_average = 4.632653
fNonorm_average = 1.0
fitness normalized for norm 1 = 4.632653
fitness normalized for norm 2 = 1.0
Previous proportion norm 1 = 98.0
Previous proportion norm 2 = 2.0
New proportion fnorm 1 99.5614
New proportion fnorm 2 0.43859646
Real Proportions... norm (N1) = 99 norm (N2) = 1
equilibrium = 0

STEP RESUME
----------------------------
Step: 3501
fnorm_average = 6.949495
fNonorm_average = 1.0
fitness normalized for norm 1 = 6.949495
fitness normalized for norm 2 = 1.0
Previous proportion norm 1 = 99.0
Previous proportion norm 2 = 1.0
New proportion fnorm 1 99.854866
New proportion fnorm 2 0.14513788
Real Proportions... norm (N1) = 98 norm (N2) = 2
equilibrium = 0

STEP RESUME
----------------------------
Step: 4001
fnorm_average = 9.591837
fNonorm_average = 2.5
fitness normalized for norm 1 = 9.591837
fitness normalized for norm 2 = 2.5
Previous proportion norm 1 = 98.0
Previous proportion norm 2 = 2.0
New proportion fnorm 1 99.4709
New proportion fnorm 2 0.52910054
Real Proportions... norm (N1) = 99 norm (N2) = 1
equilibrium = 0

STEP RESUME
----------------------------
Step: 4501
fnorm_average = 4.858586
fNonorm_average = 4.0
fitness normalized for norm 1 = 4.858586
fitness normalized for norm 2 = 4.0
Previous proportion norm 1 = 99.0
Previous proportion norm 2 = 1.0
New proportion fnorm 1 99.175255
New proportion fnorm 2 0.8247423
Real Proportions... norm (N1) = 99 norm (N2) = 1
equilibrium = 1

STEP RESUME
----------------------------
Step: 5001
fnorm_average = 10.787879
fNonorm_average = 3.0
fitness normalized for norm 1 = 10.787879
fitness normalized for norm 2 = 3.0
Previous proportion norm 1 = 99.0
Previous proportion norm 2 = 1.0
New proportion fnorm 1 99.71989
New proportion fnorm 2 0.28011206
Real Proportions... norm (N1) = 100 norm () = 0
equilibrium = 0
End of simulation
