
Starting simulation with random seed = 1432555537561

STEP RESUME
----------------------------
Step: 501
fnorm_average = 2.8222222
fNonorm_average = 1.9272727
fitness normalized for norm 1 = 2.8222222
fitness normalized for norm 2 = 1.9272727
Previous proportion norm 1 = 45.0
Previous proportion norm 2 = 55.0
New proportion fnorm 1 54.50644
New proportion fnorm 2 45.49356
Real Proportions... norm (N1) = 58 norm (N2) = 42
equilibrium = 0

STEP RESUME
----------------------------
Step: 1001
fnorm_average = 3.633005
fNonorm_average = 0.9285714
fitness normalized for norm 1 = 3.633005
fitness normalized for norm 2 = 0.9285714
Previous proportion norm 1 = 58.0
Previous proportion norm 2 = 42.0
New proportion fnorm 1 84.38216
New proportion fnorm 2 15.617849
Real Proportions... norm (N1) = 85 norm (N2) = 15
equilibrium = 0

STEP RESUME
----------------------------
Step: 1501
fnorm_average = 5.392157
fNonorm_average = 1.0666667
fitness normalized for norm 1 = 5.392157
fitness normalized for norm 2 = 1.0666667
Previous proportion norm 1 = 85.0
Previous proportion norm 2 = 15.0
New proportion fnorm 1 96.62684
New proportion fnorm 2 3.3731554
Real Proportions... norm (N1) = 95 norm (N2) = 5
equilibrium = 0

STEP RESUME
----------------------------
Step: 2001
fnorm_average = 10.705263
fNonorm_average = 3.2
fitness normalized for norm 1 = 10.705263
fitness normalized for norm 2 = 3.2
Previous proportion norm 1 = 95.0
Previous proportion norm 2 = 5.0
New proportion fnorm 1 98.45111
New proportion fnorm 2 1.5488868
Real Proportions... norm (N1) = 98 norm (N2) = 2
equilibrium = 0

STEP RESUME
----------------------------
Step: 2501
fnorm_average = 4.928571
fNonorm_average = 0.5
fitness normalized for norm 1 = 4.928571
fitness normalized for norm 2 = 0.5
Previous proportion norm 1 = 98.0
Previous proportion norm 2 = 2.0
New proportion fnorm 1 99.79339
New proportion fnorm 2 0.20661159
Real Proportions... norm (N1) = 99 norm (N2) = 1
equilibrium = 0

STEP RESUME
----------------------------
Step: 3001
fnorm_average = 18.878788
fNonorm_average = 7.0
fitness normalized for norm 1 = 18.878788
fitness normalized for norm 2 = 7.0
Previous proportion norm 1 = 99.0
Previous proportion norm 2 = 1.0
New proportion fnorm 1 99.62686
New proportion fnorm 2 0.37313432
Real Proportions... norm (N1) = 100 norm () = 0
equilibrium = 0
End of simulation
