
Starting simulation with random seed = 1432122080317

STEP RESUME
----------------------------
Step: 501
fnorm_average = 3.68
fNonorm_average = 1.46
fitness normalized for norm 1 = 3.68
fitness normalized for norm 2 = 1.46
Previous proportion norm 1 = 50.0
Previous proportion norm 2 = 50.0
New proportion fnorm 1 71.59533
New proportion fnorm 2 28.404669
Real Proportions... norm (N1) = 72 norm (N2) = 28
equilibrium = 0

STEP RESUME
----------------------------
Step: 1001
fnorm_average = 2.9722223
fNonorm_average = 0.75
fitness normalized for norm 1 = 2.9722223
fitness normalized for norm 2 = 0.75
Previous proportion norm 1 = 72.0
Previous proportion norm 2 = 28.0
New proportion fnorm 1 91.06383
New proportion fnorm 2 8.936171
Real Proportions... norm (N1) = 92 norm (N2) = 8
equilibrium = 0

STEP RESUME
----------------------------
Step: 1501
fnorm_average = 13.717391
fNonorm_average = 4.875
fitness normalized for norm 1 = 13.717391
fitness normalized for norm 2 = 4.875
Previous proportion norm 1 = 92.0
Previous proportion norm 2 = 8.0
New proportion fnorm 1 97.002304
New proportion fnorm 2 2.9976943
Real Proportions... norm (N1) = 96 norm (N2) = 4
equilibrium = 0

STEP RESUME
----------------------------
Step: 2001
fnorm_average = 5.4583335
fNonorm_average = 0.5
fitness normalized for norm 1 = 5.4583335
fitness normalized for norm 2 = 0.5
Previous proportion norm 1 = 96.0
Previous proportion norm 2 = 4.0
New proportion fnorm 1 99.61977
New proportion fnorm 2 0.38022813
Real Proportions... norm (N1) = 97 norm (N2) = 3
equilibrium = 0

STEP RESUME
----------------------------
Step: 2501
fnorm_average = 9.81787
fNonorm_average = 2.6666667
fitness normalized for norm 1 = 9.81787
fitness normalized for norm 2 = 2.6666667
Previous proportion norm 1 = 97.0
Previous proportion norm 2 = 3.0
New proportion fnorm 1 99.166954
New proportion fnorm 2 0.833044
Real Proportions... norm (N1) = 97 norm (N2) = 3
equilibrium = 1

STEP RESUME
----------------------------
Step: 3001
fnorm_average = 11.398625
fNonorm_average = 3.3333333
fitness normalized for norm 1 = 11.398625
fitness normalized for norm 2 = 3.3333333
Previous proportion norm 1 = 97.0
Previous proportion norm 2 = 3.0
New proportion fnorm 1 99.103676
New proportion fnorm 2 0.89632505
Real Proportions... norm (N1) = 99 norm (N2) = 1
equilibrium = 0

STEP RESUME
----------------------------
Step: 3501
fnorm_average = 5.010101
fNonorm_average = 5.0
fitness normalized for norm 1 = 5.010101
fitness normalized for norm 2 = 5.0
Previous proportion norm 1 = 99.0
Previous proportion norm 2 = 1.0
New proportion fnorm 1 99.002
New proportion fnorm 2 0.9980041
Real Proportions... norm (N1) = 100 norm () = 0
equilibrium = 0
End of simulation
