
Starting simulation with random seed = 1432122119603

STEP RESUME
----------------------------
Step: 501
fnorm_average = 3.5
fNonorm_average = 0.92
fitness normalized for norm 1 = 3.5
fitness normalized for norm 2 = 0.92
Previous proportion norm 1 = 50.0
Previous proportion norm 2 = 50.0
New proportion fnorm 1 79.185524
New proportion fnorm 2 20.81448
Real Proportions... norm (N1) = 83 norm (N2) = 17
equilibrium = 0

STEP RESUME
----------------------------
Step: 1001
fnorm_average = 9.32601
fNonorm_average = 3.235294
fitness normalized for norm 1 = 9.32601
fitness normalized for norm 2 = 3.235294
Previous proportion norm 1 = 83.0
Previous proportion norm 2 = 17.0
New proportion fnorm 1 93.365974
New proportion fnorm 2 6.6340284
Real Proportions... norm (N1) = 90 norm (N2) = 10
equilibrium = 0

STEP RESUME
----------------------------
Step: 1501
fnorm_average = 5.911111
fNonorm_average = 1.2
fitness normalized for norm 1 = 5.911111
fitness normalized for norm 2 = 1.2
Previous proportion norm 1 = 90.0
Previous proportion norm 2 = 10.0
New proportion fnorm 1 97.79411
New proportion fnorm 2 2.2058823
Real Proportions... norm (N1) = 95 norm (N2) = 5
equilibrium = 0

STEP RESUME
----------------------------
Step: 2001
fnorm_average = 10.589474
fNonorm_average = 3.0
fitness normalized for norm 1 = 10.589474
fitness normalized for norm 2 = 3.0
Previous proportion norm 1 = 95.0
Previous proportion norm 2 = 5.0
New proportion fnorm 1 98.53085
New proportion fnorm 2 1.4691478
Real Proportions... norm (N1) = 98 norm (N2) = 2
equilibrium = 0

STEP RESUME
----------------------------
Step: 2501
fnorm_average = 4.908163
fNonorm_average = 1.0
fitness normalized for norm 1 = 4.908163
fitness normalized for norm 2 = 1.0
Previous proportion norm 1 = 98.0
Previous proportion norm 2 = 2.0
New proportion fnorm 1 99.58592
New proportion fnorm 2 0.41407868
Real Proportions... norm (N1) = 97 norm (N2) = 3
equilibrium = 0

STEP RESUME
----------------------------
Step: 3001
fnorm_average = 11.223368
fNonorm_average = 3.3333333
fitness normalized for norm 1 = 11.223368
fitness normalized for norm 2 = 3.3333333
Previous proportion norm 1 = 97.0
Previous proportion norm 2 = 3.0
New proportion fnorm 1 99.089806
New proportion fnorm 2 0.9101942
Real Proportions... norm (N1) = 98 norm (N2) = 2
equilibrium = 0

STEP RESUME
----------------------------
Step: 3501
fnorm_average = 4.4489794
fNonorm_average = 3.5
fitness normalized for norm 1 = 4.4489794
fitness normalized for norm 2 = 3.5
Previous proportion norm 1 = 98.0
Previous proportion norm 2 = 2.0
New proportion fnorm 1 98.41986
New proportion fnorm 2 1.5801356
Real Proportions... norm (N1) = 99 norm (N2) = 1
equilibrium = 0

STEP RESUME
----------------------------
Step: 4001
fnorm_average = 5.010101
fNonorm_average = 5.0
fitness normalized for norm 1 = 5.010101
fitness normalized for norm 2 = 5.0
Previous proportion norm 1 = 99.0
Previous proportion norm 2 = 1.0
New proportion fnorm 1 99.002
New proportion fnorm 2 0.9980041
Real Proportions... norm (N1) = 99 norm (N2) = 1
equilibrium = 1

STEP RESUME
----------------------------
Step: 4501
fnorm_average = 18.848484
fNonorm_average = 7.0
fitness normalized for norm 1 = 18.848484
fitness normalized for norm 2 = 7.0
Previous proportion norm 1 = 99.0
Previous proportion norm 2 = 1.0
New proportion fnorm 1 99.62627
New proportion fnorm 2 0.373732
Real Proportions... norm (N1) = 98 norm (N2) = 2
equilibrium = 0

STEP RESUME
----------------------------
Step: 5001
fnorm_average = 7.867347
fNonorm_average = 1.5
fitness normalized for norm 1 = 7.867347
fitness normalized for norm 2 = 1.5
Previous proportion norm 1 = 98.0
Previous proportion norm 2 = 2.0
New proportion fnorm 1 99.612404
New proportion fnorm 2 0.3875969
Real Proportions... norm (N1) = 100 norm () = 0
equilibrium = 0
End of simulation
