
Starting simulation with random seed = 1432122171590

STEP RESUME
----------------------------
Step: 501
fnorm_average = 3.08
fNonorm_average = 0.8
fitness normalized for norm 1 = 3.08
fitness normalized for norm 2 = 0.8
Previous proportion norm 1 = 50.0
Previous proportion norm 2 = 50.0
New proportion fnorm 1 79.38144
New proportion fnorm 2 20.618557
Real Proportions... norm (N1) = 70 norm (N2) = 30
equilibrium = 0

STEP RESUME
----------------------------
Step: 1001
fnorm_average = 4.5142856
fNonorm_average = 1.8
fitness normalized for norm 1 = 4.5142856
fitness normalized for norm 2 = 1.8
Previous proportion norm 1 = 70.0
Previous proportion norm 2 = 30.0
New proportion fnorm 1 85.4054
New proportion fnorm 2 14.594595
Real Proportions... norm (N1) = 80 norm (N2) = 20
equilibrium = 0

STEP RESUME
----------------------------
Step: 1501
fnorm_average = 7.575
fNonorm_average = 2.8
fitness normalized for norm 1 = 7.575
fitness normalized for norm 2 = 2.8
Previous proportion norm 1 = 80.0
Previous proportion norm 2 = 20.0
New proportion fnorm 1 91.54079
New proportion fnorm 2 8.459215
Real Proportions... norm (N1) = 87 norm (N2) = 13
equilibrium = 0

STEP RESUME
----------------------------
Step: 2001
fnorm_average = 4.5198936
fNonorm_average = 0.84615386
fitness normalized for norm 1 = 4.5198936
fitness normalized for norm 2 = 0.84615386
Previous proportion norm 1 = 87.0
Previous proportion norm 2 = 13.0
New proportion fnorm 1 97.27878
New proportion fnorm 2 2.721218
Real Proportions... norm (N1) = 98 norm (N2) = 2
equilibrium = 0

STEP RESUME
----------------------------
Step: 2501
fnorm_average = 9.540816
fNonorm_average = 2.5
fitness normalized for norm 1 = 9.540816
fitness normalized for norm 2 = 2.5
Previous proportion norm 1 = 98.0
Previous proportion norm 2 = 2.0
New proportion fnorm 1 99.46808
New proportion fnorm 2 0.5319149
Real Proportions... norm (N1) = 99 norm (N2) = 1
equilibrium = 0

STEP RESUME
----------------------------
Step: 3001
fnorm_average = 18.868687
fNonorm_average = 7.0
fitness normalized for norm 1 = 18.868687
fitness normalized for norm 2 = 7.0
Previous proportion norm 1 = 99.0
Previous proportion norm 2 = 1.0
New proportion fnorm 1 99.62666
New proportion fnorm 2 0.37333333
Real Proportions... norm (N1) = 100 norm () = 0
equilibrium = 0
End of simulation
