
Starting simulation with random seed = 1432122155300

STEP RESUME
----------------------------
Step: 501
fnorm_average = 3.32
fNonorm_average = 1.94
fitness normalized for norm 1 = 3.32
fitness normalized for norm 2 = 1.94
Previous proportion norm 1 = 50.0
Previous proportion norm 2 = 50.0
New proportion fnorm 1 63.117874
New proportion fnorm 2 36.88213
Real Proportions... norm (N1) = 66 norm (N2) = 34
equilibrium = 0

STEP RESUME
----------------------------
Step: 1001
fnorm_average = 2.4073086
fNonorm_average = 1.0294118
fitness normalized for norm 1 = 2.4073086
fitness normalized for norm 2 = 1.0294118
Previous proportion norm 1 = 66.0
Previous proportion norm 2 = 34.0
New proportion fnorm 1 81.947815
New proportion fnorm 2 18.052183
Real Proportions... norm (N1) = 77 norm (N2) = 23
equilibrium = 0

STEP RESUME
----------------------------
Step: 1501
fnorm_average = 6.0
fNonorm_average = 2.0
fitness normalized for norm 1 = 6.0
fitness normalized for norm 2 = 2.0
Previous proportion norm 1 = 77.0
Previous proportion norm 2 = 23.0
New proportion fnorm 1 90.94488
New proportion fnorm 2 9.055119
Real Proportions... norm (N1) = 92 norm (N2) = 8
equilibrium = 0

STEP RESUME
----------------------------
Step: 2001
fnorm_average = 11.195652
fNonorm_average = 3.75
fitness normalized for norm 1 = 11.195652
fitness normalized for norm 2 = 3.75
Previous proportion norm 1 = 92.0
Previous proportion norm 2 = 8.0
New proportion fnorm 1 97.16981
New proportion fnorm 2 2.8301888
Real Proportions... norm (N1) = 99 norm (N2) = 1
equilibrium = 0

STEP RESUME
----------------------------
Step: 2501
fnorm_average = 6.909091
fNonorm_average = 1.0
fitness normalized for norm 1 = 6.909091
fitness normalized for norm 2 = 1.0
Previous proportion norm 1 = 99.0
Previous proportion norm 2 = 1.0
New proportion fnorm 1 99.85402
New proportion fnorm 2 0.1459854
Real Proportions... norm (N1) = 99 norm (N2) = 1
equilibrium = 1

STEP RESUME
----------------------------
Step: 3001
fnorm_average = 4.989899
fNonorm_average = 5.0
fitness normalized for norm 1 = 4.989899
fitness normalized for norm 2 = 5.0
Previous proportion norm 1 = 99.0
Previous proportion norm 2 = 1.0
New proportion fnorm 1 98.998
New proportion fnorm 2 1.0020039
Real Proportions... norm (N1) = 98 norm (N2) = 2
equilibrium = 0

STEP RESUME
----------------------------
Step: 3501
fnorm_average = 5.6530614
fNonorm_average = 0.5
fitness normalized for norm 1 = 5.6530614
fitness normalized for norm 2 = 0.5
Previous proportion norm 1 = 98.0
Previous proportion norm 2 = 2.0
New proportion fnorm 1 99.819824
New proportion fnorm 2 0.18018019
Real Proportions... norm (N1) = 99 norm (N2) = 1
equilibrium = 0

STEP RESUME
----------------------------
Step: 4001
fnorm_average = 4.989899
fNonorm_average = 4.0
fitness normalized for norm 1 = 4.989899
fitness normalized for norm 2 = 4.0
Previous proportion norm 1 = 99.0
Previous proportion norm 2 = 1.0
New proportion fnorm 1 99.196785
New proportion fnorm 2 0.8032128
Real Proportions... norm (N1) = 98 norm (N2) = 2
equilibrium = 0

STEP RESUME
----------------------------
Step: 4501
fnorm_average = 5.908163
fNonorm_average = 0.5
fitness normalized for norm 1 = 5.908163
fitness normalized for norm 2 = 0.5
Previous proportion norm 1 = 98.0
Previous proportion norm 2 = 2.0
New proportion fnorm 1 99.82759
New proportion fnorm 2 0.1724138
Real Proportions... norm (N1) = 99 norm (N2) = 1
equilibrium = 0

STEP RESUME
----------------------------
Step: 5001
fnorm_average = 18.88889
fNonorm_average = 7.0
fitness normalized for norm 1 = 18.88889
fitness normalized for norm 2 = 7.0
Previous proportion norm 1 = 99.0
Previous proportion norm 2 = 1.0
New proportion fnorm 1 99.62707
New proportion fnorm 2 0.37293553
Real Proportions... norm (N1) = 97 norm (N2) = 3
equilibrium = 0

STEP RESUME
----------------------------
Step: 5501
fnorm_average = 4.597938
fNonorm_average = 0.0
fitness normalized for norm 1 = 4.597938
fitness normalized for norm 2 = 0.0
Previous proportion norm 1 = 97.0
Previous proportion norm 2 = 3.0
New proportion fnorm 1 100.0
New proportion fnorm 2 0.0
Real Proportions... norm (N1) = 100 norm () = 0
equilibrium = 0
End of simulation
