
Starting simulation with random seed = 1432122066600

STEP RESUME
----------------------------
Step: 501
fnorm_average = 2.3
fNonorm_average = 1.5
fitness normalized for norm 1 = 2.3
fitness normalized for norm 2 = 1.5
Previous proportion norm 1 = 50.0
Previous proportion norm 2 = 50.0
New proportion fnorm 1 60.526318
New proportion fnorm 2 39.473686
Real Proportions... norm (N1) = 61 norm (N2) = 39
equilibrium = 0

STEP RESUME
----------------------------
Step: 1001
fnorm_average = 1.0327868
fNonorm_average = 1.1538461
fitness normalized for norm 1 = 1.0327868
fitness normalized for norm 2 = 1.1538461
Previous proportion norm 1 = 61.0
Previous proportion norm 2 = 39.0
New proportion fnorm 1 58.333332
New proportion fnorm 2 41.666664
Real Proportions... norm (N1) = 53 norm (N2) = 47
equilibrium = 0

STEP RESUME
----------------------------
Step: 1501
fnorm_average = 1.3476515
fNonorm_average = 0.70212764
fitness normalized for norm 1 = 1.3476515
fitness normalized for norm 2 = 0.70212764
Previous proportion norm 1 = 53.0
Previous proportion norm 2 = 47.0
New proportion fnorm 1 68.39853
New proportion fnorm 2 31.601467
Real Proportions... norm (N1) = 63 norm (N2) = 37
equilibrium = 0

STEP RESUME
----------------------------
Step: 2001
fnorm_average = 3.12012
fNonorm_average = 0.8378378
fitness normalized for norm 1 = 3.12012
fitness normalized for norm 2 = 0.8378378
Previous proportion norm 1 = 63.0
Previous proportion norm 2 = 37.0
New proportion fnorm 1 86.37768
New proportion fnorm 2 13.622327
Real Proportions... norm (N1) = 87 norm (N2) = 13
equilibrium = 0

STEP RESUME
----------------------------
Step: 2501
fnorm_average = 10.072502
fNonorm_average = 3.4615386
fitness normalized for norm 1 = 10.072502
fitness normalized for norm 2 = 3.4615386
Previous proportion norm 1 = 87.0
Previous proportion norm 2 = 13.0
New proportion fnorm 1 95.11564
New proportion fnorm 2 4.8843617
Real Proportions... norm (N1) = 91 norm (N2) = 9
equilibrium = 0

STEP RESUME
----------------------------
Step: 3001
fnorm_average = 6.9658117
fNonorm_average = 1.4444444
fitness normalized for norm 1 = 6.9658117
fitness normalized for norm 2 = 1.4444444
Previous proportion norm 1 = 91.0
Previous proportion norm 2 = 9.0
New proportion fnorm 1 97.99038
New proportion fnorm 2 2.0096188
Real Proportions... norm (N1) = 96 norm (N2) = 4
equilibrium = 0

STEP RESUME
----------------------------
Step: 3501
fnorm_average = 4.625
fNonorm_average = 2.5
fitness normalized for norm 1 = 4.625
fitness normalized for norm 2 = 2.5
Previous proportion norm 1 = 96.0
Previous proportion norm 2 = 4.0
New proportion fnorm 1 97.797356
New proportion fnorm 2 2.2026432
Real Proportions... norm (N1) = 98 norm (N2) = 2
equilibrium = 0

STEP RESUME
----------------------------
Step: 4001
fnorm_average = 22.540817
fNonorm_average = 9.0
fitness normalized for norm 1 = 22.540817
fitness normalized for norm 2 = 9.0
Previous proportion norm 1 = 98.0
Previous proportion norm 2 = 2.0
New proportion fnorm 1 99.191734
New proportion fnorm 2 0.8082623
Real Proportions... norm (N1) = 100 norm () = 0
equilibrium = 0
End of simulation
