
Starting simulation with random seed = 1432122092965

STEP RESUME
----------------------------
Step: 501
fnorm_average = 3.06
fNonorm_average = 1.9
fitness normalized for norm 1 = 3.06
fitness normalized for norm 2 = 1.9
Previous proportion norm 1 = 50.0
Previous proportion norm 2 = 50.0
New proportion fnorm 1 61.69355
New proportion fnorm 2 38.30645
Real Proportions... norm (N1) = 57 norm (N2) = 43
equilibrium = 0

STEP RESUME
----------------------------
Step: 1001
fnorm_average = 0.74867404
fNonorm_average = 0.4883721
fitness normalized for norm 1 = 0.74867404
fitness normalized for norm 2 = 0.4883721
Previous proportion norm 1 = 57.0
Previous proportion norm 2 = 43.0
New proportion fnorm 1 67.01972
New proportion fnorm 2 32.980278
Real Proportions... norm (N1) = 65 norm (N2) = 35
equilibrium = 0

STEP RESUME
----------------------------
Step: 1501
fnorm_average = 3.2483518
fNonorm_average = 1.0857143
fitness normalized for norm 1 = 3.2483518
fitness normalized for norm 2 = 1.0857143
Previous proportion norm 1 = 65.0
Previous proportion norm 2 = 35.0
New proportion fnorm 1 84.74771
New proportion fnorm 2 15.252294
Real Proportions... norm (N1) = 84 norm (N2) = 16
equilibrium = 0

STEP RESUME
----------------------------
Step: 2001
fnorm_average = 4.642857
fNonorm_average = 0.75
fitness normalized for norm 1 = 4.642857
fitness normalized for norm 2 = 0.75
Previous proportion norm 1 = 84.0
Previous proportion norm 2 = 16.0
New proportion fnorm 1 97.01493
New proportion fnorm 2 2.9850745
Real Proportions... norm (N1) = 99 norm (N2) = 1
equilibrium = 0

STEP RESUME
----------------------------
Step: 2501
fnorm_average = 22.767677
fNonorm_average = 9.0
fitness normalized for norm 1 = 22.767677
fitness normalized for norm 2 = 9.0
Previous proportion norm 1 = 99.0
Previous proportion norm 2 = 1.0
New proportion fnorm 1 99.6023
New proportion fnorm 2 0.39770216
Real Proportions... norm (N1) = 99 norm (N2) = 1
equilibrium = 1

STEP RESUME
----------------------------
Step: 3001
fnorm_average = 6.939394
fNonorm_average = 1.0
fitness normalized for norm 1 = 6.939394
fitness normalized for norm 2 = 1.0
Previous proportion norm 1 = 99.0
Previous proportion norm 2 = 1.0
New proportion fnorm 1 99.85465
New proportion fnorm 2 0.14534883
Real Proportions... norm (N1) = 100 norm () = 0
equilibrium = 0
End of simulation
