
Starting simulation with random seed = 1432122135065

STEP RESUME
----------------------------
Step: 501
fnorm_average = 3.94
fNonorm_average = 1.16
fitness normalized for norm 1 = 3.94
fitness normalized for norm 2 = 1.16
Previous proportion norm 1 = 50.0
Previous proportion norm 2 = 50.0
New proportion fnorm 1 77.254906
New proportion fnorm 2 22.745098
Real Proportions... norm (N1) = 73 norm (N2) = 27
equilibrium = 0

STEP RESUME
----------------------------
Step: 1001
fnorm_average = 3.154744
fNonorm_average = 0.4814815
fitness normalized for norm 1 = 3.154744
fitness normalized for norm 2 = 0.4814815
Previous proportion norm 1 = 73.0
Previous proportion norm 2 = 27.0
New proportion fnorm 1 94.65672
New proportion fnorm 2 5.343279
Real Proportions... norm (N1) = 97 norm (N2) = 3
equilibrium = 0

STEP RESUME
----------------------------
Step: 1501
fnorm_average = 10.659794
fNonorm_average = 3.0
fitness normalized for norm 1 = 10.659794
fitness normalized for norm 2 = 3.0
Previous proportion norm 1 = 97.0
Previous proportion norm 2 = 3.0
New proportion fnorm 1 99.1371
New proportion fnorm 2 0.8628955
Real Proportions... norm (N1) = 98 norm (N2) = 2
equilibrium = 0

STEP RESUME
----------------------------
Step: 2001
fnorm_average = 7.836735
fNonorm_average = 1.5
fitness normalized for norm 1 = 7.836735
fitness normalized for norm 2 = 1.5
Previous proportion norm 1 = 98.0
Previous proportion norm 2 = 2.0
New proportion fnorm 1 99.61089
New proportion fnorm 2 0.38910505
Real Proportions... norm (N1) = 99 norm (N2) = 1
equilibrium = 0

STEP RESUME
----------------------------
Step: 2501
fnorm_average = 5.0
fNonorm_average = 5.0
fitness normalized for norm 1 = 5.0
fitness normalized for norm 2 = 5.0
Previous proportion norm 1 = 99.0
Previous proportion norm 2 = 1.0
New proportion fnorm 1 99.0
New proportion fnorm 2 1.0
Real Proportions... norm (N1) = 99 norm (N2) = 1
equilibrium = 1

STEP RESUME
----------------------------
Step: 3001
fnorm_average = 4.959596
fNonorm_average = 0.0
fitness normalized for norm 1 = 4.959596
fitness normalized for norm 2 = 0.0
Previous proportion norm 1 = 99.0
Previous proportion norm 2 = 1.0
New proportion fnorm 1 100.0
New proportion fnorm 2 0.0
Real Proportions... norm (N1) = 100 norm () = 0
equilibrium = 0
End of simulation
