
Starting simulation with random seed = 1432541650127

STEP RESUME
----------------------------
Step: 501
fnorm_average = 18.657143
fNonorm_average = 7.1285715
fitness normalized for norm 1 = 18.657143
fitness normalized for norm 2 = 7.1285715
Previous proportion norm 1 = 30.0
Previous proportion norm 2 = 70.0
New proportion fnorm 1 52.86736
New proportion fnorm 2 47.132637
Real Proportions... norm (N1) = 55 norm (No norm) = 45
equilibrium = 0

STEP RESUME
----------------------------
Step: 1001
fnorm_average = 9.591919
fNonorm_average = 3.9777777
fitness normalized for norm 1 = 9.591919
fitness normalized for norm 2 = 3.9777777
Previous proportion norm 1 = 55.0
Previous proportion norm 2 = 45.0
New proportion fnorm 1 74.665825
New proportion fnorm 2 25.334173
Real Proportions... norm (N1) = 77 norm (No norm) = 23
equilibrium = 0

STEP RESUME
----------------------------
Step: 1501
fnorm_average = 10.487295
fNonorm_average = 3.7826087
fitness normalized for norm 1 = 10.487295
fitness normalized for norm 2 = 3.7826087
Previous proportion norm 1 = 77.0
Previous proportion norm 2 = 23.0
New proportion fnorm 1 90.27413
New proportion fnorm 2 9.725868
Real Proportions... norm (N1) = 86 norm (No norm) = 14
equilibrium = 0

STEP RESUME
----------------------------
Step: 2001
fnorm_average = 9.910298
fNonorm_average = 3.0714285
fitness normalized for norm 1 = 9.910298
fitness normalized for norm 2 = 3.0714285
Previous proportion norm 1 = 86.0
Previous proportion norm 2 = 14.0
New proportion fnorm 1 95.19707
New proportion fnorm 2 4.8029366
Real Proportions... norm (N1) = 96 norm (No norm) = 4
equilibrium = 0

STEP RESUME
----------------------------
Step: 2501
fnorm_average = 15.572916
fNonorm_average = 5.5
fitness normalized for norm 1 = 15.572916
fitness normalized for norm 2 = 5.5
Previous proportion norm 1 = 96.0
Previous proportion norm 2 = 4.0
New proportion fnorm 1 98.549774
New proportion fnorm 2 1.4502307
Real Proportions... norm (N1) = 96 norm (No norm) = 4
equilibrium = 1

STEP RESUME
----------------------------
Step: 3001
fnorm_average = 9.6875
fNonorm_average = 2.5
fitness normalized for norm 1 = 9.6875
fitness normalized for norm 2 = 2.5
Previous proportion norm 1 = 96.0
Previous proportion norm 2 = 4.0
New proportion fnorm 1 98.93617
New proportion fnorm 2 1.0638298
Real Proportions... norm (N1) = 97 norm (No norm) = 3
equilibrium = 0

STEP RESUME
----------------------------
Step: 3501
fnorm_average = 6.137457
fNonorm_average = 0.6666667
fitness normalized for norm 1 = 6.137457
fitness normalized for norm 2 = 0.6666667
Previous proportion norm 1 = 97.0
Previous proportion norm 2 = 3.0
New proportion fnorm 1 99.66518
New proportion fnorm 2 0.33482143
Real Proportions... norm (N1) = 100 norm () = 0
equilibrium = 0
End of simulation
