
Starting simulation with random seed = 1432541610870

STEP RESUME
----------------------------
Step: 501
fnorm_average = 15.080952
fNonorm_average = 6.0571427
fitness normalized for norm 1 = 15.080952
fitness normalized for norm 2 = 6.0571427
Previous proportion norm 1 = 30.0
Previous proportion norm 2 = 70.0
New proportion fnorm 1 51.621838
New proportion fnorm 2 48.37816
Real Proportions... norm (N1) = 50 norm (No norm) = 50
equilibrium = 0

STEP RESUME
----------------------------
Step: 1001
fnorm_average = 8.62
fNonorm_average = 3.86
fitness normalized for norm 1 = 8.62
fitness normalized for norm 2 = 3.86
Previous proportion norm 1 = 50.0
Previous proportion norm 2 = 50.0
New proportion fnorm 1 69.07051
New proportion fnorm 2 30.929487
Real Proportions... norm (N1) = 71 norm (No norm) = 29
equilibrium = 0

STEP RESUME
----------------------------
Step: 1501
fnorm_average = 5.9781446
fNonorm_average = 1.5172414
fitness normalized for norm 1 = 5.9781446
fitness normalized for norm 2 = 1.5172414
Previous proportion norm 1 = 71.0
Previous proportion norm 2 = 29.0
New proportion fnorm 1 90.607285
New proportion fnorm 2 9.392713
Real Proportions... norm (N1) = 92 norm (No norm) = 8
equilibrium = 0

STEP RESUME
----------------------------
Step: 2001
fnorm_average = 4.75
fNonorm_average = 0.125
fitness normalized for norm 1 = 4.75
fitness normalized for norm 2 = 0.125
Previous proportion norm 1 = 92.0
Previous proportion norm 2 = 8.0
New proportion fnorm 1 99.77169
New proportion fnorm 2 0.2283105
Real Proportions... norm (N1) = 96 norm (No norm) = 4
equilibrium = 0

STEP RESUME
----------------------------
Step: 2501
fnorm_average = 4.8854165
fNonorm_average = 2.0
fitness normalized for norm 1 = 4.8854165
fitness normalized for norm 2 = 2.0
Previous proportion norm 1 = 96.0
Previous proportion norm 2 = 4.0
New proportion fnorm 1 98.32285
New proportion fnorm 2 1.6771488
Real Proportions... norm (N1) = 97 norm (No norm) = 3
equilibrium = 0

STEP RESUME
----------------------------
Step: 3001
fnorm_average = 10.065292
fNonorm_average = 2.6666667
fitness normalized for norm 1 = 10.065292
fitness normalized for norm 2 = 2.6666667
Previous proportion norm 1 = 97.0
Previous proportion norm 2 = 3.0
New proportion fnorm 1 99.18726
New proportion fnorm 2 0.8127328
Real Proportions... norm (N1) = 99 norm (No norm) = 1
equilibrium = 0

STEP RESUME
----------------------------
Step: 3501
fnorm_average = 6.949495
fNonorm_average = 1.0
fitness normalized for norm 1 = 6.949495
fitness normalized for norm 2 = 1.0
Previous proportion norm 1 = 99.0
Previous proportion norm 2 = 1.0
New proportion fnorm 1 99.854866
New proportion fnorm 2 0.14513788
Real Proportions... norm (N1) = 99 norm (No norm) = 1
equilibrium = 1

STEP RESUME
----------------------------
Step: 4001
fnorm_average = 16.858585
fNonorm_average = 6.0
fitness normalized for norm 1 = 16.858585
fitness normalized for norm 2 = 6.0
Previous proportion norm 1 = 99.0
Previous proportion norm 2 = 1.0
New proportion fnorm 1 99.64179
New proportion fnorm 2 0.35820895
Real Proportions... norm (N1) = 100 norm () = 0
equilibrium = 0
End of simulation
