
Starting simulation with random seed = 1432544859265

STEP RESUME
----------------------------
Step: 501
fnorm_average = 3.3333333
fNonorm_average = 2.7571428
fitness normalized for norm 1 = 3.3333333
fitness normalized for norm 2 = 2.7571428
Previous proportion norm 1 = 30.0
Previous proportion norm 2 = 70.0
New proportion fnorm 1 34.129696
New proportion fnorm 2 65.87031
Real Proportions... norm (N1) = 43 norm (N2) = 57
equilibrium = 0

STEP RESUME
----------------------------
Step: 1001
fnorm_average = 0.4883721
fNonorm_average = 1.0644635
fitness normalized for norm 1 = 0.4883721
fitness normalized for norm 2 = 1.0644635
Previous proportion norm 1 = 43.0
Previous proportion norm 2 = 57.0
New proportion fnorm 1 25.711843
New proportion fnorm 2 74.288155
Real Proportions... norm (N1) = 31 norm (N2) = 69
equilibrium = 0

STEP RESUME
----------------------------
Step: 1501
fnorm_average = 1.8064516
fNonorm_average = 3.8737726
fitness normalized for norm 1 = 1.8064516
fitness normalized for norm 2 = 3.8737726
Previous proportion norm 1 = 31.0
Previous proportion norm 2 = 69.0
New proportion fnorm 1 17.321892
New proportion fnorm 2 82.67811
Real Proportions... norm (N1) = 15 norm (N2) = 85
equilibrium = 0

STEP RESUME
----------------------------
Step: 2001
fnorm_average = 2.6
fNonorm_average = 7.7999997
fitness normalized for norm 1 = 2.6
fitness normalized for norm 2 = 7.7999997
Previous proportion norm 1 = 15.0
Previous proportion norm 2 = 85.0
New proportion fnorm 1 5.555556
New proportion fnorm 2 94.44444
Real Proportions... norm (N1) = 6 norm (N2) = 94
equilibrium = 0

STEP RESUME
----------------------------
Step: 2501
fnorm_average = 1.0
fNonorm_average = 5.56383
fitness normalized for norm 1 = 1.0
fitness normalized for norm 2 = 5.56383
Previous proportion norm 1 = 6.0
Previous proportion norm 2 = 94.0
New proportion fnorm 1 1.1342155
New proportion fnorm 2 98.86578
Real Proportions... norm (N1) = 1 norm (N2) = 99
equilibrium = 0

STEP RESUME
----------------------------
Step: 3001
fnorm_average = 2.0
fNonorm_average = 7.5959597
fitness normalized for norm 1 = 2.0
fitness normalized for norm 2 = 7.5959597
Previous proportion norm 1 = 1.0
Previous proportion norm 2 = 99.0
New proportion fnorm 1 0.265252
New proportion fnorm 2 99.73475
Real Proportions... norm () = 0 norm (N2) = 100
equilibrium = 0
End of simulation
