
Starting simulation with random seed = 1432544911340

STEP RESUME
----------------------------
Step: 501
fnorm_average = 2.7666667
fNonorm_average = 2.4
fitness normalized for norm 1 = 2.7666667
fitness normalized for norm 2 = 2.4
Previous proportion norm 1 = 30.0
Previous proportion norm 2 = 70.0
New proportion fnorm 1 33.06773
New proportion fnorm 2 66.932274
Real Proportions... norm (N1) = 39 norm (N2) = 61
equilibrium = 0

STEP RESUME
----------------------------
Step: 1001
fnorm_average = 0.46153846
fNonorm_average = 1.3001261
fitness normalized for norm 1 = 0.46153846
fitness normalized for norm 2 = 1.3001261
Previous proportion norm 1 = 39.0
Previous proportion norm 2 = 61.0
New proportion fnorm 1 18.498022
New proportion fnorm 2 81.501976
Real Proportions... norm (N1) = 19 norm (N2) = 81
equilibrium = 0

STEP RESUME
----------------------------
Step: 1501
fnorm_average = 1.4736842
fNonorm_average = 4.4411955
fitness normalized for norm 1 = 1.4736842
fitness normalized for norm 2 = 4.4411955
Previous proportion norm 1 = 19.0
Previous proportion norm 2 = 81.0
New proportion fnorm 1 7.2213926
New proportion fnorm 2 92.7786
Real Proportions... norm (N1) = 8 norm (N2) = 92
equilibrium = 0

STEP RESUME
----------------------------
Step: 2001
fnorm_average = 2.875
fNonorm_average = 9.521739
fitness normalized for norm 1 = 2.875
fitness normalized for norm 2 = 9.521739
Previous proportion norm 1 = 8.0
Previous proportion norm 2 = 92.0
New proportion fnorm 1 2.5583982
New proportion fnorm 2 97.441605
Real Proportions... norm (N1) = 1 norm (N2) = 99
equilibrium = 0

STEP RESUME
----------------------------
Step: 2501
fnorm_average = 4.0
fNonorm_average = 3.5050504
fitness normalized for norm 1 = 4.0
fitness normalized for norm 2 = 3.5050504
Previous proportion norm 1 = 1.0
Previous proportion norm 2 = 99.0
New proportion fnorm 1 1.1396011
New proportion fnorm 2 98.8604
Real Proportions... norm (N1) = 4 norm (N2) = 96
equilibrium = 0

STEP RESUME
----------------------------
Step: 3001
fnorm_average = 3.75
fNonorm_average = 10.46875
fitness normalized for norm 1 = 3.75
fitness normalized for norm 2 = 10.46875
Previous proportion norm 1 = 4.0
Previous proportion norm 2 = 96.0
New proportion fnorm 1 1.4705882
New proportion fnorm 2 98.52941
Real Proportions... norm (N1) = 1 norm (N2) = 99
equilibrium = 0

STEP RESUME
----------------------------
Step: 3501
fnorm_average = 2.0
fNonorm_average = 7.4848485
fitness normalized for norm 1 = 2.0
fitness normalized for norm 2 = 7.4848485
Previous proportion norm 1 = 1.0
Previous proportion norm 2 = 99.0
New proportion fnorm 1 0.269179
New proportion fnorm 2 99.73082
Real Proportions... norm () = 0 norm (N2) = 100
equilibrium = 0
End of simulation
