
Starting simulation with random seed = 1432544811160

STEP RESUME
----------------------------
Step: 501
fnorm_average = 3.4333334
fNonorm_average = 2.3
fitness normalized for norm 1 = 3.4333334
fitness normalized for norm 2 = 2.3
Previous proportion norm 1 = 30.0
Previous proportion norm 2 = 70.0
New proportion fnorm 1 39.015152
New proportion fnorm 2 60.984848
Real Proportions... norm (N1) = 36 norm (N2) = 64
equilibrium = 0

STEP RESUME
----------------------------
Step: 1001
fnorm_average = 0.5833333
fNonorm_average = 1.6041665
fitness normalized for norm 1 = 0.5833333
fitness normalized for norm 2 = 1.6041665
Previous proportion norm 1 = 36.0
Previous proportion norm 2 = 64.0
New proportion fnorm 1 16.981134
New proportion fnorm 2 83.01887
Real Proportions... norm (N1) = 16 norm (N2) = 84
equilibrium = 0

STEP RESUME
----------------------------
Step: 1501
fnorm_average = 2.125
fNonorm_average = 5.845238
fitness normalized for norm 1 = 2.125
fitness normalized for norm 2 = 5.845238
Previous proportion norm 1 = 16.0
Previous proportion norm 2 = 84.0
New proportion fnorm 1 6.4761906
New proportion fnorm 2 93.52381
Real Proportions... norm (N1) = 7 norm (N2) = 93
equilibrium = 0

STEP RESUME
----------------------------
Step: 2001
fnorm_average = 3.2857144
fNonorm_average = 10.044547
fitness normalized for norm 1 = 3.2857144
fitness normalized for norm 2 = 10.044547
Previous proportion norm 1 = 7.0
Previous proportion norm 2 = 93.0
New proportion fnorm 1 2.402985
New proportion fnorm 2 97.597015
Real Proportions... norm (N1) = 1 norm (N2) = 99
equilibrium = 0

STEP RESUME
----------------------------
Step: 2501
fnorm_average = 5.0
fNonorm_average = 3.909091
fitness normalized for norm 1 = 5.0
fitness normalized for norm 2 = 3.909091
Previous proportion norm 1 = 1.0
Previous proportion norm 2 = 99.0
New proportion fnorm 1 1.2755102
New proportion fnorm 2 98.72449
Real Proportions... norm (N1) = 3 norm (N2) = 97
equilibrium = 0

STEP RESUME
----------------------------
Step: 3001
fnorm_average = 8.666667
fNonorm_average = 20.271479
fitness normalized for norm 1 = 8.666667
fitness normalized for norm 2 = 20.271479
Previous proportion norm 1 = 3.0
Previous proportion norm 2 = 97.0
New proportion fnorm 1 1.3050025
New proportion fnorm 2 98.695
Real Proportions... norm (N1) = 2 norm (N2) = 98
equilibrium = 0

STEP RESUME
----------------------------
Step: 3501
fnorm_average = 3.0
fNonorm_average = 2.857143
fitness normalized for norm 1 = 3.0
fitness normalized for norm 2 = 2.857143
Previous proportion norm 1 = 2.0
Previous proportion norm 2 = 98.0
New proportion fnorm 1 2.097902
New proportion fnorm 2 97.90209
Real Proportions... norm (N1) = 3 norm (N2) = 97
equilibrium = 0

STEP RESUME
----------------------------
Step: 4001
fnorm_average = 10.0
fNonorm_average = 23.360825
fitness normalized for norm 1 = 10.0
fitness normalized for norm 2 = 23.360825
Previous proportion norm 1 = 3.0
Previous proportion norm 2 = 97.0
New proportion fnorm 1 1.3066202
New proportion fnorm 2 98.69338
Real Proportions... norm () = 0 norm (N2) = 100
equilibrium = 0
End of simulation
