
Starting simulation with random seed = 1432544835847

STEP RESUME
----------------------------
Step: 501
fnorm_average = 3.2666667
fNonorm_average = 2.7285714
fitness normalized for norm 1 = 3.2666667
fitness normalized for norm 2 = 2.7285714
Previous proportion norm 1 = 30.0
Previous proportion norm 2 = 70.0
New proportion fnorm 1 33.910034
New proportion fnorm 2 66.089966
Real Proportions... norm (N1) = 32 norm (N2) = 68
equilibrium = 0

STEP RESUME
----------------------------
Step: 1001
fnorm_average = 1.40625
fNonorm_average = 2.6066177
fitness normalized for norm 1 = 1.40625
fitness normalized for norm 2 = 2.6066177
Previous proportion norm 1 = 32.0
Previous proportion norm 2 = 68.0
New proportion fnorm 1 20.247469
New proportion fnorm 2 79.752525
Real Proportions... norm (N1) = 19 norm (N2) = 81
equilibrium = 0

STEP RESUME
----------------------------
Step: 1501
fnorm_average = 1.7894737
fNonorm_average = 5.578947
fitness normalized for norm 1 = 1.7894737
fitness normalized for norm 2 = 5.578947
Previous proportion norm 1 = 19.0
Previous proportion norm 2 = 81.0
New proportion fnorm 1 6.9974003
New proportion fnorm 2 93.0026
Real Proportions... norm (N1) = 6 norm (N2) = 94
equilibrium = 0

STEP RESUME
----------------------------
Step: 2001
fnorm_average = 3.6666667
fNonorm_average = 9.971631
fitness normalized for norm 1 = 3.6666667
fitness normalized for norm 2 = 9.971631
Previous proportion norm 1 = 6.0
Previous proportion norm 2 = 94.0
New proportion fnorm 1 2.2932594
New proportion fnorm 2 97.70674
Real Proportions... norm (N1) = 1 norm (N2) = 99
equilibrium = 0

STEP RESUME
----------------------------
Step: 2501
fnorm_average = 2.0
fNonorm_average = 8.161616
fitness normalized for norm 1 = 2.0
fitness normalized for norm 2 = 8.161616
Previous proportion norm 1 = 1.0
Previous proportion norm 2 = 99.0
New proportion fnorm 1 0.2469136
New proportion fnorm 2 99.75309
Real Proportions... norm () = 0 norm (N2) = 100
equilibrium = 0
End of simulation
