
Starting simulation with random seed = 1432544871678

STEP RESUME
----------------------------
Step: 501
fnorm_average = 3.9333334
fNonorm_average = 3.1857142
fitness normalized for norm 1 = 3.9333334
fitness normalized for norm 2 = 3.1857142
Previous proportion norm 1 = 30.0
Previous proportion norm 2 = 70.0
New proportion fnorm 1 34.604107
New proportion fnorm 2 65.39589
Real Proportions... norm (N1) = 31 norm (N2) = 69
equilibrium = 0

STEP RESUME
----------------------------
Step: 1001
fnorm_average = 1.7096775
fNonorm_average = 4.3758764
fitness normalized for norm 1 = 1.7096775
fitness normalized for norm 2 = 4.3758764
Previous proportion norm 1 = 31.0
Previous proportion norm 2 = 69.0
New proportion fnorm 1 14.932291
New proportion fnorm 2 85.06771
Real Proportions... norm (N1) = 17 norm (N2) = 83
equilibrium = 0

STEP RESUME
----------------------------
Step: 1501
fnorm_average = 0.5882353
fNonorm_average = 3.6824949
fitness normalized for norm 1 = 0.5882353
fitness normalized for norm 2 = 3.6824949
Previous proportion norm 1 = 17.0
Previous proportion norm 2 = 83.0
New proportion fnorm 1 3.1680954
New proportion fnorm 2 96.83191
Real Proportions... norm (N1) = 3 norm (N2) = 97
equilibrium = 0

STEP RESUME
----------------------------
Step: 2001
fnorm_average = 2.3333333
fNonorm_average = 8.316151
fitness normalized for norm 1 = 2.3333333
fitness normalized for norm 2 = 8.316151
Previous proportion norm 1 = 3.0
Previous proportion norm 2 = 97.0
New proportion fnorm 1 0.86030316
New proportion fnorm 2 99.139694
Real Proportions... norm () = 0 norm (N2) = 100
equilibrium = 0
End of simulation
