
Starting simulation with random seed = 1432544848471

STEP RESUME
----------------------------
Step: 501
fnorm_average = 2.2
fNonorm_average = 1.9285715
fitness normalized for norm 1 = 2.2
fitness normalized for norm 2 = 1.9285715
Previous proportion norm 1 = 30.0
Previous proportion norm 2 = 70.0
New proportion fnorm 1 32.83582
New proportion fnorm 2 67.16418
Real Proportions... norm (N1) = 32 norm (N2) = 68
equilibrium = 0

STEP RESUME
----------------------------
Step: 1001
fnorm_average = 2.21875
fNonorm_average = 5.3786764
fitness normalized for norm 1 = 2.21875
fitness normalized for norm 2 = 5.3786764
Previous proportion norm 1 = 32.0
Previous proportion norm 2 = 68.0
New proportion fnorm 1 16.25644
New proportion fnorm 2 83.74356
Real Proportions... norm (N1) = 12 norm (N2) = 88
equilibrium = 0

STEP RESUME
----------------------------
Step: 1501
fnorm_average = 3.5
fNonorm_average = 8.886364
fitness normalized for norm 1 = 3.5
fitness normalized for norm 2 = 8.886364
Previous proportion norm 1 = 12.0
Previous proportion norm 2 = 88.0
New proportion fnorm 1 5.0970874
New proportion fnorm 2 94.902916
Real Proportions... norm (N1) = 5 norm (N2) = 95
equilibrium = 0

STEP RESUME
----------------------------
Step: 2001
fnorm_average = 1.0
fNonorm_average = 5.136842
fitness normalized for norm 1 = 1.0
fitness normalized for norm 2 = 5.136842
Previous proportion norm 1 = 5.0
Previous proportion norm 2 = 95.0
New proportion fnorm 1 1.0141988
New proportion fnorm 2 98.9858
Real Proportions... norm (N1) = 2 norm (N2) = 98
equilibrium = 0

STEP RESUME
----------------------------
Step: 2501
fnorm_average = 5.0
fNonorm_average = 14.163265
fitness normalized for norm 1 = 5.0
fitness normalized for norm 2 = 14.163265
Previous proportion norm 1 = 2.0
Previous proportion norm 2 = 98.0
New proportion fnorm 1 0.7153076
New proportion fnorm 2 99.28469
Real Proportions... norm () = 0 norm (N2) = 100
equilibrium = 0
End of simulation
