
Starting simulation with random seed = 1432542497568

STEP RESUME
----------------------------
Step: 501
fnorm_average = 16.77143
fNonorm_average = 6.9857144
fitness normalized for norm 1 = 16.77143
fitness normalized for norm 2 = 6.9857144
Previous proportion norm 1 = 30.0
Previous proportion norm 2 = 70.0
New proportion fnorm 1 50.712746
New proportion fnorm 2 49.28726
Real Proportions... norm (N1) = 46 norm (No norm) = 54
equilibrium = 0

STEP RESUME
----------------------------
Step: 1001
fnorm_average = 10.018518
fNonorm_average = 4.759259
fitness normalized for norm 1 = 10.018518
fitness normalized for norm 2 = 4.759259
Previous proportion norm 1 = 46.0
Previous proportion norm 2 = 54.0
New proportion fnorm 1 64.198746
New proportion fnorm 2 35.80126
Real Proportions... norm (N1) = 68 norm (No norm) = 32
equilibrium = 0

STEP RESUME
----------------------------
Step: 1501
fnorm_average = 10.154411
fNonorm_average = 3.8125
fitness normalized for norm 1 = 10.154411
fitness normalized for norm 2 = 3.8125
Previous proportion norm 1 = 68.0
Previous proportion norm 2 = 32.0
New proportion fnorm 1 84.98461
New proportion fnorm 2 15.015385
Real Proportions... norm (N1) = 90 norm (No norm) = 10
equilibrium = 0

STEP RESUME
----------------------------
Step: 2001
fnorm_average = 10.922222
fNonorm_average = 3.4
fitness normalized for norm 1 = 10.922222
fitness normalized for norm 2 = 3.4
Previous proportion norm 1 = 90.0
Previous proportion norm 2 = 10.0
New proportion fnorm 1 96.65684
New proportion fnorm 2 3.343166
Real Proportions... norm (N1) = 96 norm (No norm) = 4
equilibrium = 0

STEP RESUME
----------------------------
Step: 2501
fnorm_average = 6.75
fNonorm_average = 1.0
fitness normalized for norm 1 = 6.75
fitness normalized for norm 2 = 1.0
Previous proportion norm 1 = 96.0
Previous proportion norm 2 = 4.0
New proportion fnorm 1 99.386505
New proportion fnorm 2 0.6134969
Real Proportions... norm (N1) = 99 norm (No norm) = 1
equilibrium = 0

STEP RESUME
----------------------------
Step: 3001
fnorm_average = 18.878788
fNonorm_average = 7.0
fitness normalized for norm 1 = 18.878788
fitness normalized for norm 2 = 7.0
Previous proportion norm 1 = 99.0
Previous proportion norm 2 = 1.0
New proportion fnorm 1 99.62686
New proportion fnorm 2 0.37313432
Real Proportions... norm (N1) = 99 norm (No norm) = 1
equilibrium = 1

STEP RESUME
----------------------------
Step: 3501
fnorm_average = 5.010101
fNonorm_average = 5.0
fitness normalized for norm 1 = 5.010101
fitness normalized for norm 2 = 5.0
Previous proportion norm 1 = 99.0
Previous proportion norm 2 = 1.0
New proportion fnorm 1 99.002
New proportion fnorm 2 0.9980041
Real Proportions... norm (N1) = 100 norm () = 0
equilibrium = 0
End of simulation
