
Starting simulation with random seed = 1432542510135

STEP RESUME
----------------------------
Step: 501
fnorm_average = 15.428572
fNonorm_average = 6.214286
fitness normalized for norm 1 = 15.428572
fitness normalized for norm 2 = 6.214286
Previous proportion norm 1 = 30.0
Previous proportion norm 2 = 70.0
New proportion fnorm 1 51.55131
New proportion fnorm 2 48.448685
Real Proportions... norm (N1) = 50 norm (No norm) = 50
equilibrium = 0

STEP RESUME
----------------------------
Step: 1001
fnorm_average = 6.3
fNonorm_average = 2.54
fitness normalized for norm 1 = 6.3
fitness normalized for norm 2 = 2.54
Previous proportion norm 1 = 50.0
Previous proportion norm 2 = 50.0
New proportion fnorm 1 71.26697
New proportion fnorm 2 28.733032
Real Proportions... norm (N1) = 67 norm (No norm) = 33
equilibrium = 0

STEP RESUME
----------------------------
Step: 1501
fnorm_average = 9.182722
fNonorm_average = 3.121212
fitness normalized for norm 1 = 9.182722
fitness normalized for norm 2 = 3.121212
Previous proportion norm 1 = 67.0
Previous proportion norm 2 = 33.0
New proportion fnorm 1 85.65944
New proportion fnorm 2 14.340563
Real Proportions... norm (N1) = 83 norm (No norm) = 17
equilibrium = 0

STEP RESUME
----------------------------
Step: 2001
fnorm_average = 9.590362
fNonorm_average = 3.0
fitness normalized for norm 1 = 9.590362
fitness normalized for norm 2 = 3.0
Previous proportion norm 1 = 83.0
Previous proportion norm 2 = 17.0
New proportion fnorm 1 93.97875
New proportion fnorm 2 6.0212517
Real Proportions... norm (N1) = 98 norm (No norm) = 2
equilibrium = 0

STEP RESUME
----------------------------
Step: 2501
fnorm_average = 5.857143
fNonorm_average = 0.5
fitness normalized for norm 1 = 5.857143
fitness normalized for norm 2 = 0.5
Previous proportion norm 1 = 98.0
Previous proportion norm 2 = 2.0
New proportion fnorm 1 99.82609
New proportion fnorm 2 0.17391305
Real Proportions... norm (N1) = 99 norm (No norm) = 1
equilibrium = 0

STEP RESUME
----------------------------
Step: 3001
fnorm_average = 18.878788
fNonorm_average = 7.0
fitness normalized for norm 1 = 18.878788
fitness normalized for norm 2 = 7.0
Previous proportion norm 1 = 99.0
Previous proportion norm 2 = 1.0
New proportion fnorm 1 99.62686
New proportion fnorm 2 0.37313432
Real Proportions... norm (N1) = 99 norm (No norm) = 1
equilibrium = 1

STEP RESUME
----------------------------
Step: 3501
fnorm_average = 18.868687
fNonorm_average = 7.0
fitness normalized for norm 1 = 18.868687
fitness normalized for norm 2 = 7.0
Previous proportion norm 1 = 99.0
Previous proportion norm 2 = 1.0
New proportion fnorm 1 99.62666
New proportion fnorm 2 0.37333333
Real Proportions... norm (N1) = 100 norm () = 0
equilibrium = 0
End of simulation
