
Starting simulation with random seed = 1432542441409

STEP RESUME
----------------------------
Step: 501
fnorm_average = 13.338095
fNonorm_average = 4.9857144
fitness normalized for norm 1 = 13.338095
fitness normalized for norm 2 = 4.9857144
Previous proportion norm 1 = 30.0
Previous proportion norm 2 = 70.0
New proportion fnorm 1 53.413425
New proportion fnorm 2 46.586575
Real Proportions... norm (N1) = 59 norm (No norm) = 41
equilibrium = 0

STEP RESUME
----------------------------
Step: 1001
fnorm_average = 5.895825
fNonorm_average = 1.8292683
fitness normalized for norm 1 = 5.895825
fitness normalized for norm 2 = 1.8292683
Previous proportion norm 1 = 59.0
Previous proportion norm 2 = 41.0
New proportion fnorm 1 82.26337
New proportion fnorm 2 17.736631
Real Proportions... norm (N1) = 82 norm (No norm) = 18
equilibrium = 0

STEP RESUME
----------------------------
Step: 1501
fnorm_average = 13.601625
fNonorm_average = 5.1666665
fitness normalized for norm 1 = 13.601625
fitness normalized for norm 2 = 5.1666665
Previous proportion norm 1 = 82.0
Previous proportion norm 2 = 18.0
New proportion fnorm 1 92.30345
New proportion fnorm 2 7.6965528
Real Proportions... norm (N1) = 92 norm (No norm) = 8
equilibrium = 0

STEP RESUME
----------------------------
Step: 2001
fnorm_average = 12.423913
fNonorm_average = 4.0
fitness normalized for norm 1 = 12.423913
fitness normalized for norm 2 = 4.0
Previous proportion norm 1 = 92.0
Previous proportion norm 2 = 8.0
New proportion fnorm 1 97.276596
New proportion fnorm 2 2.7234042
Real Proportions... norm (N1) = 96 norm (No norm) = 4
equilibrium = 0

STEP RESUME
----------------------------
Step: 2501
fnorm_average = 9.6875
fNonorm_average = 2.5
fitness normalized for norm 1 = 9.6875
fitness normalized for norm 2 = 2.5
Previous proportion norm 1 = 96.0
Previous proportion norm 2 = 4.0
New proportion fnorm 1 98.93617
New proportion fnorm 2 1.0638298
Real Proportions... norm (N1) = 98 norm (No norm) = 2
equilibrium = 0

STEP RESUME
----------------------------
Step: 3001
fnorm_average = 6.877551
fNonorm_average = 1.0
fitness normalized for norm 1 = 6.877551
fitness normalized for norm 2 = 1.0
Previous proportion norm 1 = 98.0
Previous proportion norm 2 = 2.0
New proportion fnorm 1 99.70414
New proportion fnorm 2 0.295858
Real Proportions... norm (N1) = 100 norm () = 0
equilibrium = 0
End of simulation
