
Starting simulation with random seed = 1432555877858

STEP RESUME
----------------------------
Step: 501
fnorm_average = 3.25
fNonorm_average = 1.9
fitness normalized for norm 1 = 3.25
fitness normalized for norm 2 = 1.9
Previous proportion norm 1 = 40.0
Previous proportion norm 2 = 60.0
New proportion fnorm 1 53.27869
New proportion fnorm 2 46.721313
Real Proportions... norm (N1) = 51 norm (N2) = 49
equilibrium = 0

STEP RESUME
----------------------------
Step: 1001
fnorm_average = 1.110044
fNonorm_average = 0.6530612
fitness normalized for norm 1 = 1.110044
fitness normalized for norm 2 = 0.6530612
Previous proportion norm 1 = 51.0
Previous proportion norm 2 = 49.0
New proportion fnorm 1 63.887608
New proportion fnorm 2 36.112392
Real Proportions... norm (N1) = 72 norm (N2) = 28
equilibrium = 0

STEP RESUME
----------------------------
Step: 1501
fnorm_average = 4.6369047
fNonorm_average = 1.2142857
fitness normalized for norm 1 = 4.6369047
fitness normalized for norm 2 = 1.2142857
Previous proportion norm 1 = 72.0
Previous proportion norm 2 = 28.0
New proportion fnorm 1 90.75728
New proportion fnorm 2 9.242719
Real Proportions... norm (N1) = 87 norm (N2) = 13
equilibrium = 0

STEP RESUME
----------------------------
Step: 2001
fnorm_average = 10.019452
fNonorm_average = 3.5384614
fitness normalized for norm 1 = 10.019452
fitness normalized for norm 2 = 3.5384614
Previous proportion norm 1 = 87.0
Previous proportion norm 2 = 13.0
New proportion fnorm 1 94.98743
New proportion fnorm 2 5.0125732
Real Proportions... norm (N1) = 98 norm (N2) = 2
equilibrium = 0

STEP RESUME
----------------------------
Step: 2501
fnorm_average = 4.9183674
fNonorm_average = 2.0
fitness normalized for norm 1 = 4.9183674
fitness normalized for norm 2 = 2.0
Previous proportion norm 1 = 98.0
Previous proportion norm 2 = 2.0
New proportion fnorm 1 99.176956
New proportion fnorm 2 0.82304525
Real Proportions... norm (N1) = 98 norm (N2) = 2
equilibrium = 1

STEP RESUME
----------------------------
Step: 3001
fnorm_average = 4.663265
fNonorm_average = 0.5
fitness normalized for norm 1 = 4.663265
fitness normalized for norm 2 = 0.5
Previous proportion norm 1 = 98.0
Previous proportion norm 2 = 2.0
New proportion fnorm 1 99.78166
New proportion fnorm 2 0.21834062
Real Proportions... norm (N1) = 97 norm (N2) = 3
equilibrium = 0

STEP RESUME
----------------------------
Step: 3501
fnorm_average = 11.316151
fNonorm_average = 3.3333333
fitness normalized for norm 1 = 11.316151
fitness normalized for norm 2 = 3.3333333
Previous proportion norm 1 = 97.0
Previous proportion norm 2 = 3.0
New proportion fnorm 1 99.097206
New proportion fnorm 2 0.90279865
Real Proportions... norm (N1) = 100 norm () = 0
equilibrium = 0
End of simulation
