
Starting simulation with random seed = 1432555828048

STEP RESUME
----------------------------
Step: 501
fnorm_average = 3.325
fNonorm_average = 2.3333333
fitness normalized for norm 1 = 3.325
fitness normalized for norm 2 = 2.3333333
Previous proportion norm 1 = 40.0
Previous proportion norm 2 = 60.0
New proportion fnorm 1 48.71795
New proportion fnorm 2 51.282055
Real Proportions... norm (N1) = 51 norm (N2) = 49
equilibrium = 0

STEP RESUME
----------------------------
Step: 1001
fnorm_average = 1.8431373
fNonorm_average = 2.012805
fitness normalized for norm 1 = 1.8431373
fitness normalized for norm 2 = 2.012805
Previous proportion norm 1 = 51.0
Previous proportion norm 2 = 49.0
New proportion fnorm 1 48.798862
New proportion fnorm 2 51.201134
Real Proportions... norm (N1) = 52 norm (N2) = 48
equilibrium = 0

STEP RESUME
----------------------------
Step: 1501
fnorm_average = 1.0064104
fNonorm_average = 0.9166667
fitness normalized for norm 1 = 1.0064104
fitness normalized for norm 2 = 0.9166667
Previous proportion norm 1 = 52.0
Previous proportion norm 2 = 48.0
New proportion fnorm 1 54.32526
New proportion fnorm 2 45.674736
Real Proportions... norm (N1) = 44 norm (N2) = 56
equilibrium = 0

STEP RESUME
----------------------------
Step: 2001
fnorm_average = 1.4285715
fNonorm_average = 0.4642857
fitness normalized for norm 1 = 1.4285715
fitness normalized for norm 2 = 0.4642857
Previous proportion norm 1 = 44.0
Previous proportion norm 2 = 56.0
New proportion fnorm 1 70.73955
New proportion fnorm 2 29.260448
Real Proportions... norm (N1) = 68 norm (N2) = 32
equilibrium = 0

STEP RESUME
----------------------------
Step: 2501
fnorm_average = 2.702206
fNonorm_average = 0.96875
fitness normalized for norm 1 = 2.702206
fitness normalized for norm 2 = 0.96875
Previous proportion norm 1 = 68.0
Previous proportion norm 2 = 32.0
New proportion fnorm 1 85.564606
New proportion fnorm 2 14.4353895
Real Proportions... norm (N1) = 81 norm (N2) = 19
equilibrium = 0

STEP RESUME
----------------------------
Step: 3001
fnorm_average = 3.6374269
fNonorm_average = 0.2631579
fitness normalized for norm 1 = 3.6374269
fitness normalized for norm 2 = 0.2631579
Previous proportion norm 1 = 81.0
Previous proportion norm 2 = 19.0
New proportion fnorm 1 98.33128
New proportion fnorm 2 1.6687161
Real Proportions... norm (N1) = 97 norm (N2) = 3
equilibrium = 0

STEP RESUME
----------------------------
Step: 3501
fnorm_average = 13.756014
fNonorm_average = 4.6666665
fitness normalized for norm 1 = 13.756014
fitness normalized for norm 2 = 4.6666665
Previous proportion norm 1 = 97.0
Previous proportion norm 2 = 3.0
New proportion fnorm 1 98.96168
New proportion fnorm 2 1.0383189
Real Proportions... norm (N1) = 97 norm (N2) = 3
equilibrium = 1

STEP RESUME
----------------------------
Step: 4001
fnorm_average = 7.9828176
fNonorm_average = 1.6666666
fitness normalized for norm 1 = 7.9828176
fitness normalized for norm 2 = 1.6666666
Previous proportion norm 1 = 97.0
Previous proportion norm 2 = 3.0
New proportion fnorm 1 99.35843
New proportion fnorm 2 0.641574
Real Proportions... norm (N1) = 99 norm (N2) = 1
equilibrium = 0

STEP RESUME
----------------------------
Step: 4501
fnorm_average = 6.939394
fNonorm_average = 1.0
fitness normalized for norm 1 = 6.939394
fitness normalized for norm 2 = 1.0
Previous proportion norm 1 = 99.0
Previous proportion norm 2 = 1.0
New proportion fnorm 1 99.85465
New proportion fnorm 2 0.14534883
Real Proportions... norm (N1) = 98 norm (N2) = 2
equilibrium = 0

STEP RESUME
----------------------------
Step: 5001
fnorm_average = 4.9591837
fNonorm_average = 2.5
fitness normalized for norm 1 = 4.9591837
fitness normalized for norm 2 = 2.5
Previous proportion norm 1 = 98.0
Previous proportion norm 2 = 2.0
New proportion fnorm 1 98.981674
New proportion fnorm 2 1.0183299
Real Proportions... norm (N1) = 98 norm (N2) = 2
equilibrium = 1

STEP RESUME
----------------------------
Step: 5501
fnorm_average = 6.7244897
fNonorm_average = 1.0
fitness normalized for norm 1 = 6.7244897
fitness normalized for norm 2 = 1.0
Previous proportion norm 1 = 98.0
Previous proportion norm 2 = 2.0
New proportion fnorm 1 99.697426
New proportion fnorm 2 0.30257186
Real Proportions... norm (N1) = 100 norm () = 0
equilibrium = 0
End of simulation
