
Starting simulation with random seed = 1432555922291

STEP RESUME
----------------------------
Step: 501
fnorm_average = 2.125
fNonorm_average = 1.7333333
fitness normalized for norm 1 = 2.125
fitness normalized for norm 2 = 1.7333333
Previous proportion norm 1 = 40.0
Previous proportion norm 2 = 60.0
New proportion fnorm 1 44.973545
New proportion fnorm 2 55.026455
Real Proportions... norm (N1) = 40 norm (N2) = 60
equilibrium = 1

STEP RESUME
----------------------------
Step: 1001
fnorm_average = 2.175
fNonorm_average = 2.9333334
fitness normalized for norm 1 = 2.175
fitness normalized for norm 2 = 2.9333334
Previous proportion norm 1 = 40.0
Previous proportion norm 2 = 60.0
New proportion fnorm 1 33.07985
New proportion fnorm 2 66.92015
Real Proportions... norm (N1) = 35 norm (N2) = 65
equilibrium = 0

STEP RESUME
----------------------------
Step: 1501
fnorm_average = 2.8285713
fNonorm_average = 5.810989
fitness normalized for norm 1 = 2.8285713
fitness normalized for norm 2 = 5.810989
Previous proportion norm 1 = 35.0
Previous proportion norm 2 = 65.0
New proportion fnorm 1 20.767157
New proportion fnorm 2 79.23284
Real Proportions... norm (N1) = 20 norm (N2) = 80
equilibrium = 0

STEP RESUME
----------------------------
Step: 2001
fnorm_average = 3.45
fNonorm_average = 8.3
fitness normalized for norm 1 = 3.45
fitness normalized for norm 2 = 8.3
Previous proportion norm 1 = 20.0
Previous proportion norm 2 = 80.0
New proportion fnorm 1 9.41337
New proportion fnorm 2 90.58663
Real Proportions... norm (N1) = 12 norm (N2) = 88
equilibrium = 0

STEP RESUME
----------------------------
Step: 2501
fnorm_average = 0.5
fNonorm_average = 3.9772727
fitness normalized for norm 1 = 0.5
fitness normalized for norm 2 = 3.9772727
Previous proportion norm 1 = 12.0
Previous proportion norm 2 = 88.0
New proportion fnorm 1 1.6853932
New proportion fnorm 2 98.314606
Real Proportions... norm (N1) = 2 norm (N2) = 98
equilibrium = 0

STEP RESUME
----------------------------
Step: 3001
fnorm_average = 0.0
fNonorm_average = 4.214286
fitness normalized for norm 1 = 0.0
fitness normalized for norm 2 = 4.214286
Previous proportion norm 1 = 2.0
Previous proportion norm 2 = 98.0
New proportion fnorm 1 0.0
New proportion fnorm 2 100.0
Real Proportions... norm () = 0 norm (N2) = 100
equilibrium = 0
End of simulation
