
Starting simulation with random seed = 1432555868973

STEP RESUME
----------------------------
Step: 501
fnorm_average = 2.425
fNonorm_average = 0.71666664
fitness normalized for norm 1 = 2.425
fitness normalized for norm 2 = 0.71666664
Previous proportion norm 1 = 40.0
Previous proportion norm 2 = 60.0
New proportion fnorm 1 69.28571
New proportion fnorm 2 30.714285
Real Proportions... norm (N1) = 69 norm (N2) = 31
equilibrium = 0

STEP RESUME
----------------------------
Step: 1001
fnorm_average = 3.4796634
fNonorm_average = 0.9354839
fitness normalized for norm 1 = 3.4796634
fitness normalized for norm 2 = 0.9354839
Previous proportion norm 1 = 69.0
Previous proportion norm 2 = 31.0
New proportion fnorm 1 89.223206
New proportion fnorm 2 10.776793
Real Proportions... norm (N1) = 88 norm (N2) = 12
equilibrium = 0

STEP RESUME
----------------------------
Step: 1501
fnorm_average = 4.715909
fNonorm_average = 0.5
fitness normalized for norm 1 = 4.715909
fitness normalized for norm 2 = 0.5
Previous proportion norm 1 = 88.0
Previous proportion norm 2 = 12.0
New proportion fnorm 1 98.57482
New proportion fnorm 2 1.4251782
Real Proportions... norm (N1) = 97 norm (N2) = 3
equilibrium = 0

STEP RESUME
----------------------------
Step: 2001
fnorm_average = 11.213058
fNonorm_average = 3.3333333
fitness normalized for norm 1 = 11.213058
fitness normalized for norm 2 = 3.3333333
Previous proportion norm 1 = 97.0
Previous proportion norm 2 = 3.0
New proportion fnorm 1 99.08898
New proportion fnorm 2 0.9110234
Real Proportions... norm (N1) = 100 norm () = 0
equilibrium = 0
End of simulation
