
Starting simulation with random seed = 1432542700662

STEP RESUME
----------------------------
Step: 501
fnorm_average = 14.052381
fNonorm_average = 4.9333334
fitness normalized for norm 1 = 14.052381
fitness normalized for norm 2 = 4.9333334
Previous proportion norm 1 = 70.0
Previous proportion norm 2 = 30.0
New proportion fnorm 1 86.92194
New proportion fnorm 2 13.078056
Real Proportions... norm (N1) = 86 norm (No norm) = 14
equilibrium = 0

STEP RESUME
----------------------------
Step: 1001
fnorm_average = 9.285714
fNonorm_average = 2.642857
fitness normalized for norm 1 = 9.285714
fitness normalized for norm 2 = 2.642857
Previous proportion norm 1 = 86.0
Previous proportion norm 2 = 14.0
New proportion fnorm 1 95.57189
New proportion fnorm 2 4.4281073
Real Proportions... norm (N1) = 94 norm (No norm) = 6
equilibrium = 0

STEP RESUME
----------------------------
Step: 1501
fnorm_average = 4.87234
fNonorm_average = 3.1666667
fitness normalized for norm 1 = 4.87234
fitness normalized for norm 2 = 3.1666667
Previous proportion norm 1 = 94.0
Previous proportion norm 2 = 6.0
New proportion fnorm 1 96.01677
New proportion fnorm 2 3.9832287
Real Proportions... norm (N1) = 96 norm (No norm) = 4
equilibrium = 0

STEP RESUME
----------------------------
Step: 2001
fnorm_average = 4.9270835
fNonorm_average = 0.5
fitness normalized for norm 1 = 4.9270835
fitness normalized for norm 2 = 0.5
Previous proportion norm 1 = 96.0
Previous proportion norm 2 = 4.0
New proportion fnorm 1 99.57895
New proportion fnorm 2 0.4210526
Real Proportions... norm (N1) = 98 norm (No norm) = 2
equilibrium = 0

STEP RESUME
----------------------------
Step: 2501
fnorm_average = 5.0102043
fNonorm_average = 5.0
fitness normalized for norm 1 = 5.0102043
fitness normalized for norm 2 = 5.0
Previous proportion norm 1 = 98.0
Previous proportion norm 2 = 2.0
New proportion fnorm 1 98.00399
New proportion fnorm 2 1.9960079
Real Proportions... norm (N1) = 98 norm (No norm) = 2
equilibrium = 1

STEP RESUME
----------------------------
Step: 3001
fnorm_average = 6.867347
fNonorm_average = 1.0
fitness normalized for norm 1 = 6.867347
fitness normalized for norm 2 = 1.0
Previous proportion norm 1 = 98.0
Previous proportion norm 2 = 2.0
New proportion fnorm 1 99.703705
New proportion fnorm 2 0.2962963
Real Proportions... norm (N1) = 99 norm (No norm) = 1
equilibrium = 0

STEP RESUME
----------------------------
Step: 3501
fnorm_average = 6.939394
fNonorm_average = 1.0
fitness normalized for norm 1 = 6.939394
fitness normalized for norm 2 = 1.0
Previous proportion norm 1 = 99.0
Previous proportion norm 2 = 1.0
New proportion fnorm 1 99.85465
New proportion fnorm 2 0.14534883
Real Proportions... norm (N1) = 98 norm (No norm) = 2
equilibrium = 0

STEP RESUME
----------------------------
Step: 4001
fnorm_average = 6.887755
fNonorm_average = 1.0
fitness normalized for norm 1 = 6.887755
fitness normalized for norm 2 = 1.0
Previous proportion norm 1 = 98.0
Previous proportion norm 2 = 2.0
New proportion fnorm 1 99.70458
New proportion fnorm 2 0.29542097
Real Proportions... norm (N1) = 100 norm () = 0
equilibrium = 0
End of simulation
