
Starting simulation with random seed = 1432542668728

STEP RESUME
----------------------------
Step: 501
fnorm_average = 16.519047
fNonorm_average = 6.0666666
fitness normalized for norm 1 = 16.519047
fitness normalized for norm 2 = 6.0666666
Previous proportion norm 1 = 70.0
Previous proportion norm 2 = 30.0
New proportion fnorm 1 86.401
New proportion fnorm 2 13.599004
Real Proportions... norm (N1) = 88 norm (No norm) = 12
equilibrium = 0

STEP RESUME
----------------------------
Step: 1001
fnorm_average = 9.068182
fNonorm_average = 2.5
fitness normalized for norm 1 = 9.068182
fitness normalized for norm 2 = 2.5
Previous proportion norm 1 = 88.0
Previous proportion norm 2 = 12.0
New proportion fnorm 1 96.376816
New proportion fnorm 2 3.6231883
Real Proportions... norm (N1) = 98 norm (No norm) = 2
equilibrium = 0

STEP RESUME
----------------------------
Step: 1501
fnorm_average = 6.867347
fNonorm_average = 1.0
fitness normalized for norm 1 = 6.867347
fitness normalized for norm 2 = 1.0
Previous proportion norm 1 = 98.0
Previous proportion norm 2 = 2.0
New proportion fnorm 1 99.703705
New proportion fnorm 2 0.2962963
Real Proportions... norm (N1) = 99 norm (No norm) = 1
equilibrium = 0

STEP RESUME
----------------------------
Step: 2001
fnorm_average = 16.868687
fNonorm_average = 6.0
fitness normalized for norm 1 = 16.868687
fitness normalized for norm 2 = 6.0
Previous proportion norm 1 = 99.0
Previous proportion norm 2 = 1.0
New proportion fnorm 1 99.642006
New proportion fnorm 2 0.35799524
Real Proportions... norm (N1) = 99 norm (No norm) = 1
equilibrium = 1

STEP RESUME
----------------------------
Step: 2501
fnorm_average = 5.0
fNonorm_average = 5.0
fitness normalized for norm 1 = 5.0
fitness normalized for norm 2 = 5.0
Previous proportion norm 1 = 99.0
Previous proportion norm 2 = 1.0
New proportion fnorm 1 99.0
New proportion fnorm 2 1.0
Real Proportions... norm (N1) = 98 norm (No norm) = 2
equilibrium = 0

STEP RESUME
----------------------------
Step: 3001
fnorm_average = 6.877551
fNonorm_average = 1.0
fitness normalized for norm 1 = 6.877551
fitness normalized for norm 2 = 1.0
Previous proportion norm 1 = 98.0
Previous proportion norm 2 = 2.0
New proportion fnorm 1 99.70414
New proportion fnorm 2 0.295858
Real Proportions... norm (N1) = 97 norm (No norm) = 3
equilibrium = 0

STEP RESUME
----------------------------
Step: 3501
fnorm_average = 5.0
fNonorm_average = 5.0
fitness normalized for norm 1 = 5.0
fitness normalized for norm 2 = 5.0
Previous proportion norm 1 = 97.0
Previous proportion norm 2 = 3.0
New proportion fnorm 1 97.0
New proportion fnorm 2 3.0
Real Proportions... norm (N1) = 99 norm (No norm) = 1
equilibrium = 0

STEP RESUME
----------------------------
Step: 4001
fnorm_average = 6.939394
fNonorm_average = 1.0
fitness normalized for norm 1 = 6.939394
fitness normalized for norm 2 = 1.0
Previous proportion norm 1 = 99.0
Previous proportion norm 2 = 1.0
New proportion fnorm 1 99.85465
New proportion fnorm 2 0.14534883
Real Proportions... norm (N1) = 100 norm () = 0
equilibrium = 0
End of simulation
