
Starting simulation with random seed = 1432542723287

STEP RESUME
----------------------------
Step: 501
fnorm_average = 12.076191
fNonorm_average = 3.9666667
fitness normalized for norm 1 = 12.076191
fitness normalized for norm 2 = 3.9666667
Previous proportion norm 1 = 70.0
Previous proportion norm 2 = 30.0
New proportion fnorm 1 87.659874
New proportion fnorm 2 12.340131
Real Proportions... norm (N1) = 85 norm (No norm) = 15
equilibrium = 0

STEP RESUME
----------------------------
Step: 1001
fnorm_average = 11.909803
fNonorm_average = 4.0666666
fitness normalized for norm 1 = 11.909803
fitness normalized for norm 2 = 4.0666666
Previous proportion norm 1 = 85.0
Previous proportion norm 2 = 15.0
New proportion fnorm 1 94.31677
New proportion fnorm 2 5.6832304
Real Proportions... norm (N1) = 95 norm (No norm) = 5
equilibrium = 0

STEP RESUME
----------------------------
Step: 1501
fnorm_average = 8.578947
fNonorm_average = 2.0
fitness normalized for norm 1 = 8.578947
fitness normalized for norm 2 = 2.0
Previous proportion norm 1 = 95.0
Previous proportion norm 2 = 5.0
New proportion fnorm 1 98.78788
New proportion fnorm 2 1.2121211
Real Proportions... norm (N1) = 97 norm (No norm) = 3
equilibrium = 0

STEP RESUME
----------------------------
Step: 2001
fnorm_average = 10.762886
fNonorm_average = 3.0
fitness normalized for norm 1 = 10.762886
fitness normalized for norm 2 = 3.0
Previous proportion norm 1 = 97.0
Previous proportion norm 2 = 3.0
New proportion fnorm 1 99.1453
New proportion fnorm 2 0.8547009
Real Proportions... norm (N1) = 98 norm (No norm) = 2
equilibrium = 0

STEP RESUME
----------------------------
Step: 2501
fnorm_average = 12.816326
fNonorm_average = 4.0
fitness normalized for norm 1 = 12.816326
fitness normalized for norm 2 = 4.0
Previous proportion norm 1 = 98.0
Previous proportion norm 2 = 2.0
New proportion fnorm 1 99.36709
New proportion fnorm 2 0.6329114
Real Proportions... norm (N1) = 100 norm () = 0
equilibrium = 0
End of simulation
