
Starting simulation with random seed = 1432541662291

STEP RESUME
----------------------------
Step: 501
fnorm_average = 17.66
fNonorm_average = 7.0
fitness normalized for norm 1 = 17.66
fitness normalized for norm 2 = 7.0
Previous proportion norm 1 = 50.0
Previous proportion norm 2 = 50.0
New proportion fnorm 1 71.61395
New proportion fnorm 2 28.386051
Real Proportions... norm (N1) = 75 norm (No norm) = 25
equilibrium = 0

STEP RESUME
----------------------------
Step: 1001
fnorm_average = 12.146666
fNonorm_average = 4.68
fitness normalized for norm 1 = 12.146666
fitness normalized for norm 2 = 4.68
Previous proportion norm 1 = 75.0
Previous proportion norm 2 = 25.0
New proportion fnorm 1 88.61868
New proportion fnorm 2 11.381324
Real Proportions... norm (N1) = 89 norm (No norm) = 11
equilibrium = 0

STEP RESUME
----------------------------
Step: 1501
fnorm_average = 10.599591
fNonorm_average = 3.1818182
fitness normalized for norm 1 = 10.599591
fitness normalized for norm 2 = 3.1818182
Previous proportion norm 1 = 89.0
Previous proportion norm 2 = 11.0
New proportion fnorm 1 96.4226
New proportion fnorm 2 3.5774019
Real Proportions... norm (N1) = 99 norm (No norm) = 1
equilibrium = 0

STEP RESUME
----------------------------
Step: 2001
fnorm_average = 5.0
fNonorm_average = 5.0
fitness normalized for norm 1 = 5.0
fitness normalized for norm 2 = 5.0
Previous proportion norm 1 = 99.0
Previous proportion norm 2 = 1.0
New proportion fnorm 1 99.0
New proportion fnorm 2 1.0
Real Proportions... norm (N1) = 100 norm () = 0
equilibrium = 0
End of simulation
