
Starting simulation with random seed = 1432541671121

STEP RESUME
----------------------------
Step: 501
fnorm_average = 18.960001
fNonorm_average = 7.82
fitness normalized for norm 1 = 18.960001
fitness normalized for norm 2 = 7.82
Previous proportion norm 1 = 50.0
Previous proportion norm 2 = 50.0
New proportion fnorm 1 70.7991
New proportion fnorm 2 29.200897
Real Proportions... norm (N1) = 65 norm (No norm) = 35
equilibrium = 0

STEP RESUME
----------------------------
Step: 1001
fnorm_average = 10.03956
fNonorm_average = 3.5428572
fitness normalized for norm 1 = 10.03956
fitness normalized for norm 2 = 3.5428572
Previous proportion norm 1 = 65.0
Previous proportion norm 2 = 35.0
New proportion fnorm 1 84.03237
New proportion fnorm 2 15.967624
Real Proportions... norm (N1) = 81 norm (No norm) = 19
equilibrium = 0

STEP RESUME
----------------------------
Step: 1501
fnorm_average = 11.161144
fNonorm_average = 4.105263
fitness normalized for norm 1 = 11.161144
fitness normalized for norm 2 = 4.105263
Previous proportion norm 1 = 81.0
Previous proportion norm 2 = 19.0
New proportion fnorm 1 92.05746
New proportion fnorm 2 7.942548
Real Proportions... norm (N1) = 89 norm (No norm) = 11
equilibrium = 0

STEP RESUME
----------------------------
Step: 2001
fnorm_average = 11.865169
fNonorm_average = 4.0
fitness normalized for norm 1 = 11.865169
fitness normalized for norm 2 = 4.0
Previous proportion norm 1 = 89.0
Previous proportion norm 2 = 11.0
New proportion fnorm 1 96.0
New proportion fnorm 2 4.0
Real Proportions... norm (N1) = 96 norm (No norm) = 4
equilibrium = 0

STEP RESUME
----------------------------
Step: 2501
fnorm_average = 4.78125
fNonorm_average = 0.5
fitness normalized for norm 1 = 4.78125
fitness normalized for norm 2 = 0.5
Previous proportion norm 1 = 96.0
Previous proportion norm 2 = 4.0
New proportion fnorm 1 99.56616
New proportion fnorm 2 0.4338395
Real Proportions... norm (N1) = 99 norm (No norm) = 1
equilibrium = 0

STEP RESUME
----------------------------
Step: 3001
fnorm_average = 6.939394
fNonorm_average = 1.0
fitness normalized for norm 1 = 6.939394
fitness normalized for norm 2 = 1.0
Previous proportion norm 1 = 99.0
Previous proportion norm 2 = 1.0
New proportion fnorm 1 99.85465
New proportion fnorm 2 0.14534883
Real Proportions... norm (N1) = 98 norm (No norm) = 2
equilibrium = 0

STEP RESUME
----------------------------
Step: 3501
fnorm_average = 6.867347
fNonorm_average = 1.0
fitness normalized for norm 1 = 6.867347
fitness normalized for norm 2 = 1.0
Previous proportion norm 1 = 98.0
Previous proportion norm 2 = 2.0
New proportion fnorm 1 99.703705
New proportion fnorm 2 0.2962963
Real Proportions... norm (N1) = 100 norm () = 0
equilibrium = 0
End of simulation
