
Starting simulation with random seed = 1432541744254

STEP RESUME
----------------------------
Step: 501
fnorm_average = 17.380001
fNonorm_average = 7.04
fitness normalized for norm 1 = 17.380001
fitness normalized for norm 2 = 7.04
Previous proportion norm 1 = 50.0
Previous proportion norm 2 = 50.0
New proportion fnorm 1 71.17117
New proportion fnorm 2 28.828829
Real Proportions... norm (N1) = 69 norm (No norm) = 31
equilibrium = 0

STEP RESUME
----------------------------
Step: 1001
fnorm_average = 4.0266476
fNonorm_average = 0.7741935
fitness normalized for norm 1 = 4.0266476
fitness normalized for norm 2 = 0.7741935
Previous proportion norm 1 = 69.0
Previous proportion norm 2 = 31.0
New proportion fnorm 1 92.04874
New proportion fnorm 2 7.9512672
Real Proportions... norm (N1) = 94 norm (No norm) = 6
equilibrium = 0

STEP RESUME
----------------------------
Step: 1501
fnorm_average = 4.787234
fNonorm_average = 2.1666667
fitness normalized for norm 1 = 4.787234
fitness normalized for norm 2 = 2.1666667
Previous proportion norm 1 = 94.0
Previous proportion norm 2 = 6.0
New proportion fnorm 1 97.19222
New proportion fnorm 2 2.8077755
Real Proportions... norm (N1) = 97 norm (No norm) = 3
equilibrium = 0

STEP RESUME
----------------------------
Step: 2001
fnorm_average = 14.701031
fNonorm_average = 5.0
fitness normalized for norm 1 = 14.701031
fitness normalized for norm 2 = 5.0
Previous proportion norm 1 = 97.0
Previous proportion norm 2 = 3.0
New proportion fnorm 1 98.95906
New proportion fnorm 2 1.0409439
Real Proportions... norm (N1) = 98 norm (No norm) = 2
equilibrium = 0

STEP RESUME
----------------------------
Step: 2501
fnorm_average = 4.9387755
fNonorm_average = 2.0
fitness normalized for norm 1 = 4.9387755
fitness normalized for norm 2 = 2.0
Previous proportion norm 1 = 98.0
Previous proportion norm 2 = 2.0
New proportion fnorm 1 99.18033
New proportion fnorm 2 0.8196721
Real Proportions... norm (N1) = 100 norm () = 0
equilibrium = 0
End of simulation
