
Starting simulation with random seed = 1432541704305

STEP RESUME
----------------------------
Step: 501
fnorm_average = 16.0
fNonorm_average = 6.1
fitness normalized for norm 1 = 16.0
fitness normalized for norm 2 = 6.1
Previous proportion norm 1 = 50.0
Previous proportion norm 2 = 50.0
New proportion fnorm 1 72.39819
New proportion fnorm 2 27.60181
Real Proportions... norm (N1) = 69 norm (No norm) = 31
equilibrium = 0

STEP RESUME
----------------------------
Step: 1001
fnorm_average = 11.3211775
fNonorm_average = 4.225806
fitness normalized for norm 1 = 11.3211775
fitness normalized for norm 2 = 4.225806
Previous proportion norm 1 = 69.0
Previous proportion norm 2 = 31.0
New proportion fnorm 1 85.638504
New proportion fnorm 2 14.361496
Real Proportions... norm (N1) = 87 norm (No norm) = 13
equilibrium = 0

STEP RESUME
----------------------------
Step: 1501
fnorm_average = 7.6949596
fNonorm_average = 1.6923077
fitness normalized for norm 1 = 7.6949596
fitness normalized for norm 2 = 1.6923077
Previous proportion norm 1 = 87.0
Previous proportion norm 2 = 13.0
New proportion fnorm 1 96.81834
New proportion fnorm 2 3.1816669
Real Proportions... norm (N1) = 93 norm (No norm) = 7
equilibrium = 0

STEP RESUME
----------------------------
Step: 2001
fnorm_average = 6.3701997
fNonorm_average = 0.85714287
fitness normalized for norm 1 = 6.3701997
fitness normalized for norm 2 = 0.85714287
Previous proportion norm 1 = 93.0
Previous proportion norm 2 = 7.0
New proportion fnorm 1 98.997375
New proportion fnorm 2 1.002626
Real Proportions... norm (N1) = 96 norm (No norm) = 4
equilibrium = 0

STEP RESUME
----------------------------
Step: 2501
fnorm_average = 4.875
fNonorm_average = 2.0
fitness normalized for norm 1 = 4.875
fitness normalized for norm 2 = 2.0
Previous proportion norm 1 = 96.0
Previous proportion norm 2 = 4.0
New proportion fnorm 1 98.31933
New proportion fnorm 2 1.6806724
Real Proportions... norm (N1) = 100 norm () = 0
equilibrium = 0
End of simulation
