
Starting simulation with random seed = 1432541754197

STEP RESUME
----------------------------
Step: 501
fnorm_average = 16.599998
fNonorm_average = 6.22
fitness normalized for norm 1 = 16.599998
fitness normalized for norm 2 = 6.22
Previous proportion norm 1 = 50.0
Previous proportion norm 2 = 50.0
New proportion fnorm 1 72.7432
New proportion fnorm 2 27.256792
Real Proportions... norm (N1) = 72 norm (No norm) = 28
equilibrium = 0

STEP RESUME
----------------------------
Step: 1001
fnorm_average = 11.134921
fNonorm_average = 3.9285715
fitness normalized for norm 1 = 11.134921
fitness normalized for norm 2 = 3.9285715
Previous proportion norm 1 = 72.0
Previous proportion norm 2 = 28.0
New proportion fnorm 1 87.934814
New proportion fnorm 2 12.065184
Real Proportions... norm (N1) = 89 norm (No norm) = 11
equilibrium = 0

STEP RESUME
----------------------------
Step: 1501
fnorm_average = 9.043922
fNonorm_average = 2.4545455
fitness normalized for norm 1 = 9.043922
fitness normalized for norm 2 = 2.4545455
Previous proportion norm 1 = 89.0
Previous proportion norm 2 = 11.0
New proportion fnorm 1 96.754456
New proportion fnorm 2 3.2455466
Real Proportions... norm (N1) = 97 norm (No norm) = 3
equilibrium = 0

STEP RESUME
----------------------------
Step: 2001
fnorm_average = 4.886598
fNonorm_average = 1.0
fitness normalized for norm 1 = 4.886598
fitness normalized for norm 2 = 1.0
Previous proportion norm 1 = 97.0
Previous proportion norm 2 = 3.0
New proportion fnorm 1 99.37107
New proportion fnorm 2 0.6289308
Real Proportions... norm (N1) = 98 norm (No norm) = 2
equilibrium = 0

STEP RESUME
----------------------------
Step: 2501
fnorm_average = 4.9387755
fNonorm_average = 2.0
fitness normalized for norm 1 = 4.9387755
fitness normalized for norm 2 = 2.0
Previous proportion norm 1 = 98.0
Previous proportion norm 2 = 2.0
New proportion fnorm 1 99.18033
New proportion fnorm 2 0.8196721
Real Proportions... norm (N1) = 100 norm () = 0
equilibrium = 0
End of simulation
