
Starting simulation with random seed = 1432541735400

STEP RESUME
----------------------------
Step: 501
fnorm_average = 14.64
fNonorm_average = 5.42
fitness normalized for norm 1 = 14.64
fitness normalized for norm 2 = 5.42
Previous proportion norm 1 = 50.0
Previous proportion norm 2 = 50.0
New proportion fnorm 1 72.98106
New proportion fnorm 2 27.018944
Real Proportions... norm (N1) = 72 norm (No norm) = 28
equilibrium = 0

STEP RESUME
----------------------------
Step: 1001
fnorm_average = 9.136905
fNonorm_average = 3.2142856
fitness normalized for norm 1 = 9.136905
fitness normalized for norm 2 = 3.2142856
Previous proportion norm 1 = 72.0
Previous proportion norm 2 = 28.0
New proportion fnorm 1 87.965614
New proportion fnorm 2 12.034384
Real Proportions... norm (N1) = 87 norm (No norm) = 13
equilibrium = 0

STEP RESUME
----------------------------
Step: 1501
fnorm_average = 12.19717
fNonorm_average = 4.230769
fitness normalized for norm 1 = 12.19717
fitness normalized for norm 2 = 4.230769
Previous proportion norm 1 = 87.0
Previous proportion norm 2 = 13.0
New proportion fnorm 1 95.072365
New proportion fnorm 2 4.927636
Real Proportions... norm (N1) = 94 norm (No norm) = 6
equilibrium = 0

STEP RESUME
----------------------------
Step: 2001
fnorm_average = 4.6702127
fNonorm_average = 0.0
fitness normalized for norm 1 = 4.6702127
fitness normalized for norm 2 = 0.0
Previous proportion norm 1 = 94.0
Previous proportion norm 2 = 6.0
New proportion fnorm 1 100.0
New proportion fnorm 2 0.0
Real Proportions... norm (N1) = 100 norm () = 0
equilibrium = 0
End of simulation
