
Starting simulation with random seed = 1432121865754

STEP RESUME
----------------------------
Step: 501
fnorm_average = 3.5
fNonorm_average = 1.7
fitness normalized for norm 1 = 3.5
fitness normalized for norm 2 = 1.7
Previous proportion norm 1 = 50.0
Previous proportion norm 2 = 50.0
New proportion fnorm 1 67.30769
New proportion fnorm 2 32.692307
Real Proportions... norm (N1) = 63 norm (N2) = 37
equilibrium = 0

STEP RESUME
----------------------------
Step: 1001
fnorm_average = 3.4401546
fNonorm_average = 1.6486486
fitness normalized for norm 1 = 3.4401546
fitness normalized for norm 2 = 1.6486486
Previous proportion norm 1 = 63.0
Previous proportion norm 2 = 37.0
New proportion fnorm 1 78.0362
New proportion fnorm 2 21.963799
Real Proportions... norm (N1) = 75 norm (N2) = 25
equilibrium = 0

STEP RESUME
----------------------------
Step: 1501
fnorm_average = 6.16
fNonorm_average = 2.2
fitness normalized for norm 1 = 6.16
fitness normalized for norm 2 = 2.2
Previous proportion norm 1 = 75.0
Previous proportion norm 2 = 25.0
New proportion fnorm 1 89.3617
New proportion fnorm 2 10.638298
Real Proportions... norm (N1) = 92 norm (N2) = 8
equilibrium = 0

STEP RESUME
----------------------------
Step: 2001
fnorm_average = 4.728261
fNonorm_average = 0.375
fitness normalized for norm 1 = 4.728261
fitness normalized for norm 2 = 0.375
Previous proportion norm 1 = 92.0
Previous proportion norm 2 = 8.0
New proportion fnorm 1 99.31507
New proportion fnorm 2 0.6849315
Real Proportions... norm (N1) = 98 norm (N2) = 2
equilibrium = 0

STEP RESUME
----------------------------
Step: 2501
fnorm_average = 7.734694
fNonorm_average = 1.5
fitness normalized for norm 1 = 7.734694
fitness normalized for norm 2 = 1.5
Previous proportion norm 1 = 98.0
Previous proportion norm 2 = 2.0
New proportion fnorm 1 99.60578
New proportion fnorm 2 0.39421815
Real Proportions... norm (N1) = 98 norm (N2) = 2
equilibrium = 1

STEP RESUME
----------------------------
Step: 3001
fnorm_average = 14.520409
fNonorm_average = 5.0
fitness normalized for norm 1 = 14.520409
fitness normalized for norm 2 = 5.0
Previous proportion norm 1 = 98.0
Previous proportion norm 2 = 2.0
New proportion fnorm 1 99.30216
New proportion fnorm 2 0.6978367
Real Proportions... norm (N1) = 100 norm () = 0
equilibrium = 0
End of simulation
