
Starting simulation with random seed = 1432121937492

STEP RESUME
----------------------------
Step: 501
fnorm_average = 2.26
fNonorm_average = 0.86
fitness normalized for norm 1 = 2.26
fitness normalized for norm 2 = 0.86
Previous proportion norm 1 = 50.0
Previous proportion norm 2 = 50.0
New proportion fnorm 1 72.4359
New proportion fnorm 2 27.564102
Real Proportions... norm (N1) = 78 norm (N2) = 22
equilibrium = 0

STEP RESUME
----------------------------
Step: 1001
fnorm_average = 6.4195805
fNonorm_average = 1.8636364
fitness normalized for norm 1 = 6.4195805
fitness normalized for norm 2 = 1.8636364
Previous proportion norm 1 = 78.0
Previous proportion norm 2 = 22.0
New proportion fnorm 1 92.43161
New proportion fnorm 2 7.568384
Real Proportions... norm (N1) = 96 norm (N2) = 4
equilibrium = 0

STEP RESUME
----------------------------
Step: 1501
fnorm_average = 4.5104165
fNonorm_average = 0.75
fitness normalized for norm 1 = 4.5104165
fitness normalized for norm 2 = 0.75
Previous proportion norm 1 = 96.0
Previous proportion norm 2 = 4.0
New proportion fnorm 1 99.31192
New proportion fnorm 2 0.6880734
Real Proportions... norm (N1) = 99 norm (N2) = 1
equilibrium = 0

STEP RESUME
----------------------------
Step: 2001
fnorm_average = 12.787879
fNonorm_average = 4.0
fitness normalized for norm 1 = 12.787879
fitness normalized for norm 2 = 4.0
Previous proportion norm 1 = 99.0
Previous proportion norm 2 = 1.0
New proportion fnorm 1 99.685036
New proportion fnorm 2 0.31496063
Real Proportions... norm (N1) = 99 norm (N2) = 1
equilibrium = 1

STEP RESUME
----------------------------
Step: 2501
fnorm_average = 28.838383
fNonorm_average = 12.0
fitness normalized for norm 1 = 28.838383
fitness normalized for norm 2 = 12.0
Previous proportion norm 1 = 99.0
Previous proportion norm 2 = 1.0
New proportion fnorm 1 99.58144
New proportion fnorm 2 0.41855597
Real Proportions... norm (N1) = 97 norm (N2) = 3
equilibrium = 0

STEP RESUME
----------------------------
Step: 3001
fnorm_average = 19.673538
fNonorm_average = 7.6666665
fitness normalized for norm 1 = 19.673538
fitness normalized for norm 2 = 7.6666665
Previous proportion norm 1 = 97.0
Previous proportion norm 2 = 3.0
New proportion fnorm 1 98.80911
New proportion fnorm 2 1.1908872
Real Proportions... norm (N1) = 100 norm () = 0
equilibrium = 0
End of simulation
