
Starting simulation with random seed = 1432121898690

STEP RESUME
----------------------------
Step: 501
fnorm_average = 3.72
fNonorm_average = 2.58
fitness normalized for norm 1 = 3.72
fitness normalized for norm 2 = 2.58
Previous proportion norm 1 = 50.0
Previous proportion norm 2 = 50.0
New proportion fnorm 1 59.047623
New proportion fnorm 2 40.95238
Real Proportions... norm (N1) = 58 norm (N2) = 42
equilibrium = 0

STEP RESUME
----------------------------
Step: 1001
fnorm_average = 2.7134647
fNonorm_average = 1.2619047
fitness normalized for norm 1 = 2.7134647
fitness normalized for norm 2 = 1.2619047
Previous proportion norm 1 = 58.0
Previous proportion norm 2 = 42.0
New proportion fnorm 1 74.8076
New proportion fnorm 2 25.192394
Real Proportions... norm (N1) = 72 norm (N2) = 28
equilibrium = 0

STEP RESUME
----------------------------
Step: 1501
fnorm_average = 3.1031747
fNonorm_average = 1.1071428
fitness normalized for norm 1 = 3.1031747
fitness normalized for norm 2 = 1.1071428
Previous proportion norm 1 = 72.0
Previous proportion norm 2 = 28.0
New proportion fnorm 1 87.815834
New proportion fnorm 2 12.184165
Real Proportions... norm (N1) = 86 norm (N2) = 14
equilibrium = 0

STEP RESUME
----------------------------
Step: 2001
fnorm_average = 8.363788
fNonorm_average = 2.5714285
fitness normalized for norm 1 = 8.363788
fitness normalized for norm 2 = 2.5714285
Previous proportion norm 1 = 86.0
Previous proportion norm 2 = 14.0
New proportion fnorm 1 95.23359
New proportion fnorm 2 4.766408
Real Proportions... norm (N1) = 94 norm (N2) = 6
equilibrium = 0

STEP RESUME
----------------------------
Step: 2501
fnorm_average = 4.319149
fNonorm_average = 0.8333333
fitness normalized for norm 1 = 4.319149
fitness normalized for norm 2 = 0.8333333
Previous proportion norm 1 = 94.0
Previous proportion norm 2 = 6.0
New proportion fnorm 1 98.783455
New proportion fnorm 2 1.2165451
Real Proportions... norm (N1) = 98 norm (N2) = 2
equilibrium = 0

STEP RESUME
----------------------------
Step: 3001
fnorm_average = 4.6530614
fNonorm_average = 1.0
fitness normalized for norm 1 = 4.6530614
fitness normalized for norm 2 = 1.0
Previous proportion norm 1 = 98.0
Previous proportion norm 2 = 2.0
New proportion fnorm 1 99.56332
New proportion fnorm 2 0.43668118
Real Proportions... norm (N1) = 98 norm (N2) = 2
equilibrium = 1

STEP RESUME
----------------------------
Step: 3501
fnorm_average = 25.428572
fNonorm_average = 10.5
fitness normalized for norm 1 = 25.428572
fitness normalized for norm 2 = 10.5
Previous proportion norm 1 = 98.0
Previous proportion norm 2 = 2.0
New proportion fnorm 1 99.164345
New proportion fnorm 2 0.8356546
Real Proportions... norm (N1) = 96 norm (N2) = 4
equilibrium = 0

STEP RESUME
----------------------------
Step: 4001
fnorm_average = 19.21875
fNonorm_average = 7.5
fitness normalized for norm 1 = 19.21875
fitness normalized for norm 2 = 7.5
Previous proportion norm 1 = 96.0
Previous proportion norm 2 = 4.0
New proportion fnorm 1 98.4
New proportion fnorm 2 1.6
Real Proportions... norm (N1) = 97 norm (N2) = 3
equilibrium = 0

STEP RESUME
----------------------------
Step: 4501
fnorm_average = 12.701031
fNonorm_average = 4.0
fitness normalized for norm 1 = 12.701031
fitness normalized for norm 2 = 4.0
Previous proportion norm 1 = 97.0
Previous proportion norm 2 = 3.0
New proportion fnorm 1 99.03537
New proportion fnorm 2 0.9646302
Real Proportions... norm (N1) = 98 norm (N2) = 2
equilibrium = 0

STEP RESUME
----------------------------
Step: 5001
fnorm_average = 17.755102
fNonorm_average = 6.5
fitness normalized for norm 1 = 17.755102
fitness normalized for norm 2 = 6.5
Previous proportion norm 1 = 98.0
Previous proportion norm 2 = 2.0
New proportion fnorm 1 99.258415
New proportion fnorm 2 0.74158585
Real Proportions... norm (N1) = 100 norm () = 0
equilibrium = 0
End of simulation
