
Starting simulation with random seed = 1432121961205

STEP RESUME
----------------------------
Step: 501
fnorm_average = 3.9
fNonorm_average = 2.78
fitness normalized for norm 1 = 3.9
fitness normalized for norm 2 = 2.78
Previous proportion norm 1 = 50.0
Previous proportion norm 2 = 50.0
New proportion fnorm 1 58.383232
New proportion fnorm 2 41.616768
Real Proportions... norm (N1) = 53 norm (N2) = 47
equilibrium = 0

STEP RESUME
----------------------------
Step: 1001
fnorm_average = 2.9056604
fNonorm_average = 2.0
fitness normalized for norm 1 = 2.9056604
fitness normalized for norm 2 = 2.0
Previous proportion norm 1 = 53.0
Previous proportion norm 2 = 47.0
New proportion fnorm 1 62.096775
New proportion fnorm 2 37.903225
Real Proportions... norm (N1) = 59 norm (N2) = 41
equilibrium = 0

STEP RESUME
----------------------------
Step: 1501
fnorm_average = 1.9293096
fNonorm_average = 0.63414633
fitness normalized for norm 1 = 1.9293096
fitness normalized for norm 2 = 0.63414633
Previous proportion norm 1 = 59.0
Previous proportion norm 2 = 41.0
New proportion fnorm 1 81.4059
New proportion fnorm 2 18.594105
Real Proportions... norm (N1) = 78 norm (N2) = 22
equilibrium = 0

STEP RESUME
----------------------------
Step: 2001
fnorm_average = 6.4289045
fNonorm_average = 2.2272727
fitness normalized for norm 1 = 6.4289045
fitness normalized for norm 2 = 2.2272727
Previous proportion norm 1 = 78.0
Previous proportion norm 2 = 22.0
New proportion fnorm 1 91.09826
New proportion fnorm 2 8.901733
Real Proportions... norm (N1) = 84 norm (N2) = 16
equilibrium = 0

STEP RESUME
----------------------------
Step: 2501
fnorm_average = 12.125
fNonorm_average = 4.8125
fitness normalized for norm 1 = 12.125
fitness normalized for norm 2 = 4.8125
Previous proportion norm 1 = 84.0
Previous proportion norm 2 = 16.0
New proportion fnorm 1 92.971245
New proportion fnorm 2 7.028754
Real Proportions... norm (N1) = 89 norm (N2) = 11
equilibrium = 0

STEP RESUME
----------------------------
Step: 3001
fnorm_average = 9.869254
fNonorm_average = 3.1818182
fitness normalized for norm 1 = 9.869254
fitness normalized for norm 2 = 3.1818182
Previous proportion norm 1 = 89.0
Previous proportion norm 2 = 11.0
New proportion fnorm 1 96.168015
New proportion fnorm 2 3.8319898
Real Proportions... norm (N1) = 97 norm (N2) = 3
equilibrium = 0

STEP RESUME
----------------------------
Step: 3501
fnorm_average = 8.003436
fNonorm_average = 1.6666666
fitness normalized for norm 1 = 8.003436
fitness normalized for norm 2 = 1.6666666
Previous proportion norm 1 = 97.0
Previous proportion norm 2 = 3.0
New proportion fnorm 1 99.36007
New proportion fnorm 2 0.63993174
Real Proportions... norm (N1) = 99 norm (N2) = 1
equilibrium = 0

STEP RESUME
----------------------------
Step: 4001
fnorm_average = 6.828283
fNonorm_average = 1.0
fitness normalized for norm 1 = 6.828283
fitness normalized for norm 2 = 1.0
Previous proportion norm 1 = 99.0
Previous proportion norm 2 = 1.0
New proportion fnorm 1 99.85229
New proportion fnorm 2 0.14771049
Real Proportions... norm (N1) = 100 norm () = 0
equilibrium = 0
End of simulation
