
Starting simulation with random seed = 1432121924031

STEP RESUME
----------------------------
Step: 501
fnorm_average = 3.74
fNonorm_average = 1.0
fitness normalized for norm 1 = 3.74
fitness normalized for norm 2 = 1.0
Previous proportion norm 1 = 50.0
Previous proportion norm 2 = 50.0
New proportion fnorm 1 78.902954
New proportion fnorm 2 21.097046
Real Proportions... norm (N1) = 79 norm (N2) = 21
equilibrium = 0

STEP RESUME
----------------------------
Step: 1001
fnorm_average = 5.879445
fNonorm_average = 1.9523809
fitness normalized for norm 1 = 5.879445
fitness normalized for norm 2 = 1.9523809
Previous proportion norm 1 = 79.0
Previous proportion norm 2 = 21.0
New proportion fnorm 1 91.88884
New proportion fnorm 2 8.111164
Real Proportions... norm (N1) = 91 norm (N2) = 9
equilibrium = 0

STEP RESUME
----------------------------
Step: 1501
fnorm_average = 9.505495
fNonorm_average = 3.0
fitness normalized for norm 1 = 9.505495
fitness normalized for norm 2 = 3.0
Previous proportion norm 1 = 91.0
Previous proportion norm 2 = 9.0
New proportion fnorm 1 96.9731
New proportion fnorm 2 3.0269055
Real Proportions... norm (N1) = 96 norm (N2) = 4
equilibrium = 0

STEP RESUME
----------------------------
Step: 2001
fnorm_average = 8.927084
fNonorm_average = 2.25
fitness normalized for norm 1 = 8.927084
fitness normalized for norm 2 = 2.25
Previous proportion norm 1 = 96.0
Previous proportion norm 2 = 4.0
New proportion fnorm 1 98.96074
New proportion fnorm 2 1.0392609
Real Proportions... norm (N1) = 98 norm (N2) = 2
equilibrium = 0

STEP RESUME
----------------------------
Step: 2501
fnorm_average = 4.9183674
fNonorm_average = 1.5
fitness normalized for norm 1 = 4.9183674
fitness normalized for norm 2 = 1.5
Previous proportion norm 1 = 98.0
Previous proportion norm 2 = 2.0
New proportion fnorm 1 99.38144
New proportion fnorm 2 0.6185567
Real Proportions... norm (N1) = 98 norm (N2) = 2
equilibrium = 1

STEP RESUME
----------------------------
Step: 3001
fnorm_average = 7.7040815
fNonorm_average = 1.5
fitness normalized for norm 1 = 7.7040815
fitness normalized for norm 2 = 1.5
Previous proportion norm 1 = 98.0
Previous proportion norm 2 = 2.0
New proportion fnorm 1 99.60422
New proportion fnorm 2 0.3957784
Real Proportions... norm (N1) = 99 norm (N2) = 1
equilibrium = 0

STEP RESUME
----------------------------
Step: 3501
fnorm_average = 10.919191
fNonorm_average = 3.0
fitness normalized for norm 1 = 10.919191
fitness normalized for norm 2 = 3.0
Previous proportion norm 1 = 99.0
Previous proportion norm 2 = 1.0
New proportion fnorm 1 99.72325
New proportion fnorm 2 0.27675277
Real Proportions... norm (N1) = 98 norm (N2) = 2
equilibrium = 0

STEP RESUME
----------------------------
Step: 4001
fnorm_average = 18.755102
fNonorm_average = 7.0
fitness normalized for norm 1 = 18.755102
fitness normalized for norm 2 = 7.0
Previous proportion norm 1 = 98.0
Previous proportion norm 2 = 2.0
New proportion fnorm 1 99.24406
New proportion fnorm 2 0.75593954
Real Proportions... norm (N1) = 100 norm () = 0
equilibrium = 0
End of simulation
