
Starting simulation with random seed = 1432122525418

STEP RESUME
----------------------------
Step: 501
fnorm_average = 2.92
fNonorm_average = 1.3
fitness normalized for norm 1 = 2.92
fitness normalized for norm 2 = 1.3
Previous proportion norm 1 = 50.0
Previous proportion norm 2 = 50.0
New proportion fnorm 1 69.19431
New proportion fnorm 2 30.805687
Real Proportions... norm (N1) = 71 norm (N2) = 29
equilibrium = 0

STEP RESUME
----------------------------
Step: 1001
fnorm_average = 2.522098
fNonorm_average = 0.31034482
fitness normalized for norm 1 = 2.522098
fitness normalized for norm 2 = 0.31034482
Previous proportion norm 1 = 71.0
Previous proportion norm 2 = 29.0
New proportion fnorm 1 95.21452
New proportion fnorm 2 4.7854786
Real Proportions... norm (N1) = 93 norm (N2) = 7
equilibrium = 0

STEP RESUME
----------------------------
Step: 1501
fnorm_average = 10.792627
fNonorm_average = 3.4285715
fitness normalized for norm 1 = 10.792627
fitness normalized for norm 2 = 3.4285715
Previous proportion norm 1 = 93.0
Previous proportion norm 2 = 7.0
New proportion fnorm 1 97.66472
New proportion fnorm 2 2.3352792
Real Proportions... norm (N1) = 99 norm (N2) = 1
equilibrium = 0

STEP RESUME
----------------------------
Step: 2001
fnorm_average = 18.878788
fNonorm_average = 7.0
fitness normalized for norm 1 = 18.878788
fitness normalized for norm 2 = 7.0
Previous proportion norm 1 = 99.0
Previous proportion norm 2 = 1.0
New proportion fnorm 1 99.62686
New proportion fnorm 2 0.37313432
Real Proportions... norm (N1) = 99 norm (N2) = 1
equilibrium = 1

STEP RESUME
----------------------------
Step: 2501
fnorm_average = 10.919191
fNonorm_average = 3.0
fitness normalized for norm 1 = 10.919191
fitness normalized for norm 2 = 3.0
Previous proportion norm 1 = 99.0
Previous proportion norm 2 = 1.0
New proportion fnorm 1 99.72325
New proportion fnorm 2 0.27675277
Real Proportions... norm (N1) = 100 norm () = 0
equilibrium = 0
End of simulation
