
Starting simulation with random seed = 1432122546253

STEP RESUME
----------------------------
Step: 501
fnorm_average = 2.6
fNonorm_average = 2.76
fitness normalized for norm 1 = 2.6
fitness normalized for norm 2 = 2.76
Previous proportion norm 1 = 50.0
Previous proportion norm 2 = 50.0
New proportion fnorm 1 48.507465
New proportion fnorm 2 51.492535
Real Proportions... norm (N1) = 53 norm (N2) = 47
equilibrium = 0

STEP RESUME
----------------------------
Step: 1001
fnorm_average = 0.06142111
fNonorm_average = 0.021276595
fitness normalized for norm 1 = 0.06142111
fitness normalized for norm 2 = 0.021276595
Previous proportion norm 1 = 53.0
Previous proportion norm 2 = 47.0
New proportion fnorm 1 76.50001
New proportion fnorm 2 23.500002
Real Proportions... norm (N1) = 76 norm (N2) = 24
equilibrium = 0

STEP RESUME
----------------------------
Step: 1501
fnorm_average = 1.8815789
fNonorm_average = 0.125
fitness normalized for norm 1 = 1.8815789
fitness normalized for norm 2 = 0.125
Previous proportion norm 1 = 76.0
Previous proportion norm 2 = 24.0
New proportion fnorm 1 97.945206
New proportion fnorm 2 2.0547945
Real Proportions... norm (N1) = 97 norm (N2) = 3
equilibrium = 0

STEP RESUME
----------------------------
Step: 2001
fnorm_average = 4.6804123
fNonorm_average = 4.3333335
fitness normalized for norm 1 = 4.6804123
fitness normalized for norm 2 = 4.3333335
Previous proportion norm 1 = 97.0
Previous proportion norm 2 = 3.0
New proportion fnorm 1 97.21627
New proportion fnorm 2 2.783726
Real Proportions... norm (N1) = 96 norm (N2) = 4
equilibrium = 0

STEP RESUME
----------------------------
Step: 2501
fnorm_average = 4.7604165
fNonorm_average = 2.25
fitness normalized for norm 1 = 4.7604165
fitness normalized for norm 2 = 2.25
Previous proportion norm 1 = 96.0
Previous proportion norm 2 = 4.0
New proportion fnorm 1 98.06867
New proportion fnorm 2 1.9313306
Real Proportions... norm (N1) = 96 norm (N2) = 4
equilibrium = 1

STEP RESUME
----------------------------
Step: 3001
fnorm_average = 9.666666
fNonorm_average = 2.5
fitness normalized for norm 1 = 9.666666
fitness normalized for norm 2 = 2.5
Previous proportion norm 1 = 96.0
Previous proportion norm 2 = 4.0
New proportion fnorm 1 98.9339
New proportion fnorm 2 1.0660982
Real Proportions... norm (N1) = 99 norm (N2) = 1
equilibrium = 0

STEP RESUME
----------------------------
Step: 3501
fnorm_average = 10.797979
fNonorm_average = 3.0
fitness normalized for norm 1 = 10.797979
fitness normalized for norm 2 = 3.0
Previous proportion norm 1 = 99.0
Previous proportion norm 2 = 1.0
New proportion fnorm 1 99.72015
New proportion fnorm 2 0.27985075
Real Proportions... norm (N1) = 99 norm (N2) = 1
equilibrium = 1

STEP RESUME
----------------------------
Step: 4001
fnorm_average = 10.797979
fNonorm_average = 3.0
fitness normalized for norm 1 = 10.797979
fitness normalized for norm 2 = 3.0
Previous proportion norm 1 = 99.0
Previous proportion norm 2 = 1.0
New proportion fnorm 1 99.72015
New proportion fnorm 2 0.27985075
Real Proportions... norm (N1) = 98 norm (N2) = 2
equilibrium = 0

STEP RESUME
----------------------------
Step: 4501
fnorm_average = 12.816326
fNonorm_average = 4.0
fitness normalized for norm 1 = 12.816326
fitness normalized for norm 2 = 4.0
Previous proportion norm 1 = 98.0
Previous proportion norm 2 = 2.0
New proportion fnorm 1 99.36709
New proportion fnorm 2 0.6329114
Real Proportions... norm (N1) = 100 norm () = 0
equilibrium = 0
End of simulation
