
Starting simulation with random seed = 1432122629884

STEP RESUME
----------------------------
Step: 501
fnorm_average = 2.98
fNonorm_average = 1.76
fitness normalized for norm 1 = 2.98
fitness normalized for norm 2 = 1.76
Previous proportion norm 1 = 50.0
Previous proportion norm 2 = 50.0
New proportion fnorm 1 62.869198
New proportion fnorm 2 37.130802
Real Proportions... norm (N1) = 58 norm (N2) = 42
equilibrium = 0

STEP RESUME
----------------------------
Step: 1001
fnorm_average = 3.6896553
fNonorm_average = 2.0
fitness normalized for norm 1 = 3.6896553
fitness normalized for norm 2 = 2.0
Previous proportion norm 1 = 58.0
Previous proportion norm 2 = 42.0
New proportion fnorm 1 71.81208
New proportion fnorm 2 28.18792
Real Proportions... norm (N1) = 70 norm (N2) = 30
equilibrium = 0

STEP RESUME
----------------------------
Step: 1501
fnorm_average = 2.8761904
fNonorm_average = 0.96666664
fitness normalized for norm 1 = 2.8761904
fitness normalized for norm 2 = 0.96666664
Previous proportion norm 1 = 70.0
Previous proportion norm 2 = 30.0
New proportion fnorm 1 87.40955
New proportion fnorm 2 12.590448
Real Proportions... norm (N1) = 90 norm (N2) = 10
equilibrium = 0

STEP RESUME
----------------------------
Step: 2001
fnorm_average = 11.033334
fNonorm_average = 3.7
fitness normalized for norm 1 = 11.033334
fitness normalized for norm 2 = 3.7
Previous proportion norm 1 = 90.0
Previous proportion norm 2 = 10.0
New proportion fnorm 1 96.40777
New proportion fnorm 2 3.592233
Real Proportions... norm (N1) = 99 norm (N2) = 1
equilibrium = 0

STEP RESUME
----------------------------
Step: 2501
fnorm_average = 16.848484
fNonorm_average = 6.0
fitness normalized for norm 1 = 16.848484
fitness normalized for norm 2 = 6.0
Previous proportion norm 1 = 99.0
Previous proportion norm 2 = 1.0
New proportion fnorm 1 99.64158
New proportion fnorm 2 0.35842296
Real Proportions... norm (N1) = 99 norm (N2) = 1
equilibrium = 1

STEP RESUME
----------------------------
Step: 3001
fnorm_average = 6.939394
fNonorm_average = 1.0
fitness normalized for norm 1 = 6.939394
fitness normalized for norm 2 = 1.0
Previous proportion norm 1 = 99.0
Previous proportion norm 2 = 1.0
New proportion fnorm 1 99.85465
New proportion fnorm 2 0.14534883
Real Proportions... norm (N1) = 96 norm (N2) = 4
equilibrium = 0

STEP RESUME
----------------------------
Step: 3501
fnorm_average = 16.25
fNonorm_average = 6.0
fitness normalized for norm 1 = 16.25
fitness normalized for norm 2 = 6.0
Previous proportion norm 1 = 96.0
Previous proportion norm 2 = 4.0
New proportion fnorm 1 98.48485
New proportion fnorm 2 1.5151515
Real Proportions... norm (N1) = 98 norm (N2) = 2
equilibrium = 0

STEP RESUME
----------------------------
Step: 4001
fnorm_average = 18.755102
fNonorm_average = 7.0
fitness normalized for norm 1 = 18.755102
fitness normalized for norm 2 = 7.0
Previous proportion norm 1 = 98.0
Previous proportion norm 2 = 2.0
New proportion fnorm 1 99.24406
New proportion fnorm 2 0.75593954
Real Proportions... norm (N1) = 97 norm (N2) = 3
equilibrium = 0

STEP RESUME
----------------------------
Step: 4501
fnorm_average = 9.32646
fNonorm_average = 2.3333333
fitness normalized for norm 1 = 9.32646
fitness normalized for norm 2 = 2.3333333
Previous proportion norm 1 = 97.0
Previous proportion norm 2 = 3.0
New proportion fnorm 1 99.23217
New proportion fnorm 2 0.76782453
Real Proportions... norm (N1) = 99 norm (N2) = 1
equilibrium = 0

STEP RESUME
----------------------------
Step: 5001
fnorm_average = 5.010101
fNonorm_average = 5.0
fitness normalized for norm 1 = 5.010101
fitness normalized for norm 2 = 5.0
Previous proportion norm 1 = 99.0
Previous proportion norm 2 = 1.0
New proportion fnorm 1 99.002
New proportion fnorm 2 0.9980041
Real Proportions... norm (N1) = 99 norm (N2) = 1
equilibrium = 1

STEP RESUME
----------------------------
Step: 5501
fnorm_average = 8.777778
fNonorm_average = 2.0
fitness normalized for norm 1 = 8.777778
fitness normalized for norm 2 = 2.0
Previous proportion norm 1 = 99.0
Previous proportion norm 2 = 1.0
New proportion fnorm 1 99.77038
New proportion fnorm 2 0.22962111
Real Proportions... norm (N1) = 100 norm () = 0
equilibrium = 0
End of simulation
