
Starting simulation with random seed = 1432122535950

STEP RESUME
----------------------------
Step: 501
fnorm_average = 3.08
fNonorm_average = 2.16
fitness normalized for norm 1 = 3.08
fitness normalized for norm 2 = 2.16
Previous proportion norm 1 = 50.0
Previous proportion norm 2 = 50.0
New proportion fnorm 1 58.778625
New proportion fnorm 2 41.22138
Real Proportions... norm (N1) = 58 norm (N2) = 42
equilibrium = 0

STEP RESUME
----------------------------
Step: 1001
fnorm_average = 2.2881773
fNonorm_average = 0.9285714
fitness normalized for norm 1 = 2.2881773
fitness normalized for norm 2 = 0.9285714
Previous proportion norm 1 = 58.0
Previous proportion norm 2 = 42.0
New proportion fnorm 1 77.28785
New proportion fnorm 2 22.712147
Real Proportions... norm (N1) = 75 norm (N2) = 25
equilibrium = 0

STEP RESUME
----------------------------
Step: 1501
fnorm_average = 7.2533336
fNonorm_average = 2.92
fitness normalized for norm 1 = 7.2533336
fitness normalized for norm 2 = 2.92
Previous proportion norm 1 = 75.0
Previous proportion norm 2 = 25.0
New proportion fnorm 1 88.16856
New proportion fnorm 2 11.831442
Real Proportions... norm (N1) = 89 norm (N2) = 11
equilibrium = 0

STEP RESUME
----------------------------
Step: 2001
fnorm_average = 3.9550562
fNonorm_average = 0.54545456
fitness normalized for norm 1 = 3.9550562
fitness normalized for norm 2 = 0.54545456
Previous proportion norm 1 = 89.0
Previous proportion norm 2 = 11.0
New proportion fnorm 1 98.32403
New proportion fnorm 2 1.6759777
Real Proportions... norm (N1) = 97 norm (N2) = 3
equilibrium = 0

STEP RESUME
----------------------------
Step: 2501
fnorm_average = 11.910653
fNonorm_average = 3.6666667
fitness normalized for norm 1 = 11.910653
fitness normalized for norm 2 = 3.6666667
Previous proportion norm 1 = 97.0
Previous proportion norm 2 = 3.0
New proportion fnorm 1 99.05688
New proportion fnorm 2 0.94312656
Real Proportions... norm (N1) = 100 norm () = 0
equilibrium = 0
End of simulation
