
Starting simulation with random seed = 1432122573769

STEP RESUME
----------------------------
Step: 501
fnorm_average = 3.78
fNonorm_average = 2.16
fitness normalized for norm 1 = 3.78
fitness normalized for norm 2 = 2.16
Previous proportion norm 1 = 50.0
Previous proportion norm 2 = 50.0
New proportion fnorm 1 63.636364
New proportion fnorm 2 36.363636
Real Proportions... norm (N1) = 63 norm (N2) = 37
equilibrium = 0

STEP RESUME
----------------------------
Step: 1001
fnorm_average = 3.2809954
fNonorm_average = 1.5135136
fitness normalized for norm 1 = 3.2809954
fitness normalized for norm 2 = 1.5135136
Previous proportion norm 1 = 63.0
Previous proportion norm 2 = 37.0
New proportion fnorm 1 78.68313
New proportion fnorm 2 21.316872
Real Proportions... norm (N1) = 79 norm (N2) = 21
equilibrium = 0

STEP RESUME
----------------------------
Step: 1501
fnorm_average = 7.2230263
fNonorm_average = 2.2380953
fitness normalized for norm 1 = 7.2230263
fitness normalized for norm 2 = 2.2380953
Previous proportion norm 1 = 79.0
Previous proportion norm 2 = 21.0
New proportion fnorm 1 92.39013
New proportion fnorm 2 7.609869
Real Proportions... norm (N1) = 88 norm (N2) = 12
equilibrium = 0

STEP RESUME
----------------------------
Step: 2001
fnorm_average = 3.7045455
fNonorm_average = 0.16666667
fitness normalized for norm 1 = 3.7045455
fitness normalized for norm 2 = 0.16666667
Previous proportion norm 1 = 88.0
Previous proportion norm 2 = 12.0
New proportion fnorm 1 99.39024
New proportion fnorm 2 0.60975605
Real Proportions... norm (N1) = 100 norm () = 0
equilibrium = 0
End of simulation
