
Starting simulation with random seed = 1432541773460

STEP RESUME
----------------------------
Step: 501
fnorm_average = 15.8714285
fNonorm_average = 5.8
fitness normalized for norm 1 = 15.8714285
fitness normalized for norm 2 = 5.8
Previous proportion norm 1 = 70.0
Previous proportion norm 2 = 30.0
New proportion fnorm 1 86.459145
New proportion fnorm 2 13.540856
Real Proportions... norm (N1) = 92 norm (No norm) = 8
equilibrium = 0

STEP RESUME
----------------------------
Step: 1001
fnorm_average = 4.6086955
fNonorm_average = 1.25
fitness normalized for norm 1 = 4.6086955
fitness normalized for norm 2 = 1.25
Previous proportion norm 1 = 92.0
Previous proportion norm 2 = 8.0
New proportion fnorm 1 97.695854
New proportion fnorm 2 2.3041475
Real Proportions... norm (N1) = 96 norm (No norm) = 4
equilibrium = 0

STEP RESUME
----------------------------
Step: 1501
fnorm_average = 15.677084
fNonorm_average = 5.5
fitness normalized for norm 1 = 15.677084
fitness normalized for norm 2 = 5.5
Previous proportion norm 1 = 96.0
Previous proportion norm 2 = 4.0
New proportion fnorm 1 98.559265
New proportion fnorm 2 1.4407334
Real Proportions... norm (N1) = 96 norm (No norm) = 4
equilibrium = 1

STEP RESUME
----------------------------
Step: 2001
fnorm_average = 18.489584
fNonorm_average = 7.0
fitness normalized for norm 1 = 18.489584
fitness normalized for norm 2 = 7.0
Previous proportion norm 1 = 96.0
Previous proportion norm 2 = 4.0
New proportion fnorm 1 98.44703
New proportion fnorm 2 1.5529673
Real Proportions... norm (N1) = 99 norm (No norm) = 1
equilibrium = 0

STEP RESUME
----------------------------
Step: 2501
fnorm_average = 5.0
fNonorm_average = 5.0
fitness normalized for norm 1 = 5.0
fitness normalized for norm 2 = 5.0
Previous proportion norm 1 = 99.0
Previous proportion norm 2 = 1.0
New proportion fnorm 1 99.0
New proportion fnorm 2 1.0
Real Proportions... norm (N1) = 100 norm () = 0
equilibrium = 0
End of simulation
