
Starting simulation with random seed = 1432541834280

STEP RESUME
----------------------------
Step: 501
fnorm_average = 13.77619
fNonorm_average = 4.6666665
fitness normalized for norm 1 = 13.77619
fitness normalized for norm 2 = 4.6666665
Previous proportion norm 1 = 70.0
Previous proportion norm 2 = 30.0
New proportion fnorm 1 87.32267
New proportion fnorm 2 12.677333
Real Proportions... norm (N1) = 87 norm (No norm) = 13
equilibrium = 0

STEP RESUME
----------------------------
Step: 1001
fnorm_average = 10.461538
fNonorm_average = 3.2307692
fitness normalized for norm 1 = 10.461538
fitness normalized for norm 2 = 3.2307692
Previous proportion norm 1 = 87.0
Previous proportion norm 2 = 13.0
New proportion fnorm 1 95.58894
New proportion fnorm 2 4.411052
Real Proportions... norm (N1) = 99 norm (No norm) = 1
equilibrium = 0

STEP RESUME
----------------------------
Step: 1501
fnorm_average = 18.868687
fNonorm_average = 7.0
fitness normalized for norm 1 = 18.868687
fitness normalized for norm 2 = 7.0
Previous proportion norm 1 = 99.0
Previous proportion norm 2 = 1.0
New proportion fnorm 1 99.62666
New proportion fnorm 2 0.37333333
Real Proportions... norm (N1) = 99 norm (No norm) = 1
equilibrium = 1

STEP RESUME
----------------------------
Step: 2001
fnorm_average = 4.989899
fNonorm_average = 5.0
fitness normalized for norm 1 = 4.989899
fitness normalized for norm 2 = 5.0
Previous proportion norm 1 = 99.0
Previous proportion norm 2 = 1.0
New proportion fnorm 1 98.998
New proportion fnorm 2 1.0020039
Real Proportions... norm (N1) = 96 norm (No norm) = 4
equilibrium = 0

STEP RESUME
----------------------------
Step: 2501
fnorm_average = 15.572916
fNonorm_average = 5.5
fitness normalized for norm 1 = 15.572916
fitness normalized for norm 2 = 5.5
Previous proportion norm 1 = 96.0
Previous proportion norm 2 = 4.0
New proportion fnorm 1 98.549774
New proportion fnorm 2 1.4502307
Real Proportions... norm (N1) = 100 norm () = 0
equilibrium = 0
End of simulation
