
Starting simulation with random seed = 1432545112913

STEP RESUME
----------------------------
Step: 501
fnorm_average = 3.5142858
fNonorm_average = 0.5
fitness normalized for norm 1 = 3.5142858
fitness normalized for norm 2 = 0.5
Previous proportion norm 1 = 70.0
Previous proportion norm 2 = 30.0
New proportion fnorm 1 94.25287
New proportion fnorm 2 5.7471266
Real Proportions... norm (N1) = 94 norm (N2) = 6
equilibrium = 0

STEP RESUME
----------------------------
Step: 1001
fnorm_average = 4.2765956
fNonorm_average = 0.16666667
fitness normalized for norm 1 = 4.2765956
fitness normalized for norm 2 = 0.16666667
Previous proportion norm 1 = 94.0
Previous proportion norm 2 = 6.0
New proportion fnorm 1 99.75186
New proportion fnorm 2 0.24813895
Real Proportions... norm (N1) = 99 norm (N2) = 1
equilibrium = 0

STEP RESUME
----------------------------
Step: 1501
fnorm_average = 6.929293
fNonorm_average = 1.0
fitness normalized for norm 1 = 6.929293
fitness normalized for norm 2 = 1.0
Previous proportion norm 1 = 99.0
Previous proportion norm 2 = 1.0
New proportion fnorm 1 99.85444
New proportion fnorm 2 0.14556041
Real Proportions... norm (N1) = 99 norm (N2) = 1
equilibrium = 1

STEP RESUME
----------------------------
Step: 2001
fnorm_average = 8.818182
fNonorm_average = 2.0
fitness normalized for norm 1 = 8.818182
fitness normalized for norm 2 = 2.0
Previous proportion norm 1 = 99.0
Previous proportion norm 2 = 1.0
New proportion fnorm 1 99.77143
New proportion fnorm 2 0.22857143
Real Proportions... norm (N1) = 99 norm (N2) = 1
equilibrium = 2

STEP RESUME
----------------------------
Step: 2501
fnorm_average = 40.71717
fNonorm_average = 18.0
fitness normalized for norm 1 = 40.71717
fitness normalized for norm 2 = 18.0
Previous proportion norm 1 = 99.0
Previous proportion norm 2 = 1.0
New proportion fnorm 1 99.55544
New proportion fnorm 2 0.4445542
Real Proportions... norm (N1) = 99 norm (N2) = 1
equilibrium = 3
End of simulation
