
Starting simulation with random seed = 1432545097402

STEP RESUME
----------------------------
Step: 501
fnorm_average = 3.8714285
fNonorm_average = 1.7
fitness normalized for norm 1 = 3.8714285
fitness normalized for norm 2 = 1.7
Previous proportion norm 1 = 70.0
Previous proportion norm 2 = 30.0
New proportion fnorm 1 84.16149
New proportion fnorm 2 15.83851
Real Proportions... norm (N1) = 85 norm (N2) = 15
equilibrium = 0

STEP RESUME
----------------------------
Step: 1001
fnorm_average = 4.364706
fNonorm_average = 0.8
fitness normalized for norm 1 = 4.364706
fitness normalized for norm 2 = 0.8
Previous proportion norm 1 = 85.0
Previous proportion norm 2 = 15.0
New proportion fnorm 1 96.86684
New proportion fnorm 2 3.1331592
Real Proportions... norm (N1) = 95 norm (N2) = 5
equilibrium = 0

STEP RESUME
----------------------------
Step: 1501
fnorm_average = 9.336842
fNonorm_average = 2.4
fitness normalized for norm 1 = 9.336842
fitness normalized for norm 2 = 2.4
Previous proportion norm 1 = 95.0
Previous proportion norm 2 = 5.0
New proportion fnorm 1 98.665184
New proportion fnorm 2 1.3348166
Real Proportions... norm (N1) = 98 norm (N2) = 2
equilibrium = 0

STEP RESUME
----------------------------
Step: 2001
fnorm_average = 7.877551
fNonorm_average = 1.5
fitness normalized for norm 1 = 7.877551
fitness normalized for norm 2 = 1.5
Previous proportion norm 1 = 98.0
Previous proportion norm 2 = 2.0
New proportion fnorm 1 99.6129
New proportion fnorm 2 0.38709676
Real Proportions... norm (N1) = 99 norm (N2) = 1
equilibrium = 0

STEP RESUME
----------------------------
Step: 2501
fnorm_average = 6.7777777
fNonorm_average = 1.0
fitness normalized for norm 1 = 6.7777777
fitness normalized for norm 2 = 1.0
Previous proportion norm 1 = 99.0
Previous proportion norm 2 = 1.0
New proportion fnorm 1 99.85119
New proportion fnorm 2 0.14880952
Real Proportions... norm (N1) = 97 norm (N2) = 3
equilibrium = 0

STEP RESUME
----------------------------
Step: 3001
fnorm_average = 8.494845
fNonorm_average = 2.0
fitness normalized for norm 1 = 8.494845
fitness normalized for norm 2 = 2.0
Previous proportion norm 1 = 97.0
Previous proportion norm 2 = 3.0
New proportion fnorm 1 99.27711
New proportion fnorm 2 0.72289157
Real Proportions... norm (N1) = 99 norm (N2) = 1
equilibrium = 0

STEP RESUME
----------------------------
Step: 3501
fnorm_average = 10.797979
fNonorm_average = 3.0
fitness normalized for norm 1 = 10.797979
fitness normalized for norm 2 = 3.0
Previous proportion norm 1 = 99.0
Previous proportion norm 2 = 1.0
New proportion fnorm 1 99.72015
New proportion fnorm 2 0.27985075
Real Proportions... norm (N1) = 98 norm (N2) = 2
equilibrium = 0

STEP RESUME
----------------------------
Step: 4001
fnorm_average = 4.8061223
fNonorm_average = 0.5
fitness normalized for norm 1 = 4.8061223
fitness normalized for norm 2 = 0.5
Previous proportion norm 1 = 98.0
Previous proportion norm 2 = 2.0
New proportion fnorm 1 99.78813
New proportion fnorm 2 0.21186441
Real Proportions... norm (N1) = 100 norm () = 0
equilibrium = 0
End of simulation
