
Starting simulation with random seed = 1432545083549

STEP RESUME
----------------------------
Step: 501
fnorm_average = 3.057143
fNonorm_average = 1.0
fitness normalized for norm 1 = 3.057143
fitness normalized for norm 2 = 1.0
Previous proportion norm 1 = 70.0
Previous proportion norm 2 = 30.0
New proportion fnorm 1 87.70492
New proportion fnorm 2 12.295081
Real Proportions... norm (N1) = 85 norm (N2) = 15
equilibrium = 0

STEP RESUME
----------------------------
Step: 1001
fnorm_average = 4.490196
fNonorm_average = 0.53333336
fitness normalized for norm 1 = 4.490196
fitness normalized for norm 2 = 0.53333336
Previous proportion norm 1 = 85.0
Previous proportion norm 2 = 15.0
New proportion fnorm 1 97.94697
New proportion fnorm 2 2.0530367
Real Proportions... norm (N1) = 97 norm (N2) = 3
equilibrium = 0

STEP RESUME
----------------------------
Step: 1501
fnorm_average = 4.4639177
fNonorm_average = 0.0
fitness normalized for norm 1 = 4.4639177
fitness normalized for norm 2 = 0.0
Previous proportion norm 1 = 97.0
Previous proportion norm 2 = 3.0
New proportion fnorm 1 100.0
New proportion fnorm 2 0.0
Real Proportions... norm (N1) = 100 norm () = 0
equilibrium = 0
End of simulation
