
Starting simulation with random seed = 1432544766709

STEP RESUME
----------------------------
Step: 501
fnorm_average = 1.9
fNonorm_average = 1.6111112
fitness normalized for norm 1 = 1.9
fitness normalized for norm 2 = 1.6111112
Previous proportion norm 1 = 10.0
Previous proportion norm 2 = 90.0
New proportion fnorm 1 11.585366
New proportion fnorm 2 88.414635
Real Proportions... norm (N1) = 9 norm (N2) = 91
equilibrium = 0

STEP RESUME
----------------------------
Step: 1001
fnorm_average = 3.1111112
fNonorm_average = 8.727716
fitness normalized for norm 1 = 3.1111112
fitness normalized for norm 2 = 8.727716
Previous proportion norm 1 = 9.0
Previous proportion norm 2 = 91.0
New proportion fnorm 1 3.4054055
New proportion fnorm 2 96.5946
Real Proportions... norm (N1) = 3 norm (N2) = 97
equilibrium = 0

STEP RESUME
----------------------------
Step: 1501
fnorm_average = 4.6666665
fNonorm_average = 12.0240555
fitness normalized for norm 1 = 4.6666665
fitness normalized for norm 2 = 12.0240555
Previous proportion norm 1 = 3.0
Previous proportion norm 2 = 97.0
New proportion fnorm 1 1.1861056
New proportion fnorm 2 98.813896
Real Proportions... norm (N1) = 1 norm (N2) = 99
equilibrium = 0

STEP RESUME
----------------------------
Step: 2001
fnorm_average = 4.0
fNonorm_average = 4.020202
fitness normalized for norm 1 = 4.0
fitness normalized for norm 2 = 4.020202
Previous proportion norm 1 = 1.0
Previous proportion norm 2 = 99.0
New proportion fnorm 1 0.99502486
New proportion fnorm 2 99.004974
Real Proportions... norm () = 0 norm (N2) = 100
equilibrium = 0
End of simulation
