
Starting simulation with random seed = 1432544790393

STEP RESUME
----------------------------
Step: 501
fnorm_average = 1.3
fNonorm_average = 3.3
fitness normalized for norm 1 = 1.3
fitness normalized for norm 2 = 3.3
Previous proportion norm 1 = 10.0
Previous proportion norm 2 = 90.0
New proportion fnorm 1 4.1935487
New proportion fnorm 2 95.80645
Real Proportions... norm (N1) = 3 norm (N2) = 97
equilibrium = 0

STEP RESUME
----------------------------
Step: 1001
fnorm_average = 3.3333333
fNonorm_average = 11.18213
fitness normalized for norm 1 = 3.3333333
fitness normalized for norm 2 = 11.18213
Previous proportion norm 1 = 3.0
Previous proportion norm 2 = 97.0
New proportion fnorm 1 0.91352016
New proportion fnorm 2 99.08648
Real Proportions... norm () = 0 norm (N2) = 100
equilibrium = 0
End of simulation
