
Starting simulation with random seed = 1432544783671

STEP RESUME
----------------------------
Step: 501
fnorm_average = 1.6
fNonorm_average = 5.7444444
fitness normalized for norm 1 = 1.6
fitness normalized for norm 2 = 5.7444444
Previous proportion norm 1 = 10.0
Previous proportion norm 2 = 90.0
New proportion fnorm 1 3.001876
New proportion fnorm 2 96.99812
Real Proportions... norm (N1) = 1 norm (N2) = 99
equilibrium = 0

STEP RESUME
----------------------------
Step: 1001
fnorm_average = 2.0
fNonorm_average = 8.141415
fitness normalized for norm 1 = 2.0
fitness normalized for norm 2 = 8.141415
Previous proportion norm 1 = 1.0
Previous proportion norm 2 = 99.0
New proportion fnorm 1 0.24752472
New proportion fnorm 2 99.75247
Real Proportions... norm () = 0 norm (N2) = 100
equilibrium = 0
End of simulation
