
Starting simulation with random seed = 1432541947276

STEP RESUME
----------------------------
Step: 501
fnorm_average = 13.544444
fNonorm_average = 4.7
fitness normalized for norm 1 = 13.544444
fitness normalized for norm 2 = 4.7
Previous proportion norm 1 = 90.0
Previous proportion norm 2 = 10.0
New proportion fnorm 1 96.28752
New proportion fnorm 2 3.71248
Real Proportions... norm (N1) = 96 norm (No norm) = 4
equilibrium = 0

STEP RESUME
----------------------------
Step: 1001
fnorm_average = 6.7291665
fNonorm_average = 1.0
fitness normalized for norm 1 = 6.7291665
fitness normalized for norm 2 = 1.0
Previous proportion norm 1 = 96.0
Previous proportion norm 2 = 4.0
New proportion fnorm 1 99.38462
New proportion fnorm 2 0.61538464
Real Proportions... norm (N1) = 98 norm (No norm) = 2
equilibrium = 0

STEP RESUME
----------------------------
Step: 1501
fnorm_average = 18.755102
fNonorm_average = 7.0
fitness normalized for norm 1 = 18.755102
fitness normalized for norm 2 = 7.0
Previous proportion norm 1 = 98.0
Previous proportion norm 2 = 2.0
New proportion fnorm 1 99.24406
New proportion fnorm 2 0.75593954
Real Proportions... norm (N1) = 100 norm () = 0
equilibrium = 0
End of simulation
