
Starting simulation with random seed = 1432541921978

STEP RESUME
----------------------------
Step: 501
fnorm_average = 14.377777
fNonorm_average = 5.1
fitness normalized for norm 1 = 14.377777
fitness normalized for norm 2 = 5.1
Previous proportion norm 1 = 90.0
Previous proportion norm 2 = 10.0
New proportion fnorm 1 96.208176
New proportion fnorm 2 3.7918215
Real Proportions... norm (N1) = 97 norm (No norm) = 3
equilibrium = 0

STEP RESUME
----------------------------
Step: 1001
fnorm_average = 10.034365
fNonorm_average = 2.6666667
fitness normalized for norm 1 = 10.034365
fitness normalized for norm 2 = 2.6666667
Previous proportion norm 1 = 97.0
Previous proportion norm 2 = 3.0
New proportion fnorm 1 99.184784
New proportion fnorm 2 0.8152174
Real Proportions... norm (N1) = 99 norm (No norm) = 1
equilibrium = 0

STEP RESUME
----------------------------
Step: 1501
fnorm_average = 6.919192
fNonorm_average = 1.0
fitness normalized for norm 1 = 6.919192
fitness normalized for norm 2 = 1.0
Previous proportion norm 1 = 99.0
Previous proportion norm 2 = 1.0
New proportion fnorm 1 99.854225
New proportion fnorm 2 0.1457726
Real Proportions... norm (N1) = 100 norm () = 0
equilibrium = 0
End of simulation
