
Starting simulation with random seed = 1432544944735

STEP RESUME
----------------------------
Step: 501
fnorm_average = 3.68
fNonorm_average = 1.8
fitness normalized for norm 1 = 3.68
fitness normalized for norm 2 = 1.8
Previous proportion norm 1 = 50.0
Previous proportion norm 2 = 50.0
New proportion fnorm 1 67.15329
New proportion fnorm 2 32.846718
Real Proportions... norm (N1) = 71 norm (N2) = 29
equilibrium = 0

STEP RESUME
----------------------------
Step: 1001
fnorm_average = 6.8091307
fNonorm_average = 2.5172415
fitness normalized for norm 1 = 6.8091307
fitness normalized for norm 2 = 2.5172415
Previous proportion norm 1 = 71.0
Previous proportion norm 2 = 29.0
New proportion fnorm 1 86.88108
New proportion fnorm 2 13.118919
Real Proportions... norm (N1) = 87 norm (N2) = 13
equilibrium = 0

STEP RESUME
----------------------------
Step: 1501
fnorm_average = 10.579133
fNonorm_average = 4.076923
fitness normalized for norm 1 = 10.579133
fitness normalized for norm 2 = 4.076923
Previous proportion norm 1 = 87.0
Previous proportion norm 2 = 13.0
New proportion fnorm 1 94.55508
New proportion fnorm 2 5.4449186
Real Proportions... norm (N1) = 95 norm (N2) = 5
equilibrium = 0

STEP RESUME
----------------------------
Step: 2001
fnorm_average = 9.263159
fNonorm_average = 2.4
fitness normalized for norm 1 = 9.263159
fitness normalized for norm 2 = 2.4
Previous proportion norm 1 = 95.0
Previous proportion norm 2 = 5.0
New proportion fnorm 1 98.65471
New proportion fnorm 2 1.3452914
Real Proportions... norm (N1) = 100 norm () = 0
equilibrium = 0
End of simulation
