
Starting simulation with random seed = 1432544971283

STEP RESUME
----------------------------
Step: 501
fnorm_average = 3.16
fNonorm_average = 2.28
fitness normalized for norm 1 = 3.16
fitness normalized for norm 2 = 2.28
Previous proportion norm 1 = 50.0
Previous proportion norm 2 = 50.0
New proportion fnorm 1 58.088238
New proportion fnorm 2 41.911766
Real Proportions... norm (N1) = 53 norm (N2) = 47
equilibrium = 0

STEP RESUME
----------------------------
Step: 1001
fnorm_average = 1.9771175
fNonorm_average = 1.1489362
fitness normalized for norm 1 = 1.9771175
fitness normalized for norm 2 = 1.1489362
Previous proportion norm 1 = 53.0
Previous proportion norm 2 = 47.0
New proportion fnorm 1 65.99223
New proportion fnorm 2 34.007774
Real Proportions... norm (N1) = 63 norm (N2) = 37
equilibrium = 0

STEP RESUME
----------------------------
Step: 1501
fnorm_average = 4.1746035
fNonorm_average = 2.0
fitness normalized for norm 1 = 4.1746035
fitness normalized for norm 2 = 2.0
Previous proportion norm 1 = 63.0
Previous proportion norm 2 = 37.0
New proportion fnorm 1 78.04155
New proportion fnorm 2 21.958456
Real Proportions... norm (N1) = 78 norm (N2) = 22
equilibrium = 0

STEP RESUME
----------------------------
Step: 2001
fnorm_average = 4.2552447
fNonorm_average = 0.95454544
fitness normalized for norm 1 = 4.2552447
fitness normalized for norm 2 = 0.95454544
Previous proportion norm 1 = 78.0
Previous proportion norm 2 = 22.0
New proportion fnorm 1 94.04946
New proportion fnorm 2 5.950541
Real Proportions... norm (N1) = 95 norm (N2) = 5
equilibrium = 0

STEP RESUME
----------------------------
Step: 2501
fnorm_average = 6.8
fNonorm_average = 1.2
fitness normalized for norm 1 = 6.8
fitness normalized for norm 2 = 1.2
Previous proportion norm 1 = 95.0
Previous proportion norm 2 = 5.0
New proportion fnorm 1 99.07975
New proportion fnorm 2 0.9202454
Real Proportions... norm (N1) = 99 norm (N2) = 1
equilibrium = 0

STEP RESUME
----------------------------
Step: 3001
fnorm_average = 4.969697
fNonorm_average = 5.0
fitness normalized for norm 1 = 4.969697
fitness normalized for norm 2 = 5.0
Previous proportion norm 1 = 99.0
Previous proportion norm 2 = 1.0
New proportion fnorm 1 98.993965
New proportion fnorm 2 1.0060363
Real Proportions... norm (N1) = 99 norm (N2) = 1
equilibrium = 1

STEP RESUME
----------------------------
Step: 3501
fnorm_average = 20.868687
fNonorm_average = 8.0
fitness normalized for norm 1 = 20.868687
fitness normalized for norm 2 = 8.0
Previous proportion norm 1 = 99.0
Previous proportion norm 2 = 1.0
New proportion fnorm 1 99.61427
New proportion fnorm 2 0.38572806
Real Proportions... norm (N1) = 98 norm (N2) = 2
equilibrium = 0

STEP RESUME
----------------------------
Step: 4001
fnorm_average = 8.846939
fNonorm_average = 2.0
fitness normalized for norm 1 = 8.846939
fitness normalized for norm 2 = 2.0
Previous proportion norm 1 = 98.0
Previous proportion norm 2 = 2.0
New proportion fnorm 1 99.54076
New proportion fnorm 2 0.45924222
Real Proportions... norm (N1) = 98 norm (N2) = 2
equilibrium = 1

STEP RESUME
----------------------------
Step: 4501
fnorm_average = 7.867347
fNonorm_average = 1.5
fitness normalized for norm 1 = 7.867347
fitness normalized for norm 2 = 1.5
Previous proportion norm 1 = 98.0
Previous proportion norm 2 = 2.0
New proportion fnorm 1 99.612404
New proportion fnorm 2 0.3875969
Real Proportions... norm (N1) = 99 norm (N2) = 1
equilibrium = 0

STEP RESUME
----------------------------
Step: 5001
fnorm_average = 4.949495
fNonorm_average = 4.0
fitness normalized for norm 1 = 4.949495
fitness normalized for norm 2 = 4.0
Previous proportion norm 1 = 99.0
Previous proportion norm 2 = 1.0
New proportion fnorm 1 99.190285
New proportion fnorm 2 0.80971664
Real Proportions... norm (N1) = 99 norm (N2) = 1
equilibrium = 1

STEP RESUME
----------------------------
Step: 5501
fnorm_average = 4.8686867
fNonorm_average = 2.0
fitness normalized for norm 1 = 4.8686867
fitness normalized for norm 2 = 2.0
Previous proportion norm 1 = 99.0
Previous proportion norm 2 = 1.0
New proportion fnorm 1 99.58678
New proportion fnorm 2 0.41322318
Real Proportions... norm (N1) = 100 norm () = 0
equilibrium = 0
End of simulation
