
Starting simulation with random seed = 1432545029016

STEP RESUME
----------------------------
Step: 501
fnorm_average = 3.68
fNonorm_average = 1.96
fitness normalized for norm 1 = 3.68
fitness normalized for norm 2 = 1.96
Previous proportion norm 1 = 50.0
Previous proportion norm 2 = 50.0
New proportion fnorm 1 65.24823
New proportion fnorm 2 34.751774
Real Proportions... norm (N1) = 55 norm (N2) = 45
equilibrium = 0

STEP RESUME
----------------------------
Step: 1001
fnorm_average = 1.858586
fNonorm_average = 0.51111114
fitness normalized for norm 1 = 1.858586
fitness normalized for norm 2 = 0.51111114
Previous proportion norm 1 = 55.0
Previous proportion norm 2 = 45.0
New proportion fnorm 1 81.63265
New proportion fnorm 2 18.367348
Real Proportions... norm (N1) = 82 norm (N2) = 18
equilibrium = 0

STEP RESUME
----------------------------
Step: 1501
fnorm_average = 3.0880759
fNonorm_average = 0.6111111
fitness normalized for norm 1 = 3.0880759
fitness normalized for norm 2 = 0.6111111
Previous proportion norm 1 = 82.0
Previous proportion norm 2 = 18.0
New proportion fnorm 1 95.83684
New proportion fnorm 2 4.163162
Real Proportions... norm (N1) = 96 norm (N2) = 4
equilibrium = 0

STEP RESUME
----------------------------
Step: 2001
fnorm_average = 6.4166665
fNonorm_average = 1.0
fitness normalized for norm 1 = 6.4166665
fitness normalized for norm 2 = 1.0
Previous proportion norm 1 = 96.0
Previous proportion norm 2 = 4.0
New proportion fnorm 1 99.35484
New proportion fnorm 2 0.6451613
Real Proportions... norm (N1) = 99 norm (N2) = 1
equilibrium = 0

STEP RESUME
----------------------------
Step: 2501
fnorm_average = 4.969697
fNonorm_average = 3.0
fitness normalized for norm 1 = 4.969697
fitness normalized for norm 2 = 3.0
Previous proportion norm 1 = 99.0
Previous proportion norm 2 = 1.0
New proportion fnorm 1 99.393936
New proportion fnorm 2 0.60606056
Real Proportions... norm (N1) = 100 norm () = 0
equilibrium = 0
End of simulation
