
Starting simulation with random seed = 1432545013679

STEP RESUME
----------------------------
Step: 501
fnorm_average = 3.72
fNonorm_average = 1.86
fitness normalized for norm 1 = 3.72
fitness normalized for norm 2 = 1.86
Previous proportion norm 1 = 50.0
Previous proportion norm 2 = 50.0
New proportion fnorm 1 66.66667
New proportion fnorm 2 33.333336
Real Proportions... norm (N1) = 68 norm (N2) = 32
equilibrium = 0

STEP RESUME
----------------------------
Step: 1001
fnorm_average = 3.4963236
fNonorm_average = 1.34375
fitness normalized for norm 1 = 3.4963236
fitness normalized for norm 2 = 1.34375
Previous proportion norm 1 = 68.0
Previous proportion norm 2 = 32.0
New proportion fnorm 1 84.68388
New proportion fnorm 2 15.316116
Real Proportions... norm (N1) = 83 norm (N2) = 17
equilibrium = 0

STEP RESUME
----------------------------
Step: 1501
fnorm_average = 6.8065205
fNonorm_average = 1.7647059
fitness normalized for norm 1 = 6.8065205
fitness normalized for norm 2 = 1.7647059
Previous proportion norm 1 = 83.0
Previous proportion norm 2 = 17.0
New proportion fnorm 1 94.95748
New proportion fnorm 2 5.042515
Real Proportions... norm (N1) = 90 norm (N2) = 10
equilibrium = 0

STEP RESUME
----------------------------
Step: 2001
fnorm_average = 6.766667
fNonorm_average = 1.4
fitness normalized for norm 1 = 6.766667
fitness normalized for norm 2 = 1.4
Previous proportion norm 1 = 90.0
Previous proportion norm 2 = 10.0
New proportion fnorm 1 97.75281
New proportion fnorm 2 2.247191
Real Proportions... norm (N1) = 98 norm (N2) = 2
equilibrium = 0

STEP RESUME
----------------------------
Step: 2501
fnorm_average = 16.72449
fNonorm_average = 6.0
fitness normalized for norm 1 = 16.72449
fitness normalized for norm 2 = 6.0
Previous proportion norm 1 = 98.0
Previous proportion norm 2 = 2.0
New proportion fnorm 1 99.27317
New proportion fnorm 2 0.7268322
Real Proportions... norm (N1) = 99 norm (N2) = 1
equilibrium = 0

STEP RESUME
----------------------------
Step: 3001
fnorm_average = 6.939394
fNonorm_average = 1.0
fitness normalized for norm 1 = 6.939394
fitness normalized for norm 2 = 1.0
Previous proportion norm 1 = 99.0
Previous proportion norm 2 = 1.0
New proportion fnorm 1 99.85465
New proportion fnorm 2 0.14534883
Real Proportions... norm (N1) = 100 norm () = 0
equilibrium = 0
End of simulation
