
Starting simulation with random seed = 1432544924892

STEP RESUME
----------------------------
Step: 501
fnorm_average = 4.32
fNonorm_average = 1.74
fitness normalized for norm 1 = 4.32
fitness normalized for norm 2 = 1.74
Previous proportion norm 1 = 50.0
Previous proportion norm 2 = 50.0
New proportion fnorm 1 71.28713
New proportion fnorm 2 28.712872
Real Proportions... norm (N1) = 68 norm (N2) = 32
equilibrium = 0

STEP RESUME
----------------------------
Step: 1001
fnorm_average = 3.1691177
fNonorm_average = 0.5625
fitness normalized for norm 1 = 3.1691177
fitness normalized for norm 2 = 0.5625
Previous proportion norm 1 = 68.0
Previous proportion norm 2 = 32.0
New proportion fnorm 1 92.29122
New proportion fnorm 2 7.70878
Real Proportions... norm (N1) = 92 norm (N2) = 8
equilibrium = 0

STEP RESUME
----------------------------
Step: 1501
fnorm_average = 13.434782
fNonorm_average = 4.875
fitness normalized for norm 1 = 13.434782
fitness normalized for norm 2 = 4.875
Previous proportion norm 1 = 92.0
Previous proportion norm 2 = 8.0
New proportion fnorm 1 96.94118
New proportion fnorm 2 3.0588236
Real Proportions... norm (N1) = 97 norm (N2) = 3
equilibrium = 0

STEP RESUME
----------------------------
Step: 2001
fnorm_average = 4.8350515
fNonorm_average = 4.0
fitness normalized for norm 1 = 4.8350515
fitness normalized for norm 2 = 4.0
Previous proportion norm 1 = 97.0
Previous proportion norm 2 = 3.0
New proportion fnorm 1 97.5052
New proportion fnorm 2 2.4948025
Real Proportions... norm (N1) = 97 norm (N2) = 3
equilibrium = 1

STEP RESUME
----------------------------
Step: 2501
fnorm_average = 6.659794
fNonorm_average = 1.0
fitness normalized for norm 1 = 6.659794
fitness normalized for norm 2 = 1.0
Previous proportion norm 1 = 97.0
Previous proportion norm 2 = 3.0
New proportion fnorm 1 99.53775
New proportion fnorm 2 0.4622496
Real Proportions... norm (N1) = 99 norm (N2) = 1
equilibrium = 0

STEP RESUME
----------------------------
Step: 3001
fnorm_average = 6.939394
fNonorm_average = 1.0
fitness normalized for norm 1 = 6.939394
fitness normalized for norm 2 = 1.0
Previous proportion norm 1 = 99.0
Previous proportion norm 2 = 1.0
New proportion fnorm 1 99.85465
New proportion fnorm 2 0.14534883
Real Proportions... norm (N1) = 100 norm () = 0
equilibrium = 0
End of simulation
