
Starting simulation with random seed = 1432545039839

STEP RESUME
----------------------------
Step: 501
fnorm_average = 3.88
fNonorm_average = 2.26
fitness normalized for norm 1 = 3.88
fitness normalized for norm 2 = 2.26
Previous proportion norm 1 = 50.0
Previous proportion norm 2 = 50.0
New proportion fnorm 1 63.192184
New proportion fnorm 2 36.807816
Real Proportions... norm (N1) = 61 norm (N2) = 39
equilibrium = 0

STEP RESUME
----------------------------
Step: 1001
fnorm_average = 2.247583
fNonorm_average = 0.82051283
fitness normalized for norm 1 = 2.247583
fitness normalized for norm 2 = 0.82051283
Previous proportion norm 1 = 61.0
Previous proportion norm 2 = 39.0
New proportion fnorm 1 81.07658
New proportion fnorm 2 18.92343
Real Proportions... norm (N1) = 82 norm (N2) = 18
equilibrium = 0

STEP RESUME
----------------------------
Step: 1501
fnorm_average = 6.8631434
fNonorm_average = 2.3888888
fitness normalized for norm 1 = 6.8631434
fitness normalized for norm 2 = 2.3888888
Previous proportion norm 1 = 82.0
Previous proportion norm 2 = 18.0
New proportion fnorm 1 92.90169
New proportion fnorm 2 7.098313
Real Proportions... norm (N1) = 96 norm (N2) = 4
equilibrium = 0

STEP RESUME
----------------------------
Step: 2001
fnorm_average = 10.510416
fNonorm_average = 3.0
fitness normalized for norm 1 = 10.510416
fitness normalized for norm 2 = 3.0
Previous proportion norm 1 = 96.0
Previous proportion norm 2 = 4.0
New proportion fnorm 1 98.82468
New proportion fnorm 2 1.1753184
Real Proportions... norm (N1) = 96 norm (N2) = 4
equilibrium = 1

STEP RESUME
----------------------------
Step: 2501
fnorm_average = 12.270834
fNonorm_average = 4.0
fitness normalized for norm 1 = 12.270834
fitness normalized for norm 2 = 4.0
Previous proportion norm 1 = 96.0
Previous proportion norm 2 = 4.0
New proportion fnorm 1 98.659966
New proportion fnorm 2 1.3400335
Real Proportions... norm (N1) = 92 norm (N2) = 8
equilibrium = 0

STEP RESUME
----------------------------
Step: 3001
fnorm_average = 13.456522
fNonorm_average = 4.875
fitness normalized for norm 1 = 13.456522
fitness normalized for norm 2 = 4.875
Previous proportion norm 1 = 92.0
Previous proportion norm 2 = 8.0
New proportion fnorm 1 96.94597
New proportion fnorm 2 3.0540328
Real Proportions... norm (N1) = 99 norm (N2) = 1
equilibrium = 0

STEP RESUME
----------------------------
Step: 3501
fnorm_average = 30.818182
fNonorm_average = 13.0
fitness normalized for norm 1 = 30.818182
fitness normalized for norm 2 = 13.0
Previous proportion norm 1 = 99.0
Previous proportion norm 2 = 1.0
New proportion fnorm 1 99.575714
New proportion fnorm 2 0.42428198
Real Proportions... norm (N1) = 100 norm () = 0
equilibrium = 0
End of simulation
