
Starting simulation with random seed = 1432544937207

STEP RESUME
----------------------------
Step: 501
fnorm_average = 3.68
fNonorm_average = 2.28
fitness normalized for norm 1 = 3.68
fitness normalized for norm 2 = 2.28
Previous proportion norm 1 = 50.0
Previous proportion norm 2 = 50.0
New proportion fnorm 1 61.744965
New proportion fnorm 2 38.25503
Real Proportions... norm (N1) = 58 norm (N2) = 42
equilibrium = 0

STEP RESUME
----------------------------
Step: 1001
fnorm_average = 1.1724138
fNonorm_average = 0.0
fitness normalized for norm 1 = 1.1724138
fitness normalized for norm 2 = 0.0
Previous proportion norm 1 = 58.0
Previous proportion norm 2 = 42.0
New proportion fnorm 1 100.0
New proportion fnorm 2 0.0
Real Proportions... norm (N1) = 100 norm () = 0
equilibrium = 0
End of simulation
