
Starting simulation with random seed = 1432541426874

STEP RESUME
----------------------------
Step: 501
fnorm_average = 19.933334
fNonorm_average = 8.666667
fitness normalized for norm 1 = 19.933334
fitness normalized for norm 2 = 8.666667
Previous proportion norm 1 = 10.0
Previous proportion norm 2 = 90.0
New proportion fnorm 1 20.353981
New proportion fnorm 2 79.64601
Real Proportions... norm (N1) = 20 norm (No norm) = 80
equilibrium = 0

STEP RESUME
----------------------------
Step: 1001
fnorm_average = 5.875
fNonorm_average = 3.8875
fitness normalized for norm 1 = 5.875
fitness normalized for norm 2 = 3.8875
Previous proportion norm 1 = 20.0
Previous proportion norm 2 = 80.0
New proportion fnorm 1 27.421236
New proportion fnorm 2 72.578766
Real Proportions... norm (N1) = 18 norm (No norm) = 82
equilibrium = 0

STEP RESUME
----------------------------
Step: 1501
fnorm_average = 9.081301
fNonorm_average = 5.707317
fitness normalized for norm 1 = 9.081301
fitness normalized for norm 2 = 5.707317
Previous proportion norm 1 = 18.0
Previous proportion norm 2 = 82.0
New proportion fnorm 1 25.886444
New proportion fnorm 2 74.113556
Real Proportions... norm (N1) = 34 norm (No norm) = 66
equilibrium = 0

STEP RESUME
----------------------------
Step: 2001
fnorm_average = 10.959002
fNonorm_average = 5.3030305
fitness normalized for norm 1 = 10.959002
fitness normalized for norm 2 = 5.3030305
Previous proportion norm 1 = 34.0
Previous proportion norm 2 = 66.0
New proportion fnorm 1 51.564198
New proportion fnorm 2 48.435795
Real Proportions... norm (N1) = 48 norm (No norm) = 52
equilibrium = 0

STEP RESUME
----------------------------
Step: 2501
fnorm_average = 6.929487
fNonorm_average = 2.9230769
fitness normalized for norm 1 = 6.929487
fitness normalized for norm 2 = 2.9230769
Previous proportion norm 1 = 48.0
Previous proportion norm 2 = 52.0
New proportion fnorm 1 68.63492
New proportion fnorm 2 31.365078
Real Proportions... norm (N1) = 56 norm (No norm) = 44
equilibrium = 0

STEP RESUME
----------------------------
Step: 3001
fnorm_average = 7.7987013
fNonorm_average = 2.6136363
fitness normalized for norm 1 = 7.7987013
fitness normalized for norm 2 = 2.6136363
Previous proportion norm 1 = 56.0
Previous proportion norm 2 = 44.0
New proportion fnorm 1 79.15637
New proportion fnorm 2 20.843632
Real Proportions... norm (N1) = 74 norm (No norm) = 26
equilibrium = 0

STEP RESUME
----------------------------
Step: 3501
fnorm_average = 3.8513513
fNonorm_average = 0.3846154
fitness normalized for norm 1 = 3.8513513
fitness normalized for norm 2 = 0.3846154
Previous proportion norm 1 = 74.0
Previous proportion norm 2 = 26.0
New proportion fnorm 1 96.61017
New proportion fnorm 2 3.3898306
Real Proportions... norm (N1) = 98 norm (No norm) = 2
equilibrium = 0

STEP RESUME
----------------------------
Step: 4001
fnorm_average = 6.867347
fNonorm_average = 1.0
fitness normalized for norm 1 = 6.867347
fitness normalized for norm 2 = 1.0
Previous proportion norm 1 = 98.0
Previous proportion norm 2 = 2.0
New proportion fnorm 1 99.703705
New proportion fnorm 2 0.2962963
Real Proportions... norm (N1) = 96 norm (No norm) = 4
equilibrium = 0

STEP RESUME
----------------------------
Step: 4501
fnorm_average = 17.625
fNonorm_average = 6.5
fitness normalized for norm 1 = 17.625
fitness normalized for norm 2 = 6.5
Previous proportion norm 1 = 96.0
Previous proportion norm 2 = 4.0
New proportion fnorm 1 98.48662
New proportion fnorm 2 1.5133877
Real Proportions... norm (N1) = 97 norm (No norm) = 3
equilibrium = 0

STEP RESUME
----------------------------
Step: 5001
fnorm_average = 10.731958
fNonorm_average = 3.0
fitness normalized for norm 1 = 10.731958
fitness normalized for norm 2 = 3.0
Previous proportion norm 1 = 97.0
Previous proportion norm 2 = 3.0
New proportion fnorm 1 99.14285
New proportion fnorm 2 0.8571428
Real Proportions... norm (N1) = 98 norm (No norm) = 2
equilibrium = 0

STEP RESUME
----------------------------
Step: 5501
fnorm_average = 17.744898
fNonorm_average = 6.5
fitness normalized for norm 1 = 17.744898
fitness normalized for norm 2 = 6.5
Previous proportion norm 1 = 98.0
Previous proportion norm 2 = 2.0
New proportion fnorm 1 99.257996
New proportion fnorm 2 0.74200916
Real Proportions... norm (N1) = 99 norm (No norm) = 1
equilibrium = 0

STEP RESUME
----------------------------
Step: 6001
fnorm_average = 5.0
fNonorm_average = 5.0
fitness normalized for norm 1 = 5.0
fitness normalized for norm 2 = 5.0
Previous proportion norm 1 = 99.0
Previous proportion norm 2 = 1.0
New proportion fnorm 1 99.0
New proportion fnorm 2 1.0
Real Proportions... norm (N1) = 100 norm () = 0
equilibrium = 0
End of simulation
