
Starting simulation with random seed = 1432541470443

STEP RESUME
----------------------------
Step: 501
fnorm_average = 14.91111
fNonorm_average = 6.4555554
fitness normalized for norm 1 = 14.91111
fitness normalized for norm 2 = 6.4555554
Previous proportion norm 1 = 10.0
Previous proportion norm 2 = 90.0
New proportion fnorm 1 20.423069
New proportion fnorm 2 79.576935
Real Proportions... norm (N1) = 17 norm (No norm) = 83
equilibrium = 0

STEP RESUME
----------------------------
Step: 1001
fnorm_average = 12.81715
fNonorm_average = 6.6144576
fitness normalized for norm 1 = 12.81715
fitness normalized for norm 2 = 6.6144576
Previous proportion norm 1 = 17.0
Previous proportion norm 2 = 83.0
New proportion fnorm 1 28.412304
New proportion fnorm 2 71.5877
Real Proportions... norm (N1) = 25 norm (No norm) = 75
equilibrium = 0

STEP RESUME
----------------------------
Step: 1501
fnorm_average = 9.64
fNonorm_average = 5.8
fitness normalized for norm 1 = 9.64
fitness normalized for norm 2 = 5.8
Previous proportion norm 1 = 25.0
Previous proportion norm 2 = 75.0
New proportion fnorm 1 35.65089
New proportion fnorm 2 64.34911
Real Proportions... norm (N1) = 35 norm (No norm) = 65
equilibrium = 0

STEP RESUME
----------------------------
Step: 2001
fnorm_average = 8.043956
fNonorm_average = 4.5076923
fitness normalized for norm 1 = 8.043956
fitness normalized for norm 2 = 4.5076923
Previous proportion norm 1 = 35.0
Previous proportion norm 2 = 65.0
New proportion fnorm 1 49.002544
New proportion fnorm 2 50.99746
Real Proportions... norm (N1) = 47 norm (No norm) = 53
equilibrium = 0

STEP RESUME
----------------------------
Step: 2501
fnorm_average = 7.436371
fNonorm_average = 3.2075472
fitness normalized for norm 1 = 7.436371
fitness normalized for norm 2 = 3.2075472
Previous proportion norm 1 = 47.0
Previous proportion norm 2 = 53.0
New proportion fnorm 1 67.276825
New proportion fnorm 2 32.72318
Real Proportions... norm (N1) = 64 norm (No norm) = 36
equilibrium = 0

STEP RESUME
----------------------------
Step: 3001
fnorm_average = 6.895834
fNonorm_average = 2.1666667
fitness normalized for norm 1 = 6.895834
fitness normalized for norm 2 = 2.1666667
Previous proportion norm 1 = 64.0
Previous proportion norm 2 = 36.0
New proportion fnorm 1 84.98074
New proportion fnorm 2 15.019255
Real Proportions... norm (N1) = 86 norm (No norm) = 14
equilibrium = 0

STEP RESUME
----------------------------
Step: 3501
fnorm_average = 4.58804
fNonorm_average = 0.14285715
fitness normalized for norm 1 = 4.58804
fitness normalized for norm 2 = 0.14285715
Previous proportion norm 1 = 86.0
Previous proportion norm 2 = 14.0
New proportion fnorm 1 99.49568
New proportion fnorm 2 0.50432277
Real Proportions... norm (N1) = 99 norm (No norm) = 1
equilibrium = 0

STEP RESUME
----------------------------
Step: 4001
fnorm_average = 28.818182
fNonorm_average = 12.0
fitness normalized for norm 1 = 28.818182
fitness normalized for norm 2 = 12.0
Previous proportion norm 1 = 99.0
Previous proportion norm 2 = 1.0
New proportion fnorm 1 99.581154
New proportion fnorm 2 0.41884816
Real Proportions... norm (N1) = 98 norm (No norm) = 2
equilibrium = 0

STEP RESUME
----------------------------
Step: 4501
fnorm_average = 4.928571
fNonorm_average = 2.0
fitness normalized for norm 1 = 4.928571
fitness normalized for norm 2 = 2.0
Previous proportion norm 1 = 98.0
Previous proportion norm 2 = 2.0
New proportion fnorm 1 99.17864
New proportion fnorm 2 0.8213553
Real Proportions... norm (N1) = 99 norm (No norm) = 1
equilibrium = 0

STEP RESUME
----------------------------
Step: 5001
fnorm_average = 18.88889
fNonorm_average = 7.0
fitness normalized for norm 1 = 18.88889
fitness normalized for norm 2 = 7.0
Previous proportion norm 1 = 99.0
Previous proportion norm 2 = 1.0
New proportion fnorm 1 99.62707
New proportion fnorm 2 0.37293553
Real Proportions... norm (N1) = 99 norm (No norm) = 1
equilibrium = 1

STEP RESUME
----------------------------
Step: 5501
fnorm_average = 18.868687
fNonorm_average = 7.0
fitness normalized for norm 1 = 18.868687
fitness normalized for norm 2 = 7.0
Previous proportion norm 1 = 99.0
Previous proportion norm 2 = 1.0
New proportion fnorm 1 99.62666
New proportion fnorm 2 0.37333333
Real Proportions... norm (N1) = 99 norm (No norm) = 1
equilibrium = 2

STEP RESUME
----------------------------
Step: 6001
fnorm_average = 16.88889
fNonorm_average = 6.0
fitness normalized for norm 1 = 16.88889
fitness normalized for norm 2 = 6.0
Previous proportion norm 1 = 99.0
Previous proportion norm 2 = 1.0
New proportion fnorm 1 99.64243
New proportion fnorm 2 0.35756853
Real Proportions... norm (N1) = 100 norm () = 0
equilibrium = 0
End of simulation
