
Starting simulation with random seed = 1432541395507

STEP RESUME
----------------------------
Step: 501
fnorm_average = 13.177778
fNonorm_average = 6.188889
fitness normalized for norm 1 = 13.177778
fitness normalized for norm 2 = 6.188889
Previous proportion norm 1 = 10.0
Previous proportion norm 2 = 90.0
New proportion fnorm 1 19.13212
New proportion fnorm 2 80.86788
Real Proportions... norm (N1) = 21 norm (No norm) = 79
equilibrium = 0

STEP RESUME
----------------------------
Step: 1001
fnorm_average = 9.382158
fNonorm_average = 5.810127
fitness normalized for norm 1 = 9.382158
fitness normalized for norm 2 = 5.810127
Previous proportion norm 1 = 21.0
Previous proportion norm 2 = 79.0
New proportion fnorm 1 30.033186
New proportion fnorm 2 69.96681
Real Proportions... norm (N1) = 28 norm (No norm) = 72
equilibrium = 0

STEP RESUME
----------------------------
Step: 1501
fnorm_average = 9.345239
fNonorm_average = 5.4583335
fitness normalized for norm 1 = 9.345239
fitness normalized for norm 2 = 5.4583335
Previous proportion norm 1 = 28.0
Previous proportion norm 2 = 72.0
New proportion fnorm 1 39.96945
New proportion fnorm 2 60.03055
Real Proportions... norm (N1) = 23 norm (No norm) = 77
equilibrium = 0

STEP RESUME
----------------------------
Step: 2001
fnorm_average = 12.805759
fNonorm_average = 6.337662
fitness normalized for norm 1 = 12.805759
fitness normalized for norm 2 = 6.337662
Previous proportion norm 1 = 23.0
Previous proportion norm 2 = 77.0
New proportion fnorm 1 37.63837
New proportion fnorm 2 62.36163
Real Proportions... norm (N1) = 20 norm (No norm) = 80
equilibrium = 0

STEP RESUME
----------------------------
Step: 2501
fnorm_average = 8.349999
fNonorm_average = 5.7
fitness normalized for norm 1 = 8.349999
fitness normalized for norm 2 = 5.7
Previous proportion norm 1 = 20.0
Previous proportion norm 2 = 80.0
New proportion fnorm 1 26.805777
New proportion fnorm 2 73.19422
Real Proportions... norm (N1) = 25 norm (No norm) = 75
equilibrium = 0

STEP RESUME
----------------------------
Step: 3001
fnorm_average = 10.013333
fNonorm_average = 5.5066667
fitness normalized for norm 1 = 10.013333
fitness normalized for norm 2 = 5.5066667
Previous proportion norm 1 = 25.0
Previous proportion norm 2 = 75.0
New proportion fnorm 1 37.738693
New proportion fnorm 2 62.261307
Real Proportions... norm (N1) = 38 norm (No norm) = 62
equilibrium = 0

STEP RESUME
----------------------------
Step: 3501
fnorm_average = 11.263158
fNonorm_average = 6.0
fitness normalized for norm 1 = 11.263158
fitness normalized for norm 2 = 6.0
Previous proportion norm 1 = 38.0
Previous proportion norm 2 = 62.0
New proportion fnorm 1 53.500004
New proportion fnorm 2 46.5
Real Proportions... norm (N1) = 50 norm (No norm) = 50
equilibrium = 0

STEP RESUME
----------------------------
Step: 4001
fnorm_average = 10.6
fNonorm_average = 4.54
fitness normalized for norm 1 = 10.6
fitness normalized for norm 2 = 4.54
Previous proportion norm 1 = 50.0
Previous proportion norm 2 = 50.0
New proportion fnorm 1 70.01321
New proportion fnorm 2 29.98679
Real Proportions... norm (N1) = 77 norm (No norm) = 23
equilibrium = 0

STEP RESUME
----------------------------
Step: 4501
fnorm_average = 10.555054
fNonorm_average = 3.6086957
fitness normalized for norm 1 = 10.555054
fitness normalized for norm 2 = 3.6086957
Previous proportion norm 1 = 77.0
Previous proportion norm 2 = 23.0
New proportion fnorm 1 90.73391
New proportion fnorm 2 9.26609
Real Proportions... norm (N1) = 91 norm (No norm) = 9
equilibrium = 0

STEP RESUME
----------------------------
Step: 5001
fnorm_average = 5.1391945
fNonorm_average = 0.33333334
fitness normalized for norm 1 = 5.1391945
fitness normalized for norm 2 = 0.33333334
Previous proportion norm 1 = 91.0
Previous proportion norm 2 = 9.0
New proportion fnorm 1 99.3626
New proportion fnorm 2 0.6373937
Real Proportions... norm (N1) = 99 norm (No norm) = 1
equilibrium = 0

STEP RESUME
----------------------------
Step: 5501
fnorm_average = 16.868687
fNonorm_average = 6.0
fitness normalized for norm 1 = 16.868687
fitness normalized for norm 2 = 6.0
Previous proportion norm 1 = 99.0
Previous proportion norm 2 = 1.0
New proportion fnorm 1 99.642006
New proportion fnorm 2 0.35799524
Real Proportions... norm (N1) = 98 norm (No norm) = 2
equilibrium = 0

STEP RESUME
----------------------------
Step: 6001
fnorm_average = 18.765306
fNonorm_average = 7.0
fitness normalized for norm 1 = 18.765306
fitness normalized for norm 2 = 7.0
Previous proportion norm 1 = 98.0
Previous proportion norm 2 = 2.0
New proportion fnorm 1 99.24447
New proportion fnorm 2 0.75553155
Real Proportions... norm (N1) = 98 norm (No norm) = 2
equilibrium = 1

STEP RESUME
----------------------------
Step: 6501
fnorm_average = 11.795918
fNonorm_average = 3.5
fitness normalized for norm 1 = 11.795918
fitness normalized for norm 2 = 3.5
Previous proportion norm 1 = 98.0
Previous proportion norm 2 = 2.0
New proportion fnorm 1 99.39811
New proportion fnorm 2 0.60189164
Real Proportions... norm (N1) = 100 norm () = 0
equilibrium = 0
End of simulation
