
Starting simulation with random seed = 1432541412780

STEP RESUME
----------------------------
Step: 501
fnorm_average = 14.066666
fNonorm_average = 6.0333333
fitness normalized for norm 1 = 14.066666
fitness normalized for norm 2 = 6.0333333
Previous proportion norm 1 = 10.0
Previous proportion norm 2 = 90.0
New proportion fnorm 1 20.575329
New proportion fnorm 2 79.424675
Real Proportions... norm (N1) = 13 norm (No norm) = 87
equilibrium = 0

STEP RESUME
----------------------------
Step: 1001
fnorm_average = 8.4995575
fNonorm_average = 5.0574713
fitness normalized for norm 1 = 8.4995575
fitness normalized for norm 2 = 5.0574713
Previous proportion norm 1 = 13.0
Previous proportion norm 2 = 87.0
New proportion fnorm 1 20.071825
New proportion fnorm 2 79.92817
Real Proportions... norm (N1) = 22 norm (No norm) = 78
equilibrium = 0

STEP RESUME
----------------------------
Step: 1501
fnorm_average = 13.269231
fNonorm_average = 6.3846154
fitness normalized for norm 1 = 13.269231
fitness normalized for norm 2 = 6.3846154
Previous proportion norm 1 = 22.0
Previous proportion norm 2 = 78.0
New proportion fnorm 1 36.955883
New proportion fnorm 2 63.044113
Real Proportions... norm (N1) = 36 norm (No norm) = 64
equilibrium = 0

STEP RESUME
----------------------------
Step: 2001
fnorm_average = 8.284722
fNonorm_average = 3.90625
fitness normalized for norm 1 = 8.284722
fitness normalized for norm 2 = 3.90625
Previous proportion norm 1 = 36.0
Previous proportion norm 2 = 64.0
New proportion fnorm 1 54.400368
New proportion fnorm 2 45.599636
Real Proportions... norm (N1) = 65 norm (No norm) = 35
equilibrium = 0

STEP RESUME
----------------------------
Step: 2501
fnorm_average = 6.8395605
fNonorm_average = 2.3428571
fitness normalized for norm 1 = 6.8395605
fitness normalized for norm 2 = 2.3428571
Previous proportion norm 1 = 65.0
Previous proportion norm 2 = 35.0
New proportion fnorm 1 84.427574
New proportion fnorm 2 15.572436
Real Proportions... norm (N1) = 85 norm (No norm) = 15
equilibrium = 0

STEP RESUME
----------------------------
Step: 3001
fnorm_average = 9.701961
fNonorm_average = 2.9333334
fitness normalized for norm 1 = 9.701961
fitness normalized for norm 2 = 2.9333334
Previous proportion norm 1 = 85.0
Previous proportion norm 2 = 15.0
New proportion fnorm 1 94.93477
New proportion fnorm 2 5.065234
Real Proportions... norm (N1) = 95 norm (No norm) = 5
equilibrium = 0

STEP RESUME
----------------------------
Step: 3501
fnorm_average = 9.031579
fNonorm_average = 2.2
fitness normalized for norm 1 = 9.031579
fitness normalized for norm 2 = 2.2
Previous proportion norm 1 = 95.0
Previous proportion norm 2 = 5.0
New proportion fnorm 1 98.73418
New proportion fnorm 2 1.2658228
Real Proportions... norm (N1) = 98 norm (No norm) = 2
equilibrium = 0

STEP RESUME
----------------------------
Step: 4001
fnorm_average = 4.9897957
fNonorm_average = 5.5
fitness normalized for norm 1 = 4.9897957
fitness normalized for norm 2 = 5.5
Previous proportion norm 1 = 98.0
Previous proportion norm 2 = 2.0
New proportion fnorm 1 97.799995
New proportion fnorm 2 2.2000003
Real Proportions... norm (N1) = 96 norm (No norm) = 4
equilibrium = 0

STEP RESUME
----------------------------
Step: 4501
fnorm_average = 15.677084
fNonorm_average = 5.5
fitness normalized for norm 1 = 15.677084
fitness normalized for norm 2 = 5.5
Previous proportion norm 1 = 96.0
Previous proportion norm 2 = 4.0
New proportion fnorm 1 98.559265
New proportion fnorm 2 1.4407334
Real Proportions... norm (N1) = 100 norm () = 0
equilibrium = 0
End of simulation
