
Starting simulation with random seed = 1432541444378

STEP RESUME
----------------------------
Step: 501
fnorm_average = 12.266666
fNonorm_average = 6.3333335
fitness normalized for norm 1 = 12.266666
fitness normalized for norm 2 = 6.3333335
Previous proportion norm 1 = 10.0
Previous proportion norm 2 = 90.0
New proportion fnorm 1 17.709335
New proportion fnorm 2 82.290665
Real Proportions... norm (N1) = 20 norm (No norm) = 80
equilibrium = 0

STEP RESUME
----------------------------
Step: 1001
fnorm_average = 11.325
fNonorm_average = 5.3125
fitness normalized for norm 1 = 11.325
fitness normalized for norm 2 = 5.3125
Previous proportion norm 1 = 20.0
Previous proportion norm 2 = 80.0
New proportion fnorm 1 34.765926
New proportion fnorm 2 65.23408
Real Proportions... norm (N1) = 38 norm (No norm) = 62
equilibrium = 0

STEP RESUME
----------------------------
Step: 1501
fnorm_average = 10.325975
fNonorm_average = 5.2419353
fitness normalized for norm 1 = 10.325975
fitness normalized for norm 2 = 5.2419353
Previous proportion norm 1 = 38.0
Previous proportion norm 2 = 62.0
New proportion fnorm 1 54.696697
New proportion fnorm 2 45.3033
Real Proportions... norm (N1) = 49 norm (No norm) = 51
equilibrium = 0

STEP RESUME
----------------------------
Step: 2001
fnorm_average = 8.937975
fNonorm_average = 3.509804
fitness normalized for norm 1 = 8.937975
fitness normalized for norm 2 = 3.509804
Previous proportion norm 1 = 49.0
Previous proportion norm 2 = 51.0
New proportion fnorm 1 70.98681
New proportion fnorm 2 29.013187
Real Proportions... norm (N1) = 77 norm (No norm) = 23
equilibrium = 0

STEP RESUME
----------------------------
Step: 2501
fnorm_average = 4.7809143
fNonorm_average = 0.6956522
fitness normalized for norm 1 = 4.7809143
fitness normalized for norm 2 = 0.6956522
Previous proportion norm 1 = 77.0
Previous proportion norm 2 = 23.0
New proportion fnorm 1 95.83475
New proportion fnorm 2 4.165252
Real Proportions... norm (N1) = 96 norm (No norm) = 4
equilibrium = 0

STEP RESUME
----------------------------
Step: 3001
fnorm_average = 6.7395835
fNonorm_average = 1.0
fitness normalized for norm 1 = 6.7395835
fitness normalized for norm 2 = 1.0
Previous proportion norm 1 = 96.0
Previous proportion norm 2 = 4.0
New proportion fnorm 1 99.38556
New proportion fnorm 2 0.6144393
Real Proportions... norm (N1) = 99 norm (No norm) = 1
equilibrium = 0

STEP RESUME
----------------------------
Step: 3501
fnorm_average = 5.010101
fNonorm_average = 5.0
fitness normalized for norm 1 = 5.010101
fitness normalized for norm 2 = 5.0
Previous proportion norm 1 = 99.0
Previous proportion norm 2 = 1.0
New proportion fnorm 1 99.002
New proportion fnorm 2 0.9980041
Real Proportions... norm (N1) = 98 norm (No norm) = 2
equilibrium = 0

STEP RESUME
----------------------------
Step: 4001
fnorm_average = 6.877551
fNonorm_average = 1.0
fitness normalized for norm 1 = 6.877551
fitness normalized for norm 2 = 1.0
Previous proportion norm 1 = 98.0
Previous proportion norm 2 = 2.0
New proportion fnorm 1 99.70414
New proportion fnorm 2 0.295858
Real Proportions... norm (N1) = 99 norm (No norm) = 1
equilibrium = 0

STEP RESUME
----------------------------
Step: 4501
fnorm_average = 28.79798
fNonorm_average = 12.0
fitness normalized for norm 1 = 28.79798
fitness normalized for norm 2 = 12.0
Previous proportion norm 1 = 99.0
Previous proportion norm 2 = 1.0
New proportion fnorm 1 99.58086
New proportion fnorm 2 0.41914076
Real Proportions... norm (N1) = 100 norm () = 0
equilibrium = 0
End of simulation
