
Starting simulation with random seed = 1432542795174

STEP RESUME
----------------------------
Step: 501
fnorm_average = 8.4
fNonorm_average = 1.9
fitness normalized for norm 1 = 8.4
fitness normalized for norm 2 = 1.9
Previous proportion norm 1 = 90.0
Previous proportion norm 2 = 10.0
New proportion fnorm 1 97.548386
New proportion fnorm 2 2.4516132
Real Proportions... norm (N1) = 94 norm (No norm) = 6
equilibrium = 0

STEP RESUME
----------------------------
Step: 1001
fnorm_average = 12.446808
fNonorm_average = 4.0
fitness normalized for norm 1 = 12.446808
fitness normalized for norm 2 = 4.0
Previous proportion norm 1 = 94.0
Previous proportion norm 2 = 6.0
New proportion fnorm 1 97.98995
New proportion fnorm 2 2.0100503
Real Proportions... norm (N1) = 96 norm (No norm) = 4
equilibrium = 0

STEP RESUME
----------------------------
Step: 1501
fnorm_average = 4.8645835
fNonorm_average = 2.0
fitness normalized for norm 1 = 4.8645835
fitness normalized for norm 2 = 2.0
Previous proportion norm 1 = 96.0
Previous proportion norm 2 = 4.0
New proportion fnorm 1 98.31579
New proportion fnorm 2 1.6842104
Real Proportions... norm (N1) = 100 norm () = 0
equilibrium = 0
End of simulation
