
Starting simulation with random seed = 1432542865265

STEP RESUME
----------------------------
Step: 501
fnorm_average = 8.688889
fNonorm_average = 2.2
fitness normalized for norm 1 = 8.688889
fitness normalized for norm 2 = 2.2
Previous proportion norm 1 = 90.0
Previous proportion norm 2 = 10.0
New proportion fnorm 1 97.26368
New proportion fnorm 2 2.7363186
Real Proportions... norm (N1) = 95 norm (No norm) = 5
equilibrium = 0

STEP RESUME
----------------------------
Step: 1001
fnorm_average = 8.726316
fNonorm_average = 2.0
fitness normalized for norm 1 = 8.726316
fitness normalized for norm 2 = 2.0
Previous proportion norm 1 = 95.0
Previous proportion norm 2 = 5.0
New proportion fnorm 1 98.808105
New proportion fnorm 2 1.191895
Real Proportions... norm (N1) = 98 norm (No norm) = 2
equilibrium = 0

STEP RESUME
----------------------------
Step: 1501
fnorm_average = 16.734694
fNonorm_average = 6.0
fitness normalized for norm 1 = 16.734694
fitness normalized for norm 2 = 6.0
Previous proportion norm 1 = 98.0
Previous proportion norm 2 = 2.0
New proportion fnorm 1 99.27361
New proportion fnorm 2 0.72639227
Real Proportions... norm (N1) = 99 norm (No norm) = 1
equilibrium = 0

STEP RESUME
----------------------------
Step: 2001
fnorm_average = 6.909091
fNonorm_average = 1.0
fitness normalized for norm 1 = 6.909091
fitness normalized for norm 2 = 1.0
Previous proportion norm 1 = 99.0
Previous proportion norm 2 = 1.0
New proportion fnorm 1 99.85402
New proportion fnorm 2 0.1459854
Real Proportions... norm (N1) = 99 norm (No norm) = 1
equilibrium = 1

STEP RESUME
----------------------------
Step: 2501
fnorm_average = 5.0
fNonorm_average = 5.0
fitness normalized for norm 1 = 5.0
fitness normalized for norm 2 = 5.0
Previous proportion norm 1 = 99.0
Previous proportion norm 2 = 1.0
New proportion fnorm 1 99.0
New proportion fnorm 2 1.0
Real Proportions... norm (N1) = 98 norm (No norm) = 2
equilibrium = 0

STEP RESUME
----------------------------
Step: 3001
fnorm_average = 22.693878
fNonorm_average = 9.0
fitness normalized for norm 1 = 22.693878
fitness normalized for norm 2 = 9.0
Previous proportion norm 1 = 98.0
Previous proportion norm 2 = 2.0
New proportion fnorm 1 99.19714
New proportion fnorm 2 0.80285466
Real Proportions... norm (N1) = 99 norm (No norm) = 1
equilibrium = 0

STEP RESUME
----------------------------
Step: 3501
fnorm_average = 6.919192
fNonorm_average = 1.0
fitness normalized for norm 1 = 6.919192
fitness normalized for norm 2 = 1.0
Previous proportion norm 1 = 99.0
Previous proportion norm 2 = 1.0
New proportion fnorm 1 99.854225
New proportion fnorm 2 0.1457726
Real Proportions... norm (N1) = 99 norm (No norm) = 1
equilibrium = 1

STEP RESUME
----------------------------
Step: 4001
fnorm_average = 5.0
fNonorm_average = 5.0
fitness normalized for norm 1 = 5.0
fitness normalized for norm 2 = 5.0
Previous proportion norm 1 = 99.0
Previous proportion norm 2 = 1.0
New proportion fnorm 1 99.0
New proportion fnorm 2 1.0
Real Proportions... norm (N1) = 100 norm () = 0
equilibrium = 0
End of simulation
