
Starting simulation with random seed = 1432545206618

STEP RESUME
----------------------------
Step: 501
fnorm_average = 4.3999996
fNonorm_average = 0.2
fitness normalized for norm 1 = 4.3999996
fitness normalized for norm 2 = 0.2
Previous proportion norm 1 = 90.0
Previous proportion norm 2 = 10.0
New proportion fnorm 1 99.49748
New proportion fnorm 2 0.5025126
Real Proportions... norm (N1) = 98 norm (N2) = 2
equilibrium = 0

STEP RESUME
----------------------------
Step: 1001
fnorm_average = 15.540816
fNonorm_average = 5.5
fitness normalized for norm 1 = 15.540816
fitness normalized for norm 2 = 5.5
Previous proportion norm 1 = 98.0
Previous proportion norm 2 = 2.0
New proportion fnorm 1 99.28292
New proportion fnorm 2 0.7170795
Real Proportions... norm (N1) = 99 norm (N2) = 1
equilibrium = 0

STEP RESUME
----------------------------
Step: 1501
fnorm_average = 5.0
fNonorm_average = 5.0
fitness normalized for norm 1 = 5.0
fitness normalized for norm 2 = 5.0
Previous proportion norm 1 = 99.0
Previous proportion norm 2 = 1.0
New proportion fnorm 1 99.0
New proportion fnorm 2 1.0
Real Proportions... norm (N1) = 96 norm (N2) = 4
equilibrium = 0

STEP RESUME
----------------------------
Step: 2001
fnorm_average = 5.1354165
fNonorm_average = 0.25
fitness normalized for norm 1 = 5.1354165
fitness normalized for norm 2 = 0.25
Previous proportion norm 1 = 96.0
Previous proportion norm 2 = 4.0
New proportion fnorm 1 99.79757
New proportion fnorm 2 0.20242916
Real Proportions... norm (N1) = 99 norm (N2) = 1
equilibrium = 0

STEP RESUME
----------------------------
Step: 2501
fnorm_average = 8.929293
fNonorm_average = 2.0
fitness normalized for norm 1 = 8.929293
fitness normalized for norm 2 = 2.0
Previous proportion norm 1 = 99.0
Previous proportion norm 2 = 1.0
New proportion fnorm 1 99.77426
New proportion fnorm 2 0.22573364
Real Proportions... norm (N1) = 99 norm (N2) = 1
equilibrium = 1

STEP RESUME
----------------------------
Step: 3001
fnorm_average = 18.88889
fNonorm_average = 7.0
fitness normalized for norm 1 = 18.88889
fitness normalized for norm 2 = 7.0
Previous proportion norm 1 = 99.0
Previous proportion norm 2 = 1.0
New proportion fnorm 1 99.62707
New proportion fnorm 2 0.37293553
Real Proportions... norm (N1) = 100 norm () = 0
equilibrium = 0
End of simulation
