
Starting simulation with random seed = 1432545243789

STEP RESUME
----------------------------
Step: 501
fnorm_average = 5.0222225
fNonorm_average = 0.4
fitness normalized for norm 1 = 5.0222225
fitness normalized for norm 2 = 0.4
Previous proportion norm 1 = 90.0
Previous proportion norm 2 = 10.0
New proportion fnorm 1 99.1228
New proportion fnorm 2 0.8771929
Real Proportions... norm (N1) = 98 norm (N2) = 2
equilibrium = 0

STEP RESUME
----------------------------
Step: 1001
fnorm_average = 7.714286
fNonorm_average = 1.5
fitness normalized for norm 1 = 7.714286
fitness normalized for norm 2 = 1.5
Previous proportion norm 1 = 98.0
Previous proportion norm 2 = 2.0
New proportion fnorm 1 99.604744
New proportion fnorm 2 0.39525694
Real Proportions... norm (N1) = 99 norm (N2) = 1
equilibrium = 0

STEP RESUME
----------------------------
Step: 1501
fnorm_average = 6.919192
fNonorm_average = 1.0
fitness normalized for norm 1 = 6.919192
fitness normalized for norm 2 = 1.0
Previous proportion norm 1 = 99.0
Previous proportion norm 2 = 1.0
New proportion fnorm 1 99.854225
New proportion fnorm 2 0.1457726
Real Proportions... norm (N1) = 100 norm () = 0
equilibrium = 0
End of simulation
