
Starting simulation with random seed = 1432545262714

STEP RESUME
----------------------------
Step: 501
fnorm_average = 8.333333
fNonorm_average = 2.2
fitness normalized for norm 1 = 8.333333
fitness normalized for norm 2 = 2.2
Previous proportion norm 1 = 90.0
Previous proportion norm 2 = 10.0
New proportion fnorm 1 97.15026
New proportion fnorm 2 2.849741
Real Proportions... norm (N1) = 96 norm (N2) = 4
equilibrium = 0

STEP RESUME
----------------------------
Step: 1001
fnorm_average = 9.520834
fNonorm_average = 2.5
fitness normalized for norm 1 = 9.520834
fitness normalized for norm 2 = 2.5
Previous proportion norm 1 = 96.0
Previous proportion norm 2 = 4.0
New proportion fnorm 1 98.91775
New proportion fnorm 2 1.0822511
Real Proportions... norm (N1) = 97 norm (N2) = 3
equilibrium = 0

STEP RESUME
----------------------------
Step: 1501
fnorm_average = 8.670103
fNonorm_average = 2.0
fitness normalized for norm 1 = 8.670103
fitness normalized for norm 2 = 2.0
Previous proportion norm 1 = 97.0
Previous proportion norm 2 = 3.0
New proportion fnorm 1 99.29162
New proportion fnorm 2 0.70838255
Real Proportions... norm (N1) = 100 norm () = 0
equilibrium = 0
End of simulation
