
Starting simulation with random seed = 1432542339574

STEP RESUME
----------------------------
Step: 501
fnorm_average = 13.688889
fNonorm_average = 6.7444444
fitness normalized for norm 1 = 13.688889
fitness normalized for norm 2 = 6.7444444
Previous proportion norm 1 = 10.0
Previous proportion norm 2 = 90.0
New proportion fnorm 1 18.40179
New proportion fnorm 2 81.598206
Real Proportions... norm (N1) = 20 norm (No norm) = 80
equilibrium = 0

STEP RESUME
----------------------------
Step: 1001
fnorm_average = 10.6
fNonorm_average = 5.5
fitness normalized for norm 1 = 10.6
fitness normalized for norm 2 = 5.5
Previous proportion norm 1 = 20.0
Previous proportion norm 2 = 80.0
New proportion fnorm 1 32.51534
New proportion fnorm 2 67.484665
Real Proportions... norm (N1) = 27 norm (No norm) = 73
equilibrium = 0

STEP RESUME
----------------------------
Step: 1501
fnorm_average = 9.939117
fNonorm_average = 5.191781
fitness normalized for norm 1 = 9.939117
fitness normalized for norm 2 = 5.191781
Previous proportion norm 1 = 27.0
Previous proportion norm 2 = 73.0
New proportion fnorm 1 41.454174
New proportion fnorm 2 58.54583
Real Proportions... norm (N1) = 39 norm (No norm) = 61
equilibrium = 0

STEP RESUME
----------------------------
Step: 2001
fnorm_average = 6.0126104
fNonorm_average = 2.852459
fitness normalized for norm 1 = 6.0126104
fitness normalized for norm 2 = 2.852459
Previous proportion norm 1 = 39.0
Previous proportion norm 2 = 61.0
New proportion fnorm 1 57.404285
New proportion fnorm 2 42.59571
Real Proportions... norm (N1) = 62 norm (No norm) = 38
equilibrium = 0

STEP RESUME
----------------------------
Step: 2501
fnorm_average = 6.9940577
fNonorm_average = 2.2631578
fitness normalized for norm 1 = 6.9940577
fitness normalized for norm 2 = 2.2631578
Previous proportion norm 1 = 62.0
Previous proportion norm 2 = 38.0
New proportion fnorm 1 83.44981
New proportion fnorm 2 16.550186
Real Proportions... norm (N1) = 84 norm (No norm) = 16
equilibrium = 0

STEP RESUME
----------------------------
Step: 3001
fnorm_average = 8.726191
fNonorm_average = 2.375
fitness normalized for norm 1 = 8.726191
fitness normalized for norm 2 = 2.375
Previous proportion norm 1 = 84.0
Previous proportion norm 2 = 16.0
New proportion fnorm 1 95.071335
New proportion fnorm 2 4.928664
Real Proportions... norm (N1) = 93 norm (No norm) = 7
equilibrium = 0

STEP RESUME
----------------------------
Step: 3501
fnorm_average = 7.90169
fNonorm_average = 1.7142857
fitness normalized for norm 1 = 7.90169
fitness normalized for norm 2 = 1.7142857
Previous proportion norm 1 = 93.0
Previous proportion norm 2 = 7.0
New proportion fnorm 1 98.393265
New proportion fnorm 2 1.606733
Real Proportions... norm (N1) = 96 norm (No norm) = 4
equilibrium = 0

STEP RESUME
----------------------------
Step: 4001
fnorm_average = 12.114584
fNonorm_average = 3.75
fitness normalized for norm 1 = 12.114584
fitness normalized for norm 2 = 3.75
Previous proportion norm 1 = 96.0
Previous proportion norm 2 = 4.0
New proportion fnorm 1 98.726654
New proportion fnorm 2 1.2733446
Real Proportions... norm (N1) = 96 norm (No norm) = 4
equilibrium = 1

STEP RESUME
----------------------------
Step: 4501
fnorm_average = 12.114584
fNonorm_average = 3.75
fitness normalized for norm 1 = 12.114584
fitness normalized for norm 2 = 3.75
Previous proportion norm 1 = 96.0
Previous proportion norm 2 = 4.0
New proportion fnorm 1 98.726654
New proportion fnorm 2 1.2733446
Real Proportions... norm (N1) = 99 norm (No norm) = 1
equilibrium = 0

STEP RESUME
----------------------------
Step: 5001
fnorm_average = 6.939394
fNonorm_average = 1.0
fitness normalized for norm 1 = 6.939394
fitness normalized for norm 2 = 1.0
Previous proportion norm 1 = 99.0
Previous proportion norm 2 = 1.0
New proportion fnorm 1 99.85465
New proportion fnorm 2 0.14534883
Real Proportions... norm (N1) = 100 norm () = 0
equilibrium = 0
End of simulation
