
Starting simulation with random seed = 1432542404659

STEP RESUME
----------------------------
Step: 501
fnorm_average = 16.533333
fNonorm_average = 7.5666666
fitness normalized for norm 1 = 16.533333
fitness normalized for norm 2 = 7.5666666
Previous proportion norm 1 = 10.0
Previous proportion norm 2 = 90.0
New proportion fnorm 1 19.53525
New proportion fnorm 2 80.46475
Real Proportions... norm (N1) = 21 norm (No norm) = 79
equilibrium = 0

STEP RESUME
----------------------------
Step: 1001
fnorm_average = 11.026522
fNonorm_average = 5.822785
fitness normalized for norm 1 = 11.026522
fitness normalized for norm 2 = 5.822785
Previous proportion norm 1 = 21.0
Previous proportion norm 2 = 79.0
New proportion fnorm 1 33.48343
New proportion fnorm 2 66.51658
Real Proportions... norm (N1) = 24 norm (No norm) = 76
equilibrium = 0

STEP RESUME
----------------------------
Step: 1501
fnorm_average = 8.986842
fNonorm_average = 5.618421
fitness normalized for norm 1 = 8.986842
fitness normalized for norm 2 = 5.618421
Previous proportion norm 1 = 24.0
Previous proportion norm 2 = 76.0
New proportion fnorm 1 33.559902
New proportion fnorm 2 66.440094
Real Proportions... norm (N1) = 34 norm (No norm) = 66
equilibrium = 0

STEP RESUME
----------------------------
Step: 2001
fnorm_average = 11.4286995
fNonorm_average = 5.287879
fitness normalized for norm 1 = 11.4286995
fitness normalized for norm 2 = 5.287879
Previous proportion norm 1 = 34.0
Previous proportion norm 2 = 66.0
New proportion fnorm 1 52.682823
New proportion fnorm 2 47.31717
Real Proportions... norm (N1) = 53 norm (No norm) = 47
equilibrium = 0

STEP RESUME
----------------------------
Step: 2501
fnorm_average = 11.637495
fNonorm_average = 5.1489363
fitness normalized for norm 1 = 11.637495
fitness normalized for norm 2 = 5.1489363
Previous proportion norm 1 = 53.0
Previous proportion norm 2 = 47.0
New proportion fnorm 1 71.820724
New proportion fnorm 2 28.179274
Real Proportions... norm (N1) = 63 norm (No norm) = 37
equilibrium = 0

STEP RESUME
----------------------------
Step: 3001
fnorm_average = 11.217073
fNonorm_average = 4.3783784
fitness normalized for norm 1 = 11.217073
fitness normalized for norm 2 = 4.3783784
Previous proportion norm 1 = 63.0
Previous proportion norm 2 = 37.0
New proportion fnorm 1 81.35092
New proportion fnorm 2 18.649078
Real Proportions... norm (N1) = 81 norm (No norm) = 19
equilibrium = 0

STEP RESUME
----------------------------
Step: 3501
fnorm_average = 4.0987654
fNonorm_average = 0.0
fitness normalized for norm 1 = 4.0987654
fitness normalized for norm 2 = 0.0
Previous proportion norm 1 = 81.0
Previous proportion norm 2 = 19.0
New proportion fnorm 1 100.0
New proportion fnorm 2 0.0
Real Proportions... norm (N1) = 100 norm () = 0
equilibrium = 0
End of simulation
