
Starting simulation with random seed = 1432542391852

STEP RESUME
----------------------------
Step: 501
fnorm_average = 11.177777
fNonorm_average = 6.9888887
fitness normalized for norm 1 = 11.177777
fitness normalized for norm 2 = 6.9888887
Previous proportion norm 1 = 10.0
Previous proportion norm 2 = 90.0
New proportion fnorm 1 15.089245
New proportion fnorm 2 84.91076
Real Proportions... norm (N1) = 18 norm (No norm) = 82
equilibrium = 0

STEP RESUME
----------------------------
Step: 1001
fnorm_average = 11.506775
fNonorm_average = 5.47561
fitness normalized for norm 1 = 11.506775
fitness normalized for norm 2 = 5.47561
Previous proportion norm 1 = 18.0
Previous proportion norm 2 = 82.0
New proportion fnorm 1 31.5676
New proportion fnorm 2 68.4324
Real Proportions... norm (N1) = 42 norm (No norm) = 58
equilibrium = 0

STEP RESUME
----------------------------
Step: 1501
fnorm_average = 6.8579636
fNonorm_average = 3.1551723
fitness normalized for norm 1 = 6.8579636
fitness normalized for norm 2 = 3.1551723
Previous proportion norm 1 = 42.0
Previous proportion norm 2 = 58.0
New proportion fnorm 1 61.14934
New proportion fnorm 2 38.85066
Real Proportions... norm (N1) = 70 norm (No norm) = 30
equilibrium = 0

STEP RESUME
----------------------------
Step: 2001
fnorm_average = 9.266666
fNonorm_average = 3.1333334
fitness normalized for norm 1 = 9.266666
fitness normalized for norm 2 = 3.1333334
Previous proportion norm 1 = 70.0
Previous proportion norm 2 = 30.0
New proportion fnorm 1 87.3429
New proportion fnorm 2 12.657092
Real Proportions... norm (N1) = 90 norm (No norm) = 10
equilibrium = 0

STEP RESUME
----------------------------
Step: 2501
fnorm_average = 5.3777776
fNonorm_average = 0.5
fitness normalized for norm 1 = 5.3777776
fitness normalized for norm 2 = 0.5
Previous proportion norm 1 = 90.0
Previous proportion norm 2 = 10.0
New proportion fnorm 1 98.97751
New proportion fnorm 2 1.0224949
Real Proportions... norm (N1) = 96 norm (No norm) = 4
equilibrium = 0

STEP RESUME
----------------------------
Step: 3001
fnorm_average = 4.8854165
fNonorm_average = 2.0
fitness normalized for norm 1 = 4.8854165
fitness normalized for norm 2 = 2.0
Previous proportion norm 1 = 96.0
Previous proportion norm 2 = 4.0
New proportion fnorm 1 98.32285
New proportion fnorm 2 1.6771488
Real Proportions... norm (N1) = 98 norm (No norm) = 2
equilibrium = 0

STEP RESUME
----------------------------
Step: 3501
fnorm_average = 4.9387755
fNonorm_average = 2.5
fitness normalized for norm 1 = 4.9387755
fitness normalized for norm 2 = 2.5
Previous proportion norm 1 = 98.0
Previous proportion norm 2 = 2.0
New proportion fnorm 1 98.97751
New proportion fnorm 2 1.0224949
Real Proportions... norm (N1) = 97 norm (No norm) = 3
equilibrium = 0

STEP RESUME
----------------------------
Step: 4001
fnorm_average = 10.731958
fNonorm_average = 3.0
fitness normalized for norm 1 = 10.731958
fitness normalized for norm 2 = 3.0
Previous proportion norm 1 = 97.0
Previous proportion norm 2 = 3.0
New proportion fnorm 1 99.14285
New proportion fnorm 2 0.8571428
Real Proportions... norm (N1) = 100 norm () = 0
equilibrium = 0
End of simulation
