
Starting simulation with random seed = 1432542325596

STEP RESUME
----------------------------
Step: 501
fnorm_average = 17.422222
fNonorm_average = 7.111111
fitness normalized for norm 1 = 17.422222
fitness normalized for norm 2 = 7.111111
Previous proportion norm 1 = 10.0
Previous proportion norm 2 = 90.0
New proportion fnorm 1 21.39738
New proportion fnorm 2 78.602615
Real Proportions... norm (N1) = 17 norm (No norm) = 83
equilibrium = 0

STEP RESUME
----------------------------
Step: 1001
fnorm_average = 8.6087885
fNonorm_average = 4.686747
fitness normalized for norm 1 = 8.6087885
fitness normalized for norm 2 = 4.686747
Previous proportion norm 1 = 17.0
Previous proportion norm 2 = 83.0
New proportion fnorm 1 27.337175
New proportion fnorm 2 72.66283
Real Proportions... norm (N1) = 22 norm (No norm) = 78
equilibrium = 0

STEP RESUME
----------------------------
Step: 1501
fnorm_average = 10.576923
fNonorm_average = 5.5384617
fitness normalized for norm 1 = 10.576923
fitness normalized for norm 2 = 5.5384617
Previous proportion norm 1 = 22.0
Previous proportion norm 2 = 78.0
New proportion fnorm 1 35.007523
New proportion fnorm 2 64.99248
Real Proportions... norm (N1) = 41 norm (No norm) = 59
equilibrium = 0

STEP RESUME
----------------------------
Step: 2001
fnorm_average = 7.214138
fNonorm_average = 4.0338984
fitness normalized for norm 1 = 7.214138
fitness normalized for norm 2 = 4.0338984
Previous proportion norm 1 = 41.0
Previous proportion norm 2 = 59.0
New proportion fnorm 1 55.412315
New proportion fnorm 2 44.58769
Real Proportions... norm (N1) = 57 norm (No norm) = 43
equilibrium = 0

STEP RESUME
----------------------------
Step: 2501
fnorm_average = 6.9669523
fNonorm_average = 2.3255813
fitness normalized for norm 1 = 6.9669523
fitness normalized for norm 2 = 2.3255813
Previous proportion norm 1 = 57.0
Previous proportion norm 2 = 43.0
New proportion fnorm 1 79.88398
New proportion fnorm 2 20.116018
Real Proportions... norm (N1) = 77 norm (No norm) = 23
equilibrium = 0

STEP RESUME
----------------------------
Step: 3001
fnorm_average = 5.4935064
fNonorm_average = 1.0
fitness normalized for norm 1 = 5.4935064
fitness normalized for norm 2 = 1.0
Previous proportion norm 1 = 77.0
Previous proportion norm 2 = 23.0
New proportion fnorm 1 94.84305
New proportion fnorm 2 5.1569505
Real Proportions... norm (N1) = 96 norm (No norm) = 4
equilibrium = 0

STEP RESUME
----------------------------
Step: 3501
fnorm_average = 11.604166
fNonorm_average = 3.5
fitness normalized for norm 1 = 11.604166
fitness normalized for norm 2 = 3.5
Previous proportion norm 1 = 96.0
Previous proportion norm 2 = 4.0
New proportion fnorm 1 98.758865
New proportion fnorm 2 1.2411348
Real Proportions... norm (N1) = 97 norm (No norm) = 3
equilibrium = 0

STEP RESUME
----------------------------
Step: 4001
fnorm_average = 6.8247423
fNonorm_average = 1.0
fitness normalized for norm 1 = 6.8247423
fitness normalized for norm 2 = 1.0
Previous proportion norm 1 = 97.0
Previous proportion norm 2 = 3.0
New proportion fnorm 1 99.548874
New proportion fnorm 2 0.45112783
Real Proportions... norm (N1) = 98 norm (No norm) = 2
equilibrium = 0

STEP RESUME
----------------------------
Step: 4501
fnorm_average = 7.877551
fNonorm_average = 1.5
fitness normalized for norm 1 = 7.877551
fitness normalized for norm 2 = 1.5
Previous proportion norm 1 = 98.0
Previous proportion norm 2 = 2.0
New proportion fnorm 1 99.6129
New proportion fnorm 2 0.38709676
Real Proportions... norm (N1) = 100 norm () = 0
equilibrium = 0
End of simulation
